2024-10-23 14:54:45,153 - qm - INFO     - Starting session: 77cbb1a6-18ec-440c-aba5-5a9b10e34471
2024-10-23 14:54:47,953 - qm - INFO     - Octave "octave2" Health check passed, current temperature 60
2024-10-23 14:54:48,685 - qm - INFO     - Octave "octave3" Health check passed, current temperature 57
2024-10-23 14:54:49,495 - qm - INFO     - Octave "octave4" Health check passed, current temperature 58
2024-10-23 14:54:50,293 - qm - INFO     - Octave "octave5" Health check passed, current temperature 59
2024-10-23 14:54:51,098 - qm - INFO     - Octave "octave6" Health check passed, current temperature 58
2024-10-23 14:54:51,098 - qm - INFO     - Performing health check
2024-10-23 14:54:51,120 - qm - WARNING  - Health check warning: Inter-OPX connectivity issues in OPX: con1. Missing ports are: 12, 11, 10, 9. See QM-App for more info.
2024-10-23 14:54:51,120 - qm - WARNING  - Health check warning: Inter-OPX connectivity issues in OPX: con2. Missing ports are: 12, 11, 10, 9. See QM-App for more info.
2024-10-23 14:54:51,120 - qm - WARNING  - Health check warning: Inter-OPX connectivity issues in OPX: con3. Missing ports are: 12, 11, 10, 9. See QM-App for more info.
2024-10-23 14:54:51,120 - qm - WARNING  - Health check warning: Inter-OPX connectivity issues in OPX: con4. Missing ports are: 12, 11, 10, 9. See QM-App for more info.
2024-10-23 14:54:51,120 - qm - WARNING  - Health check warning: Inter-OPX connectivity issues in OPX: con5. Missing ports are: 12, 11, 10, 9. See QM-App for more info.
2024-10-23 14:54:51,120 - qm - WARNING  - Health check warning: Inter-OPX connectivity issues in OPX: con6. Missing ports are: 12, 11, 10, 9. See QM-App for more info.
2024-10-23 14:54:51,120 - qm - WARNING  - Health check warning: Inter-OPX connectivity issues in OPX: con7. Missing ports are: 12, 11, 10, 9. See QM-App for more info.
2024-10-23 14:54:51,120 - qm - WARNING  - Health check warning: Inter-OPX connectivity issues in OPX: con8. Missing ports are: 12, 11, 10, 9. See QM-App for more info.
2024-10-23 14:54:51,120 - qm - WARNING  - Health check warning: Inter-OPX connectivity issues in OPX: con9. Missing ports are: 12, 11, 10, 9. See QM-App for more info.
2024-10-23 14:54:51,120 - qm - INFO     - Health check passed
Connected to: Rohde&Schwarz SGS100A (serial:1416.0505k02/114167, firmware:4.2.76.0-4.30.046.295) in 0.18s
Connected to: Rohde&Schwarz SGS100A (serial:1416.0505k02/114164, firmware:4.2.76.0-4.30.046.295) in 0.14s
2024-10-23 14:54:53,952 - qm - INFO     - Sending program to QOP for compilation
2024-10-23 14:54:54,100 - qm - INFO     - Executing program
2024-10-23 14:54:57,483 - qm - INFO     - Sending program to QOP for compilation
2024-10-23 14:54:57,633 - qm - INFO     - Executing program
2024-10-23 14:55:00,877 - qm - INFO     - Sending program to QOP for compilation
2024-10-23 14:55:01,092 - qm - INFO     - Executing program
2024-10-23 14:55:04,321 - qm - INFO     - Sending program to QOP for compilation
2024-10-23 14:55:04,530 - qm - INFO     - Executing program
2024-10-23 14:55:07,773 - qm - INFO     - Sending program to QOP for compilation
2024-10-23 14:55:07,976 - qm - INFO     - Executing program
2024-10-23 14:55:11,217 - qm - INFO     - Sending program to QOP for compilation
2024-10-23 14:55:11,372 - qm - INFO     - Executing program
2024-10-23 14:55:14,661 - qm - INFO     - Sending program to QOP for compilation
2024-10-23 14:55:14,860 - qm - INFO     - Executing program
2024-10-23 14:55:18,106 - qm - INFO     - Sending program to QOP for compilation
2024-10-23 14:55:18,312 - qm - INFO     - Executing program
2024-10-23 14:55:21,549 - qm - INFO     - Sending program to QOP for compilation
2024-10-23 14:55:21,754 - qm - INFO     - Executing program
2024-10-23 14:55:24,992 - qm - INFO     - Sending program to QOP for compilation
2024-10-23 14:55:25,196 - qm - INFO     - Executing program
2024-10-23 14:55:28,442 - qm - INFO     - Sending program to QOP for compilation
2024-10-23 14:55:28,647 - qm - INFO     - Executing program
2024-10-23 14:55:31,883 - qm - INFO     - Sending program to QOP for compilation
2024-10-23 14:55:32,090 - qm - INFO     - Executing program
2024-10-23 14:55:35,328 - qm - INFO     - Sending program to QOP for compilation
2024-10-23 14:55:35,529 - qm - INFO     - Executing program
2024-10-23 14:55:38,759 - qm - INFO     - Sending program to QOP for compilation
2024-10-23 14:55:38,908 - qm - INFO     - Executing program
2024-10-23 14:55:42,205 - qm - INFO     - Sending program to QOP for compilation
2024-10-23 14:55:42,418 - qm - INFO     - Executing program
2024-10-23 14:55:45,645 - qm - INFO     - Sending program to QOP for compilation
2024-10-23 14:55:45,848 - qm - INFO     - Executing program
/nfs/users/elisa.stabilini/optimization/rb_optimization.py:82: RuntimeWarning: Method BFGS cannot handle bounds.
  res = minimize(objective, init_guess, args=(executor, target), method=method,

Total relaxation time: 10.10 sec

2024-10-23 14:55:51,101 - qm - INFO     - Sending program to QOP for compilation
2024-10-23 14:55:52,291 - qm - INFO     - Executing program
terminating objective call

Total relaxation time: 10.10 sec

2024-10-23 14:56:12,672 - qm - INFO     - Sending program to QOP for compilation
2024-10-23 14:56:14,183 - qm - INFO     - Executing program
terminating objective call

Total relaxation time: 10.10 sec

2024-10-23 14:56:34,182 - qm - INFO     - Sending program to QOP for compilation
2024-10-23 14:56:35,567 - qm - INFO     - Executing program
terminating objective call

Total relaxation time: 10.10 sec

2024-10-23 14:56:55,644 - qm - INFO     - Sending program to QOP for compilation
2024-10-23 14:56:57,024 - qm - INFO     - Executing program
terminating objective call

Total relaxation time: 10.10 sec

2024-10-23 14:57:16,638 - qm - ERROR    - CONFIG ERROR in key "waveforms.plus_i_D1" [waveforms.samplesAreValid] : Arbitrary waveform 'plus_i_D1' sample #11 (0.5395290977841313) is outside of the valid range ([-0.5, 0.5]).
2024-10-23 14:57:16,638 - qm - ERROR    - CONFIG ERROR in key "waveforms.plus_i_D1" [waveforms.samplesAreValid] : Arbitrary waveform 'plus_i_D1' sample #12 (0.6113665625386289) is outside of the valid range ([-0.5, 0.5]).
2024-10-23 14:57:16,638 - qm - ERROR    - CONFIG ERROR in key "waveforms.plus_i_D1" [waveforms.samplesAreValid] : Arbitrary waveform 'plus_i_D1' sample #13 (0.6820286856087042) is outside of the valid range ([-0.5, 0.5]).
2024-10-23 14:57:16,638 - qm - ERROR    - CONFIG ERROR in key "waveforms.plus_i_D1" [waveforms.samplesAreValid] : Arbitrary waveform 'plus_i_D1' sample #14 (0.7490619706677178) is outside of the valid range ([-0.5, 0.5]).
2024-10-23 14:57:16,638 - qm - ERROR    - CONFIG ERROR in key "waveforms.plus_i_D1" [waveforms.samplesAreValid] : Arbitrary waveform 'plus_i_D1' sample #15 (0.8099291040476334) is outside of the valid range ([-0.5, 0.5]).
2024-10-23 14:57:16,638 - qm - ERROR    - CONFIG ERROR in key "waveforms.plus_i_D1" [waveforms.samplesAreValid] : Arbitrary waveform 'plus_i_D1' sample #16 (0.8621650433750122) is outside of the valid range ([-0.5, 0.5]).
2024-10-23 14:57:16,638 - qm - ERROR    - CONFIG ERROR in key "waveforms.plus_i_D1" [waveforms.samplesAreValid] : Arbitrary waveform 'plus_i_D1' sample #17 (0.9035412077102927) is outside of the valid range ([-0.5, 0.5]).
2024-10-23 14:57:16,638 - qm - ERROR    - CONFIG ERROR in key "waveforms.plus_i_D1" [waveforms.samplesAreValid] : Arbitrary waveform 'plus_i_D1' sample #18 (0.9322226844588718) is outside of the valid range ([-0.5, 0.5]).
2024-10-23 14:57:16,638 - qm - ERROR    - CONFIG ERROR in key "waveforms.plus_i_D1" [waveforms.samplesAreValid] : Arbitrary waveform 'plus_i_D1' sample #19 (0.946903055631628) is outside of the valid range ([-0.5, 0.5]).
2024-10-23 14:57:16,638 - qm - ERROR    - CONFIG ERROR in key "waveforms.plus_i_D1" [waveforms.samplesAreValid] : Arbitrary waveform 'plus_i_D1' sample #20 (0.946903055631628) is outside of the valid range ([-0.5, 0.5]).
2024-10-23 14:57:16,638 - qm - ERROR    - CONFIG ERROR in key "waveforms.plus_i_D1" [waveforms.samplesAreValid] : Arbitrary waveform 'plus_i_D1' sample #21 (0.9322226844588718) is outside of the valid range ([-0.5, 0.5]).
2024-10-23 14:57:16,638 - qm - ERROR    - CONFIG ERROR in key "waveforms.plus_i_D1" [waveforms.samplesAreValid] : Arbitrary waveform 'plus_i_D1' sample #22 (0.9035412077102927) is outside of the valid range ([-0.5, 0.5]).
2024-10-23 14:57:16,638 - qm - ERROR    - CONFIG ERROR in key "waveforms.plus_i_D1" [waveforms.samplesAreValid] : Arbitrary waveform 'plus_i_D1' sample #23 (0.8621650433750122) is outside of the valid range ([-0.5, 0.5]).
2024-10-23 14:57:16,638 - qm - ERROR    - CONFIG ERROR in key "waveforms.plus_i_D1" [waveforms.samplesAreValid] : Arbitrary waveform 'plus_i_D1' sample #24 (0.8099291040476334) is outside of the valid range ([-0.5, 0.5]).
2024-10-23 14:57:16,638 - qm - ERROR    - CONFIG ERROR in key "waveforms.plus_i_D1" [waveforms.samplesAreValid] : Arbitrary waveform 'plus_i_D1' sample #25 (0.7490619706677178) is outside of the valid range ([-0.5, 0.5]).
2024-10-23 14:57:16,638 - qm - ERROR    - CONFIG ERROR in key "waveforms.plus_i_D1" [waveforms.samplesAreValid] : Arbitrary waveform 'plus_i_D1' sample #26 (0.6820286856087042) is outside of the valid range ([-0.5, 0.5]).
2024-10-23 14:57:16,638 - qm - ERROR    - CONFIG ERROR in key "waveforms.plus_i_D1" [waveforms.samplesAreValid] : Arbitrary waveform 'plus_i_D1' sample #27 (0.6113665625386289) is outside of the valid range ([-0.5, 0.5]).
2024-10-23 14:57:16,638 - qm - ERROR    - CONFIG ERROR in key "waveforms.plus_i_D1" [waveforms.samplesAreValid] : Arbitrary waveform 'plus_i_D1' sample #28 (0.5395290977841313) is outside of the valid range ([-0.5, 0.5]).
2024-10-23 14:57:16,638 - qm - ERROR    - CONFIG ERROR in key "waveforms.minus_i_D1" [waveforms.samplesAreValid] : Arbitrary waveform 'minus_i_D1' sample #11 (-0.5395290977841313) is outside of the valid range ([-0.5, 0.5]).
2024-10-23 14:57:16,638 - qm - ERROR    - CONFIG ERROR in key "waveforms.minus_i_D1" [waveforms.samplesAreValid] : Arbitrary waveform 'minus_i_D1' sample #12 (-0.6113665625386289) is outside of the valid range ([-0.5, 0.5]).
2024-10-23 14:57:16,638 - qm - ERROR    - CONFIG ERROR in key "waveforms.minus_i_D1" [waveforms.samplesAreValid] : Arbitrary waveform 'minus_i_D1' sample #13 (-0.6820286856087042) is outside of the valid range ([-0.5, 0.5]).
2024-10-23 14:57:16,638 - qm - ERROR    - CONFIG ERROR in key "waveforms.minus_i_D1" [waveforms.samplesAreValid] : Arbitrary waveform 'minus_i_D1' sample #14 (-0.7490619706677178) is outside of the valid range ([-0.5, 0.5]).
2024-10-23 14:57:16,638 - qm - ERROR    - CONFIG ERROR in key "waveforms.minus_i_D1" [waveforms.samplesAreValid] : Arbitrary waveform 'minus_i_D1' sample #15 (-0.8099291040476334) is outside of the valid range ([-0.5, 0.5]).
2024-10-23 14:57:16,638 - qm - ERROR    - CONFIG ERROR in key "waveforms.minus_i_D1" [waveforms.samplesAreValid] : Arbitrary waveform 'minus_i_D1' sample #16 (-0.8621650433750122) is outside of the valid range ([-0.5, 0.5]).
2024-10-23 14:57:16,638 - qm - ERROR    - CONFIG ERROR in key "waveforms.minus_i_D1" [waveforms.samplesAreValid] : Arbitrary waveform 'minus_i_D1' sample #17 (-0.9035412077102927) is outside of the valid range ([-0.5, 0.5]).
2024-10-23 14:57:16,638 - qm - ERROR    - CONFIG ERROR in key "waveforms.minus_i_D1" [waveforms.samplesAreValid] : Arbitrary waveform 'minus_i_D1' sample #18 (-0.9322226844588718) is outside of the valid range ([-0.5, 0.5]).
2024-10-23 14:57:16,638 - qm - ERROR    - CONFIG ERROR in key "waveforms.minus_i_D1" [waveforms.samplesAreValid] : Arbitrary waveform 'minus_i_D1' sample #19 (-0.946903055631628) is outside of the valid range ([-0.5, 0.5]).
2024-10-23 14:57:16,638 - qm - ERROR    - CONFIG ERROR in key "waveforms.minus_i_D1" [waveforms.samplesAreValid] : Arbitrary waveform 'minus_i_D1' sample #20 (-0.946903055631628) is outside of the valid range ([-0.5, 0.5]).
2024-10-23 14:57:16,638 - qm - ERROR    - CONFIG ERROR in key "waveforms.minus_i_D1" [waveforms.samplesAreValid] : Arbitrary waveform 'minus_i_D1' sample #21 (-0.9322226844588718) is outside of the valid range ([-0.5, 0.5]).
2024-10-23 14:57:16,638 - qm - ERROR    - CONFIG ERROR in key "waveforms.minus_i_D1" [waveforms.samplesAreValid] : Arbitrary waveform 'minus_i_D1' sample #22 (-0.9035412077102927) is outside of the valid range ([-0.5, 0.5]).
2024-10-23 14:57:16,638 - qm - ERROR    - CONFIG ERROR in key "waveforms.minus_i_D1" [waveforms.samplesAreValid] : Arbitrary waveform 'minus_i_D1' sample #23 (-0.8621650433750122) is outside of the valid range ([-0.5, 0.5]).
2024-10-23 14:57:16,638 - qm - ERROR    - CONFIG ERROR in key "waveforms.minus_i_D1" [waveforms.samplesAreValid] : Arbitrary waveform 'minus_i_D1' sample #24 (-0.8099291040476334) is outside of the valid range ([-0.5, 0.5]).
2024-10-23 14:57:16,638 - qm - ERROR    - CONFIG ERROR in key "waveforms.minus_i_D1" [waveforms.samplesAreValid] : Arbitrary waveform 'minus_i_D1' sample #25 (-0.7490619706677178) is outside of the valid range ([-0.5, 0.5]).
2024-10-23 14:57:16,638 - qm - ERROR    - CONFIG ERROR in key "waveforms.minus_i_D1" [waveforms.samplesAreValid] : Arbitrary waveform 'minus_i_D1' sample #26 (-0.6820286856087042) is outside of the valid range ([-0.5, 0.5]).
2024-10-23 14:57:16,638 - qm - ERROR    - CONFIG ERROR in key "waveforms.minus_i_D1" [waveforms.samplesAreValid] : Arbitrary waveform 'minus_i_D1' sample #27 (-0.6113665625386289) is outside of the valid range ([-0.5, 0.5]).
2024-10-23 14:57:16,638 - qm - ERROR    - CONFIG ERROR in key "waveforms.minus_i_D1" [waveforms.samplesAreValid] : Arbitrary waveform 'minus_i_D1' sample #28 (-0.5395290977841313) is outside of the valid range ([-0.5, 0.5]).
Traceback (most recent call last):
  File "/nfs/users/elisa.stabilini/optimization/D1_optimization.py", line 47, in <module>
    opt_results, optimization_history = rb_optimization(e, target, method, init_guess, bounds)
  File "/nfs/users/elisa.stabilini/optimization/rb_optimization.py", line 82, in rb_optimization
    res = minimize(objective, init_guess, args=(executor, target), method=method,
  File "/nfs/users/elisa.stabilini/calibration/lib/python3.10/site-packages/scipy/optimize/_minimize.py", line 726, in minimize
    res = _minimize_bfgs(fun, x0, args, jac, callback, **options)
  File "/nfs/users/elisa.stabilini/calibration/lib/python3.10/site-packages/scipy/optimize/_optimize.py", line 1397, in _minimize_bfgs
    _line_search_wolfe12(f, myfprime, xk, pk, gfk,
  File "/nfs/users/elisa.stabilini/calibration/lib/python3.10/site-packages/scipy/optimize/_optimize.py", line 1133, in _line_search_wolfe12
    ret = line_search_wolfe1(f, fprime, xk, pk, gfk,
  File "/nfs/users/elisa.stabilini/calibration/lib/python3.10/site-packages/scipy/optimize/_linesearch.py", line 93, in line_search_wolfe1
    stp, fval, old_fval = scalar_search_wolfe1(
  File "/nfs/users/elisa.stabilini/calibration/lib/python3.10/site-packages/scipy/optimize/_linesearch.py", line 170, in scalar_search_wolfe1
    stp, phi1, phi0, task = dcsrch(
  File "/nfs/users/elisa.stabilini/calibration/lib/python3.10/site-packages/scipy/optimize/_dcsrch.py", line 255, in __call__
    phi1 = self.phi(stp)
  File "/nfs/users/elisa.stabilini/calibration/lib/python3.10/site-packages/scipy/optimize/_linesearch.py", line 84, in phi
    return f(xk + s*pk, *args)
  File "/nfs/users/elisa.stabilini/calibration/lib/python3.10/site-packages/scipy/optimize/_differentiable_functions.py", line 325, in fun
    self._update_fun()
  File "/nfs/users/elisa.stabilini/calibration/lib/python3.10/site-packages/scipy/optimize/_differentiable_functions.py", line 294, in _update_fun
    fx = self._wrapped_fun(self.x)
  File "/nfs/users/elisa.stabilini/calibration/lib/python3.10/site-packages/scipy/optimize/_differentiable_functions.py", line 20, in wrapped
    fx = fun(np.copy(x), *args)
  File "/nfs/users/elisa.stabilini/optimization/rb_optimization.py", line 30, in objective
    rb_output = e.rb_ondevice(
  File "/nfs/users/elisa.stabilini/qibocal/src/qibocal/auto/execute.py", line 226, in wrapper
    return self.run_protocol(protocol, parameters=action, mode=mode)
  File "/nfs/users/elisa.stabilini/qibocal/src/qibocal/auto/execute.py", line 131, in run_protocol
    completed = task.run(platform=self.platform, targets=self.targets, mode=mode)
  File "/nfs/users/elisa.stabilini/qibocal/src/qibocal/auto/task.py", line 149, in run
    completed.data, completed.data_time = operation.acquisition(
  File "/nfs/users/elisa.stabilini/qibocal/src/qibocal/auto/operation.py", line 42, in wrapper
    out = func(*args, **kwds)
  File "/nfs/users/elisa.stabilini/qibocal/src/qibocal/protocols/qua/rb_ondevice.py", line 379, in _acquisition
    qm = qmm.open_qm(config)
  File "/nfs/users/elisa.stabilini/calibration/lib/python3.10/site-packages/qm/quantum_machines_manager.py", line 249, in open_qm
    machine_id = self._frontend.open_qm(loaded_config, close_other_machines)
  File "/nfs/users/elisa.stabilini/calibration/lib/python3.10/site-packages/qm/api/base_api.py", line 28, in wrapped
    return func(*args, **kwargs)
  File "/nfs/users/elisa.stabilini/calibration/lib/python3.10/site-packages/qm/api/frontend_api.py", line 129, in open_qm
    raise OpenQmException("Can not open QM. Please see previous errors", errors=errors)
qm.exceptions.OpenQmException: Can not open QM. Please see previous errors
