2024-10-17 19:54:13,465 - qm - INFO     - Starting session: 64c8afd2-88e6-4544-808c-ecc81836fe1a
2024-10-17 19:54:16,792 - qm - INFO     - Octave "octave2" Health check passed, current temperature 60
2024-10-17 19:54:18,206 - qm - INFO     - Octave "octave3" Health check passed, current temperature 57
2024-10-17 19:54:18,941 - qm - INFO     - Octave "octave4" Health check passed, current temperature 58
2024-10-17 19:54:19,672 - qm - INFO     - Octave "octave5" Health check passed, current temperature 59
2024-10-17 19:54:21,058 - qm - INFO     - Octave "octave6" Health check passed, current temperature 58
2024-10-17 19:54:21,058 - qm - INFO     - Performing health check
2024-10-17 19:54:21,077 - qm - WARNING  - Health check warning: Inter-OPX connectivity issues in OPX: con1. Missing ports are: 12, 11, 10, 9. See QM-App for more info.
2024-10-17 19:54:21,077 - qm - WARNING  - Health check warning: Inter-OPX connectivity issues in OPX: con2. Missing ports are: 12, 11, 10, 9. See QM-App for more info.
2024-10-17 19:54:21,077 - qm - WARNING  - Health check warning: Inter-OPX connectivity issues in OPX: con3. Missing ports are: 12, 11, 10, 9. See QM-App for more info.
2024-10-17 19:54:21,077 - qm - WARNING  - Health check warning: Inter-OPX connectivity issues in OPX: con4. Missing ports are: 12, 11, 10, 9. See QM-App for more info.
2024-10-17 19:54:21,077 - qm - WARNING  - Health check warning: Inter-OPX connectivity issues in OPX: con5. Missing ports are: 12, 11, 10, 9. See QM-App for more info.
2024-10-17 19:54:21,077 - qm - WARNING  - Health check warning: Inter-OPX connectivity issues in OPX: con6. Missing ports are: 12, 11, 10, 9. See QM-App for more info.
2024-10-17 19:54:21,077 - qm - WARNING  - Health check warning: Inter-OPX connectivity issues in OPX: con7. Missing ports are: 12, 11, 10, 9. See QM-App for more info.
2024-10-17 19:54:21,077 - qm - WARNING  - Health check warning: Inter-OPX connectivity issues in OPX: con8. Missing ports are: 12, 11, 10, 9. See QM-App for more info.
2024-10-17 19:54:21,077 - qm - WARNING  - Health check warning: Inter-OPX connectivity issues in OPX: con9. Missing ports are: 12, 11, 10, 9. See QM-App for more info.
2024-10-17 19:54:21,077 - qm - INFO     - Health check passed
Connected to: Rohde&Schwarz SGS100A (serial:1416.0505k02/114167, firmware:4.2.76.0-4.30.046.295) in 0.18s
Connected to: Rohde&Schwarz SGS100A (serial:1416.0505k02/114164, firmware:4.2.76.0-4.30.046.295) in 0.14s
2024-10-17 19:54:23,521 - qm - INFO     - Sending program to QOP for compilation
2024-10-17 19:54:23,736 - qm - INFO     - Executing program
2024-10-17 19:54:26,592 - qm - INFO     - Sending program to QOP for compilation
2024-10-17 19:54:26,740 - qm - INFO     - Executing program
2024-10-17 19:54:29,149 - qm - INFO     - Sending program to QOP for compilation
2024-10-17 19:54:29,292 - qm - INFO     - Executing program
2024-10-17 19:54:32,153 - qm - INFO     - Sending program to QOP for compilation
2024-10-17 19:54:32,296 - qm - INFO     - Executing program
2024-10-17 19:54:35,598 - qm - INFO     - Sending program to QOP for compilation
2024-10-17 19:54:35,807 - qm - INFO     - Executing program
2024-10-17 19:54:39,038 - qm - INFO     - Sending program to QOP for compilation
2024-10-17 19:54:39,247 - qm - INFO     - Executing program
2024-10-17 19:54:42,491 - qm - INFO     - Sending program to QOP for compilation
2024-10-17 19:54:42,696 - qm - INFO     - Executing program
2024-10-17 19:54:45,934 - qm - INFO     - Sending program to QOP for compilation
2024-10-17 19:54:46,081 - qm - INFO     - Executing program
2024-10-17 19:54:49,372 - qm - INFO     - Sending program to QOP for compilation
2024-10-17 19:54:49,585 - qm - INFO     - Executing program
2024-10-17 19:54:52,811 - qm - INFO     - Sending program to QOP for compilation
2024-10-17 19:54:52,964 - qm - INFO     - Executing program
2024-10-17 19:54:56,267 - qm - INFO     - Sending program to QOP for compilation
2024-10-17 19:54:56,481 - qm - INFO     - Executing program
2024-10-17 19:54:59,710 - qm - INFO     - Sending program to QOP for compilation
2024-10-17 19:54:59,934 - qm - INFO     - Executing program
2024-10-17 19:55:03,154 - qm - INFO     - Sending program to QOP for compilation
2024-10-17 19:55:03,364 - qm - INFO     - Executing program
2024-10-17 19:55:06,595 - qm - INFO     - Sending program to QOP for compilation
2024-10-17 19:55:06,753 - qm - INFO     - Executing program
2024-10-17 19:55:10,041 - qm - INFO     - Sending program to QOP for compilation
2024-10-17 19:55:10,257 - qm - INFO     - Executing program
2024-10-17 19:55:13,491 - qm - INFO     - Sending program to QOP for compilation
2024-10-17 19:55:13,649 - qm - INFO     - Executing program

Total relaxation time: 10.10 sec

2024-10-17 19:55:19,795 - qm - INFO     - Sending program to QOP for compilation
2024-10-17 19:55:21,305 - qm - INFO     - Executing program
terminating objective call

Total relaxation time: 10.10 sec

2024-10-17 19:55:40,679 - qm - INFO     - Sending program to QOP for compilation
2024-10-17 19:55:41,760 - qm - INFO     - Executing program
terminating objective call

Total relaxation time: 10.10 sec

2024-10-17 19:56:01,513 - qm - INFO     - Sending program to QOP for compilation
2024-10-17 19:56:02,611 - qm - INFO     - Executing program
terminating objective call

Total relaxation time: 10.10 sec

2024-10-17 19:56:22,311 - qm - INFO     - Sending program to QOP for compilation
2024-10-17 19:56:23,480 - qm - INFO     - Executing program
terminating objective call

Total relaxation time: 10.10 sec

2024-10-17 19:56:44,102 - qm - INFO     - Sending program to QOP for compilation
2024-10-17 19:56:45,524 - qm - INFO     - Executing program
terminating objective call

Total relaxation time: 10.10 sec

2024-10-17 19:57:04,734 - qm - INFO     - Sending program to QOP for compilation
2024-10-17 19:57:06,184 - qm - INFO     - Executing program
terminating objective call

Total relaxation time: 10.10 sec

2024-10-17 19:57:25,831 - qm - INFO     - Sending program to QOP for compilation
2024-10-17 19:57:26,956 - qm - INFO     - Executing program
terminating objective call
Completed iteration 1, objective value: 0.21091557559034854

Total relaxation time: 10.10 sec

2024-10-17 19:57:46,858 - qm - INFO     - Sending program to QOP for compilation
2024-10-17 19:57:48,354 - qm - INFO     - Executing program
terminating objective call

Total relaxation time: 10.10 sec

2024-10-17 19:58:07,937 - qm - INFO     - Sending program to QOP for compilation
2024-10-17 19:58:09,356 - qm - INFO     - Executing program
terminating objective call

Total relaxation time: 10.10 sec

2024-10-17 19:58:29,019 - qm - INFO     - Sending program to QOP for compilation
2024-10-17 19:58:30,400 - qm - INFO     - Executing program
terminating objective call

Total relaxation time: 10.10 sec

2024-10-17 19:58:50,000 - qm - INFO     - Sending program to QOP for compilation
2024-10-17 19:58:51,419 - qm - INFO     - Executing program
terminating objective call

Total relaxation time: 10.10 sec

2024-10-17 19:59:11,064 - qm - INFO     - Sending program to QOP for compilation
2024-10-17 19:59:12,536 - qm - INFO     - Executing program
terminating objective call

Total relaxation time: 10.10 sec

2024-10-17 19:59:32,072 - qm - INFO     - Sending program to QOP for compilation
2024-10-17 19:59:33,506 - qm - INFO     - Executing program
terminating objective call
Completed iteration 2, objective value: 0.20513861146439386

Total relaxation time: 10.10 sec

2024-10-17 19:59:53,142 - qm - INFO     - Sending program to QOP for compilation
2024-10-17 19:59:54,537 - qm - INFO     - Executing program
terminating objective call

Total relaxation time: 10.10 sec

2024-10-17 20:00:14,196 - qm - INFO     - Sending program to QOP for compilation
2024-10-17 20:00:15,675 - qm - INFO     - Executing program
terminating objective call

Total relaxation time: 10.10 sec

2024-10-17 20:00:35,220 - qm - INFO     - Sending program to QOP for compilation
2024-10-17 20:00:36,642 - qm - INFO     - Executing program
terminating objective call
Completed iteration 3, objective value: 0.2163775369061801

Total relaxation time: 10.10 sec

2024-10-17 20:00:56,242 - qm - INFO     - Sending program to QOP for compilation
2024-10-17 20:00:57,642 - qm - INFO     - Executing program
terminating objective call

Total relaxation time: 10.10 sec

2024-10-17 20:01:17,391 - qm - INFO     - Sending program to QOP for compilation
2024-10-17 20:01:18,487 - qm - INFO     - Executing program
terminating objective call

Total relaxation time: 10.10 sec

2024-10-17 20:01:38,394 - qm - INFO     - Sending program to QOP for compilation
2024-10-17 20:01:39,866 - qm - INFO     - Executing program
terminating objective call
Completed iteration 4, objective value: 0.029103439974518874

Total relaxation time: 10.10 sec

2024-10-17 20:01:59,420 - qm - INFO     - Sending program to QOP for compilation
2024-10-17 20:02:00,838 - qm - INFO     - Executing program
terminating objective call

Total relaxation time: 10.10 sec

2024-10-17 20:02:20,579 - qm - INFO     - Sending program to QOP for compilation
2024-10-17 20:02:21,977 - qm - INFO     - Executing program
terminating objective call

Total relaxation time: 10.10 sec

2024-10-17 20:02:41,580 - qm - INFO     - Sending program to QOP for compilation
2024-10-17 20:02:42,993 - qm - INFO     - Executing program
terminating objective call

Total relaxation time: 10.10 sec

2024-10-17 20:03:02,606 - qm - INFO     - Sending program to QOP for compilation
2024-10-17 20:03:04,114 - qm - INFO     - Executing program
terminating objective call

Total relaxation time: 10.10 sec

2024-10-17 20:03:23,647 - qm - INFO     - Sending program to QOP for compilation
2024-10-17 20:03:25,105 - qm - INFO     - Executing program
terminating objective call

Total relaxation time: 10.10 sec

2024-10-17 20:03:44,708 - qm - INFO     - Sending program to QOP for compilation
2024-10-17 20:03:45,805 - qm - INFO     - Executing program
terminating objective call
Completed iteration 5, objective value: 0.20942564373981465

Total relaxation time: 10.10 sec

2024-10-17 20:04:05,799 - qm - INFO     - Sending program to QOP for compilation
2024-10-17 20:04:07,247 - qm - INFO     - Executing program
terminating objective call

Total relaxation time: 10.10 sec

2024-10-17 20:04:26,818 - qm - INFO     - Sending program to QOP for compilation
2024-10-17 20:04:28,283 - qm - INFO     - Executing program
terminating objective call

Total relaxation time: 10.10 sec

2024-10-17 20:04:47,872 - qm - INFO     - Sending program to QOP for compilation
2024-10-17 20:04:49,264 - qm - INFO     - Executing program
terminating objective call
Completed iteration 6, objective value: 0.0037207321667695583

Total relaxation time: 10.10 sec

2024-10-17 20:05:08,946 - qm - INFO     - Sending program to QOP for compilation
2024-10-17 20:05:10,351 - qm - INFO     - Executing program
terminating objective call

Total relaxation time: 10.10 sec

2024-10-17 20:05:29,970 - qm - INFO     - Sending program to QOP for compilation
2024-10-17 20:05:31,405 - qm - INFO     - Executing program
terminating objective call

Total relaxation time: 10.10 sec

2024-10-17 20:05:50,982 - qm - INFO     - Sending program to QOP for compilation
2024-10-17 20:05:52,354 - qm - INFO     - Executing program
/nfs/users/elisa.stabilini/qibocal/src/qibocal/protocols/qua/utils.py:29: RuntimeWarning: overflow encountered in power
  return a * (p**power) + b
terminating objective call
Completed iteration 7, objective value: 0.019009652603221648

Total relaxation time: 10.10 sec

2024-10-17 20:06:12,010 - qm - INFO     - Sending program to QOP for compilation
2024-10-17 20:06:13,435 - qm - INFO     - Executing program
terminating objective call

Total relaxation time: 10.10 sec

2024-10-17 20:06:33,066 - qm - INFO     - Sending program to QOP for compilation
2024-10-17 20:06:34,523 - qm - INFO     - Executing program
terminating objective call

Total relaxation time: 10.10 sec

2024-10-17 20:06:54,097 - qm - INFO     - Sending program to QOP for compilation
2024-10-17 20:06:55,556 - qm - INFO     - Executing program
terminating objective call

Total relaxation time: 10.10 sec

2024-10-17 20:07:15,144 - qm - INFO     - Sending program to QOP for compilation
2024-10-17 20:07:16,611 - qm - INFO     - Executing program
terminating objective call

Total relaxation time: 10.10 sec

2024-10-17 20:07:36,166 - qm - INFO     - Sending program to QOP for compilation
2024-10-17 20:07:37,590 - qm - INFO     - Executing program
terminating objective call

Total relaxation time: 10.10 sec

2024-10-17 20:07:57,290 - qm - INFO     - Sending program to QOP for compilation
2024-10-17 20:07:58,733 - qm - INFO     - Executing program
terminating objective call
Completed iteration 8, objective value: 0.06861318519092281

Total relaxation time: 10.10 sec

2024-10-17 20:08:18,281 - qm - INFO     - Sending program to QOP for compilation
2024-10-17 20:08:19,708 - qm - INFO     - Executing program
terminating objective call

Total relaxation time: 10.10 sec

2024-10-17 20:08:39,326 - qm - INFO     - Sending program to QOP for compilation
2024-10-17 20:08:40,704 - qm - INFO     - Executing program
terminating objective call
Completed iteration 9, objective value: 0.02031402209742019

Total relaxation time: 10.10 sec

2024-10-17 20:09:00,406 - qm - INFO     - Sending program to QOP for compilation
2024-10-17 20:09:01,902 - qm - INFO     - Executing program
terminating objective call

Total relaxation time: 10.10 sec

2024-10-17 20:09:21,413 - qm - INFO     - Sending program to QOP for compilation
2024-10-17 20:09:22,845 - qm - INFO     - Executing program
terminating objective call

Total relaxation time: 10.10 sec

2024-10-17 20:09:42,440 - qm - INFO     - Sending program to QOP for compilation
2024-10-17 20:09:43,827 - qm - INFO     - Executing program
terminating objective call
Completed iteration 10, objective value: 0.2117158900555685

Total relaxation time: 10.10 sec

2024-10-17 20:10:03,463 - qm - INFO     - Sending program to QOP for compilation
2024-10-17 20:10:04,855 - qm - INFO     - Executing program
/nfs/users/elisa.stabilini/qibocal/src/qibocal/protocols/qua/utils.py:29: RuntimeWarning: overflow encountered in power
  return a * (p**power) + b
/nfs/users/elisa.stabilini/calibration/lib/python3.10/site-packages/scipy/optimize/_minpack_py.py:544: RuntimeWarning: overflow encountered in multiply
  return transform * (func(xdata, *params) - ydata)
terminating objective call

Total relaxation time: 10.10 sec

2024-10-17 20:10:24,529 - qm - INFO     - Sending program to QOP for compilation
2024-10-17 20:10:25,916 - qm - INFO     - Executing program
terminating objective call

Total relaxation time: 10.10 sec

2024-10-17 20:10:45,590 - qm - INFO     - Sending program to QOP for compilation
2024-10-17 20:10:47,032 - qm - INFO     - Executing program
terminating objective call
Completed iteration 11, objective value: 0.02515751760778689

Total relaxation time: 10.10 sec

2024-10-17 20:11:06,630 - qm - INFO     - Sending program to QOP for compilation
2024-10-17 20:11:07,992 - qm - INFO     - Executing program
terminating objective call

Total relaxation time: 10.10 sec

2024-10-17 20:11:27,665 - qm - INFO     - Sending program to QOP for compilation
2024-10-17 20:11:29,118 - qm - INFO     - Executing program
terminating objective call

Total relaxation time: 10.10 sec

2024-10-17 20:11:48,800 - qm - INFO     - Sending program to QOP for compilation
2024-10-17 20:11:50,215 - qm - INFO     - Executing program
terminating objective call
Completed iteration 12, objective value: 0.03778299012953206

Total relaxation time: 10.10 sec

2024-10-17 20:12:09,757 - qm - INFO     - Sending program to QOP for compilation
2024-10-17 20:12:11,156 - qm - INFO     - Executing program
terminating objective call

Total relaxation time: 10.10 sec

2024-10-17 20:12:30,804 - qm - INFO     - Sending program to QOP for compilation
2024-10-17 20:12:32,241 - qm - INFO     - Executing program
terminating objective call

Total relaxation time: 10.10 sec

2024-10-17 20:12:51,927 - qm - INFO     - Sending program to QOP for compilation
2024-10-17 20:12:53,398 - qm - INFO     - Executing program
terminating objective call
Completed iteration 13, objective value: 0.1957656233027149

Total relaxation time: 10.10 sec

2024-10-17 20:13:12,919 - qm - INFO     - Sending program to QOP for compilation
2024-10-17 20:13:14,355 - qm - INFO     - Executing program
terminating objective call

Total relaxation time: 10.10 sec

2024-10-17 20:13:33,925 - qm - INFO     - Sending program to QOP for compilation
2024-10-17 20:13:35,346 - qm - INFO     - Executing program
terminating objective call

Total relaxation time: 10.10 sec

2024-10-17 20:13:54,939 - qm - INFO     - Sending program to QOP for compilation
2024-10-17 20:13:56,296 - qm - INFO     - Executing program
terminating objective call

Total relaxation time: 10.10 sec

2024-10-17 20:14:15,966 - qm - INFO     - Sending program to QOP for compilation
2024-10-17 20:14:17,417 - qm - INFO     - Executing program
terminating objective call

Total relaxation time: 10.10 sec

2024-10-17 20:14:37,064 - qm - INFO     - Sending program to QOP for compilation
2024-10-17 20:14:38,625 - qm - INFO     - Executing program
terminating objective call

Total relaxation time: 10.10 sec

2024-10-17 20:14:58,115 - qm - INFO     - Sending program to QOP for compilation
2024-10-17 20:14:59,466 - qm - INFO     - Executing program
/nfs/users/elisa.stabilini/qibocal/src/qibocal/protocols/qua/utils.py:29: RuntimeWarning: overflow encountered in power
  return a * (p**power) + b
terminating objective call
Completed iteration 14, objective value: 0.01729303132447087

Total relaxation time: 10.10 sec

2024-10-17 20:15:19,107 - qm - INFO     - Sending program to QOP for compilation
2024-10-17 20:15:20,557 - qm - INFO     - Executing program
terminating objective call

Total relaxation time: 10.10 sec

2024-10-17 20:15:40,538 - qm - INFO     - Sending program to QOP for compilation
2024-10-17 20:15:41,946 - qm - INFO     - Executing program
terminating objective call

Total relaxation time: 10.10 sec

2024-10-17 20:16:01,223 - qm - INFO     - Sending program to QOP for compilation
2024-10-17 20:16:02,655 - qm - INFO     - Executing program
terminating objective call
Completed iteration 15, objective value: 0.18803343499792494

Total relaxation time: 10.10 sec

2024-10-17 20:16:22,232 - qm - INFO     - Sending program to QOP for compilation
2024-10-17 20:16:23,689 - qm - INFO     - Executing program
terminating objective call

Total relaxation time: 10.10 sec

2024-10-17 20:16:43,342 - qm - INFO     - Sending program to QOP for compilation
2024-10-17 20:16:44,736 - qm - INFO     - Executing program
terminating objective call

Total relaxation time: 10.10 sec

2024-10-17 20:17:04,652 - qm - INFO     - Sending program to QOP for compilation
2024-10-17 20:17:06,038 - qm - INFO     - Executing program
terminating objective call

Total relaxation time: 10.10 sec

2024-10-17 20:17:25,404 - qm - INFO     - Sending program to QOP for compilation
2024-10-17 20:17:26,508 - qm - INFO     - Executing program
terminating objective call

Total relaxation time: 10.10 sec

2024-10-17 20:17:46,395 - qm - INFO     - Sending program to QOP for compilation
2024-10-17 20:17:47,753 - qm - INFO     - Executing program
terminating objective call

Total relaxation time: 10.10 sec

2024-10-17 20:18:07,427 - qm - INFO     - Sending program to QOP for compilation
2024-10-17 20:18:08,853 - qm - INFO     - Executing program
terminating objective call
Completed iteration 16, objective value: 0.034451449420055

Total relaxation time: 10.10 sec

2024-10-17 20:18:28,804 - qm - INFO     - Sending program to QOP for compilation
2024-10-17 20:18:30,253 - qm - INFO     - Executing program
terminating objective call

Total relaxation time: 10.10 sec

2024-10-17 20:18:49,572 - qm - INFO     - Sending program to QOP for compilation
2024-10-17 20:18:50,682 - qm - INFO     - Executing program
terminating objective call
Completed iteration 17, objective value: 0.00733810659916904

Total relaxation time: 10.10 sec

2024-10-17 20:19:10,573 - qm - INFO     - Sending program to QOP for compilation
2024-10-17 20:19:11,961 - qm - INFO     - Executing program
terminating objective call

Total relaxation time: 10.10 sec

2024-10-17 20:19:31,698 - qm - INFO     - Sending program to QOP for compilation
2024-10-17 20:19:33,116 - qm - INFO     - Executing program
terminating objective call

Total relaxation time: 10.10 sec

2024-10-17 20:19:52,682 - qm - INFO     - Sending program to QOP for compilation
2024-10-17 20:19:54,086 - qm - INFO     - Executing program
terminating objective call
Completed iteration 18, objective value: 0.19703472130052604

Total relaxation time: 10.10 sec

2024-10-17 20:20:13,729 - qm - INFO     - Sending program to QOP for compilation
2024-10-17 20:20:15,176 - qm - INFO     - Executing program
terminating objective call

Total relaxation time: 10.10 sec

2024-10-17 20:20:35,172 - qm - INFO     - Sending program to QOP for compilation
2024-10-17 20:20:36,536 - qm - INFO     - Executing program
terminating objective call

Total relaxation time: 10.10 sec

2024-10-17 20:20:55,825 - qm - INFO     - Sending program to QOP for compilation
2024-10-17 20:20:57,233 - qm - INFO     - Executing program
terminating objective call
Completed iteration 19, objective value: 0.20669624028679323

Total relaxation time: 10.10 sec

2024-10-17 20:21:16,863 - qm - INFO     - Sending program to QOP for compilation
2024-10-17 20:21:18,324 - qm - INFO     - Executing program
terminating objective call

Total relaxation time: 10.10 sec

2024-10-17 20:21:37,929 - qm - INFO     - Sending program to QOP for compilation
2024-10-17 20:21:39,334 - qm - INFO     - Executing program
terminating objective call
Completed iteration 20, objective value: 0.016099364419762806

Total relaxation time: 10.10 sec

2024-10-17 20:21:58,990 - qm - INFO     - Sending program to QOP for compilation
2024-10-17 20:22:00,446 - qm - INFO     - Executing program
terminating objective call

Total relaxation time: 10.10 sec

2024-10-17 20:22:20,019 - qm - INFO     - Sending program to QOP for compilation
2024-10-17 20:22:21,529 - qm - INFO     - Executing program
terminating objective call

Total relaxation time: 10.10 sec

2024-10-17 20:22:41,074 - qm - INFO     - Sending program to QOP for compilation
2024-10-17 20:22:42,500 - qm - INFO     - Executing program
terminating objective call

Total relaxation time: 10.10 sec

2024-10-17 20:23:02,093 - qm - INFO     - Sending program to QOP for compilation
2024-10-17 20:23:03,516 - qm - INFO     - Executing program
terminating objective call

Total relaxation time: 10.10 sec

2024-10-17 20:23:23,190 - qm - INFO     - Sending program to QOP for compilation
2024-10-17 20:23:24,638 - qm - INFO     - Executing program
terminating objective call

Total relaxation time: 10.10 sec

2024-10-17 20:23:44,175 - qm - INFO     - Sending program to QOP for compilation
2024-10-17 20:23:45,587 - qm - INFO     - Executing program
terminating objective call
Completed iteration 21, objective value: 0.04623203168091508

Total relaxation time: 10.10 sec

2024-10-17 20:24:05,182 - qm - INFO     - Sending program to QOP for compilation
2024-10-17 20:24:06,626 - qm - INFO     - Executing program
terminating objective call

Total relaxation time: 10.10 sec

2024-10-17 20:24:26,311 - qm - INFO     - Sending program to QOP for compilation
2024-10-17 20:24:27,707 - qm - INFO     - Executing program
terminating objective call
Completed iteration 22, objective value: 0.19237751204157974

Total relaxation time: 10.10 sec

2024-10-17 20:24:47,290 - qm - INFO     - Sending program to QOP for compilation
2024-10-17 20:24:48,641 - qm - INFO     - Executing program
terminating objective call

Total relaxation time: 10.10 sec

2024-10-17 20:25:08,365 - qm - INFO     - Sending program to QOP for compilation
2024-10-17 20:25:09,468 - qm - INFO     - Executing program
terminating objective call
Completed iteration 23, objective value: 0.03964683493233598

Total relaxation time: 10.10 sec

2024-10-17 20:25:29,469 - qm - INFO     - Sending program to QOP for compilation
2024-10-17 20:25:30,879 - qm - INFO     - Executing program
terminating objective call

Total relaxation time: 10.10 sec

2024-10-17 20:25:50,450 - qm - INFO     - Sending program to QOP for compilation
2024-10-17 20:25:51,554 - qm - INFO     - Executing program
terminating objective call
Completed iteration 24, objective value: 0.0009880007559450435

Total relaxation time: 10.10 sec

2024-10-17 20:26:11,468 - qm - INFO     - Sending program to QOP for compilation
2024-10-17 20:26:12,870 - qm - INFO     - Executing program
/nfs/users/elisa.stabilini/qibocal/src/qibocal/protocols/qua/utils.py:29: RuntimeWarning: overflow encountered in power
  return a * (p**power) + b
terminating objective call

Total relaxation time: 10.10 sec

2024-10-17 20:26:32,517 - qm - INFO     - Sending program to QOP for compilation
2024-10-17 20:26:33,950 - qm - INFO     - Executing program
terminating objective call
Completed iteration 25, objective value: 0.20452561484376564

Total relaxation time: 10.10 sec

2024-10-17 20:26:53,587 - qm - INFO     - Sending program to QOP for compilation
2024-10-17 20:26:54,996 - qm - INFO     - Executing program
terminating objective call

Total relaxation time: 10.10 sec

2024-10-17 20:27:14,576 - qm - INFO     - Sending program to QOP for compilation
2024-10-17 20:27:16,060 - qm - INFO     - Executing program
terminating objective call

Total relaxation time: 10.10 sec

2024-10-17 20:27:35,622 - qm - INFO     - Sending program to QOP for compilation
2024-10-17 20:27:37,005 - qm - INFO     - Executing program
terminating objective call

Total relaxation time: 10.10 sec

2024-10-17 20:27:56,670 - qm - INFO     - Sending program to QOP for compilation
2024-10-17 20:27:58,060 - qm - INFO     - Executing program
terminating objective call

Total relaxation time: 10.10 sec

2024-10-17 20:28:17,782 - qm - INFO     - Sending program to QOP for compilation
2024-10-17 20:28:19,165 - qm - INFO     - Executing program
terminating objective call

Total relaxation time: 10.10 sec

2024-10-17 20:28:38,761 - qm - INFO     - Sending program to QOP for compilation
2024-10-17 20:28:40,181 - qm - INFO     - Executing program
terminating objective call
Completed iteration 26, objective value: 0.21181873104070903

Total relaxation time: 10.10 sec

2024-10-17 20:28:59,792 - qm - INFO     - Sending program to QOP for compilation
2024-10-17 20:29:01,193 - qm - INFO     - Executing program
terminating objective call

Total relaxation time: 10.10 sec

2024-10-17 20:29:20,916 - qm - INFO     - Sending program to QOP for compilation
2024-10-17 20:29:22,359 - qm - INFO     - Executing program
terminating objective call

Total relaxation time: 10.10 sec

2024-10-17 20:29:41,861 - qm - INFO     - Sending program to QOP for compilation
2024-10-17 20:29:43,302 - qm - INFO     - Executing program
terminating objective call

Total relaxation time: 10.10 sec

2024-10-17 20:30:02,911 - qm - INFO     - Sending program to QOP for compilation
2024-10-17 20:30:04,263 - qm - INFO     - Executing program
terminating objective call

Total relaxation time: 10.10 sec

2024-10-17 20:30:23,949 - qm - INFO     - Sending program to QOP for compilation
2024-10-17 20:30:25,359 - qm - INFO     - Executing program
terminating objective call

Total relaxation time: 10.10 sec

2024-10-17 20:30:45,012 - qm - INFO     - Sending program to QOP for compilation
2024-10-17 20:30:46,412 - qm - INFO     - Executing program
terminating objective call
Completed iteration 27, objective value: 0.08654720956217563

Total relaxation time: 10.10 sec

2024-10-17 20:31:06,069 - qm - INFO     - Sending program to QOP for compilation
2024-10-17 20:31:07,519 - qm - INFO     - Executing program
terminating objective call

Total relaxation time: 10.10 sec

2024-10-17 20:31:27,114 - qm - INFO     - Sending program to QOP for compilation
2024-10-17 20:31:28,558 - qm - INFO     - Executing program
terminating objective call
Completed iteration 28, objective value: 0.0428907261700048

Total relaxation time: 10.10 sec

2024-10-17 20:31:48,497 - qm - INFO     - Sending program to QOP for compilation
2024-10-17 20:31:49,929 - qm - INFO     - Executing program
terminating objective call

Total relaxation time: 10.10 sec

2024-10-17 20:32:09,246 - qm - INFO     - Sending program to QOP for compilation
2024-10-17 20:32:10,668 - qm - INFO     - Executing program
terminating objective call

Total relaxation time: 10.10 sec

2024-10-17 20:32:30,551 - qm - INFO     - Sending program to QOP for compilation
2024-10-17 20:32:32,087 - qm - INFO     - Executing program
/nfs/users/elisa.stabilini/qibocal/src/qibocal/protocols/qua/rb_ondevice.py:550: RuntimeWarning:

More than 20 figures have been opened. Figures created through the pyplot interface (`matplotlib.pyplot.figure`) are retained until explicitly closed and may consume too much memory. (To control this warning, see the rcParam `figure.max_open_warning`). Consider using `matplotlib.pyplot.close()`.

/nfs/users/elisa.stabilini/qibocal/src/qibocal/protocols/qua/utils.py:29: RuntimeWarning:

invalid value encountered in power

terminating objective call
Completed iteration 29, objective value: 0.07645847514979653
Elapsed time: 2334.5403215885162 seconds
