2024-10-24 09:08:25,722 - qm - INFO     - Starting session: ad8d252b-5944-46df-9015-4a7fcf541575
2024-10-24 09:08:28,733 - qm - INFO     - Octave "octave2" Health check passed, current temperature 60
2024-10-24 09:08:29,471 - qm - INFO     - Octave "octave3" Health check passed, current temperature 57
2024-10-24 09:08:30,204 - qm - INFO     - Octave "octave4" Health check passed, current temperature 58
2024-10-24 09:08:30,935 - qm - INFO     - Octave "octave5" Health check passed, current temperature 59
2024-10-24 09:08:31,666 - qm - INFO     - Octave "octave6" Health check passed, current temperature 58
2024-10-24 09:08:31,666 - qm - INFO     - Performing health check
2024-10-24 09:08:31,687 - qm - WARNING  - Health check warning: Inter-OPX connectivity issues in OPX: con1. Missing ports are: 12, 11, 10, 9. See QM-App for more info.
2024-10-24 09:08:31,687 - qm - WARNING  - Health check warning: Inter-OPX connectivity issues in OPX: con2. Missing ports are: 12, 11, 10, 9. See QM-App for more info.
2024-10-24 09:08:31,687 - qm - WARNING  - Health check warning: Inter-OPX connectivity issues in OPX: con3. Missing ports are: 12, 11, 10, 9. See QM-App for more info.
2024-10-24 09:08:31,687 - qm - WARNING  - Health check warning: Inter-OPX connectivity issues in OPX: con4. Missing ports are: 12, 11, 10, 9. See QM-App for more info.
2024-10-24 09:08:31,687 - qm - WARNING  - Health check warning: Inter-OPX connectivity issues in OPX: con5. Missing ports are: 12, 11, 10, 9. See QM-App for more info.
2024-10-24 09:08:31,687 - qm - WARNING  - Health check warning: Inter-OPX connectivity issues in OPX: con6. Missing ports are: 12, 11, 10, 9. See QM-App for more info.
2024-10-24 09:08:31,687 - qm - WARNING  - Health check warning: Inter-OPX connectivity issues in OPX: con7. Missing ports are: 12, 11, 10, 9. See QM-App for more info.
2024-10-24 09:08:31,687 - qm - WARNING  - Health check warning: Inter-OPX connectivity issues in OPX: con8. Missing ports are: 12, 11, 10, 9. See QM-App for more info.
2024-10-24 09:08:31,687 - qm - WARNING  - Health check warning: Inter-OPX connectivity issues in OPX: con9. Missing ports are: 12, 11, 10, 9. See QM-App for more info.
2024-10-24 09:08:31,687 - qm - INFO     - Health check passed
Connected to: Rohde&Schwarz SGS100A (serial:1416.0505k02/114167, firmware:4.2.76.0-4.30.046.295) in 0.18s
Connected to: Rohde&Schwarz SGS100A (serial:1416.0505k02/114164, firmware:4.2.76.0-4.30.046.295) in 0.14s
2024-10-24 09:08:34,230 - qm - INFO     - Sending program to QOP for compilation
2024-10-24 09:08:34,450 - qm - INFO     - Executing program
2024-10-24 09:08:37,284 - qm - INFO     - Sending program to QOP for compilation
2024-10-24 09:08:37,561 - qm - INFO     - Executing program
2024-10-24 09:08:40,382 - qm - INFO     - Sending program to QOP for compilation
2024-10-24 09:08:40,531 - qm - INFO     - Executing program
2024-10-24 09:08:43,230 - qm - INFO     - Sending program to QOP for compilation
2024-10-24 09:08:43,457 - qm - INFO     - Executing program
2024-10-24 09:08:45,920 - qm - INFO     - Sending program to QOP for compilation
2024-10-24 09:08:46,144 - qm - INFO     - Executing program
2024-10-24 09:08:48,487 - qm - INFO     - Sending program to QOP for compilation
2024-10-24 09:08:48,636 - qm - INFO     - Executing program
2024-10-24 09:08:51,201 - qm - INFO     - Sending program to QOP for compilation
2024-10-24 09:08:51,353 - qm - INFO     - Executing program
2024-10-24 09:08:53,792 - qm - INFO     - Sending program to QOP for compilation
2024-10-24 09:08:54,002 - qm - INFO     - Executing program
2024-10-24 09:08:56,489 - qm - INFO     - Sending program to QOP for compilation
2024-10-24 09:08:56,721 - qm - INFO     - Executing program
2024-10-24 09:08:59,271 - qm - INFO     - Sending program to QOP for compilation
2024-10-24 09:08:59,488 - qm - INFO     - Executing program
2024-10-24 09:09:01,645 - qm - INFO     - Sending program to QOP for compilation
2024-10-24 09:09:01,803 - qm - INFO     - Executing program
2024-10-24 09:09:04,535 - qm - INFO     - Sending program to QOP for compilation
2024-10-24 09:09:04,746 - qm - INFO     - Executing program
2024-10-24 09:09:06,810 - qm - INFO     - Sending program to QOP for compilation
2024-10-24 09:09:07,019 - qm - INFO     - Executing program
2024-10-24 09:09:09,673 - qm - INFO     - Sending program to QOP for compilation
2024-10-24 09:09:09,877 - qm - INFO     - Executing program
2024-10-24 09:09:12,093 - qm - INFO     - Sending program to QOP for compilation
2024-10-24 09:09:12,315 - qm - INFO     - Executing program
2024-10-24 09:09:15,064 - qm - INFO     - Sending program to QOP for compilation
2024-10-24 09:09:15,288 - qm - INFO     - Executing program
/nfs/users/elisa.stabilini/calibration/lib/python3.10/site-packages/cma/evolution_strategy.py:1929: UserWarning: Sampling standard deviation i=0 at iteration 0 change by 0.6666666666666666 to stds[0]=0.3333333333333333
  warnings.warn("Sampling standard deviation i={0} at iteration {1}"
/nfs/users/elisa.stabilini/calibration/lib/python3.10/site-packages/cma/evolution_strategy.py:1929: UserWarning: Sampling standard deviation i=2 at iteration 0 change by 0.3333222224074053 to stds[2]=0.16666666666666666
  warnings.warn("Sampling standard deviation i={0} at iteration {1}"
(3_w,7)-aCMA-ES (mu_w=2.3,w_1=58%) in dimension 3 (seed=889406, Thu Oct 24 09:09:15 2024)

Total relaxation time: 10.10 sec

2024-10-24 09:09:20,695 - qm - INFO     - Sending program to QOP for compilation
2024-10-24 09:09:22,154 - qm - INFO     - Executing program
terminating objective call

Total relaxation time: 10.10 sec

2024-10-24 09:09:42,280 - qm - INFO     - Sending program to QOP for compilation
2024-10-24 09:09:43,738 - qm - INFO     - Executing program
terminating objective call

Total relaxation time: 10.10 sec

2024-10-24 09:10:03,328 - qm - INFO     - Sending program to QOP for compilation
2024-10-24 09:10:04,785 - qm - INFO     - Executing program
terminating objective call

Total relaxation time: 10.10 sec

2024-10-24 09:10:24,413 - qm - INFO     - Sending program to QOP for compilation
2024-10-24 09:10:25,978 - qm - INFO     - Executing program
terminating objective call

Total relaxation time: 10.10 sec

2024-10-24 09:10:45,483 - qm - INFO     - Sending program to QOP for compilation
2024-10-24 09:10:46,576 - qm - INFO     - Executing program
terminating objective call

Total relaxation time: 10.10 sec

2024-10-24 09:11:06,249 - qm - INFO     - Sending program to QOP for compilation
2024-10-24 09:11:07,665 - qm - INFO     - Executing program
terminating objective call

Total relaxation time: 10.10 sec

2024-10-24 09:11:27,355 - qm - INFO     - Sending program to QOP for compilation
2024-10-24 09:11:28,949 - qm - INFO     - Executing program
terminating objective call
Completed iteration 1, objective value: 0.00336748325654499

Total relaxation time: 10.10 sec

2024-10-24 09:11:48,334 - qm - INFO     - Sending program to QOP for compilation
2024-10-24 09:11:49,748 - qm - INFO     - Executing program
terminating objective call

Total relaxation time: 10.10 sec

2024-10-24 09:12:09,378 - qm - INFO     - Sending program to QOP for compilation
2024-10-24 09:12:10,820 - qm - INFO     - Executing program
terminating objective call

Total relaxation time: 10.10 sec

2024-10-24 09:12:30,471 - qm - INFO     - Sending program to QOP for compilation
2024-10-24 09:12:31,894 - qm - INFO     - Executing program
terminating objective call

Total relaxation time: 10.10 sec

2024-10-24 09:12:51,480 - qm - INFO     - Sending program to QOP for compilation
2024-10-24 09:12:52,912 - qm - INFO     - Executing program
terminating objective call

Total relaxation time: 10.10 sec

2024-10-24 09:13:12,535 - qm - INFO     - Sending program to QOP for compilation
2024-10-24 09:13:14,077 - qm - INFO     - Executing program
terminating objective call

Total relaxation time: 10.10 sec

2024-10-24 09:13:33,561 - qm - INFO     - Sending program to QOP for compilation
2024-10-24 09:13:35,029 - qm - INFO     - Executing program
terminating objective call

Total relaxation time: 10.10 sec

2024-10-24 09:13:54,595 - qm - INFO     - Sending program to QOP for compilation
2024-10-24 09:13:56,025 - qm - INFO     - Executing program
terminating objective call
Completed iteration 2, objective value: 0.005460239046806296

Total relaxation time: 10.10 sec

2024-10-24 09:14:15,650 - qm - INFO     - Sending program to QOP for compilation
2024-10-24 09:14:17,168 - qm - INFO     - Executing program
terminating objective call

Total relaxation time: 10.10 sec

2024-10-24 09:14:36,671 - qm - INFO     - Sending program to QOP for compilation
2024-10-24 09:14:37,761 - qm - INFO     - Executing program
terminating objective call

Total relaxation time: 10.10 sec

2024-10-24 09:14:57,690 - qm - INFO     - Sending program to QOP for compilation
2024-10-24 09:14:59,056 - qm - INFO     - Executing program
terminating objective call

Total relaxation time: 10.10 sec

2024-10-24 09:15:18,797 - qm - INFO     - Sending program to QOP for compilation
2024-10-24 09:15:20,245 - qm - INFO     - Executing program
terminating objective call

Total relaxation time: 10.10 sec

2024-10-24 09:15:39,780 - qm - INFO     - Sending program to QOP for compilation
2024-10-24 09:15:41,188 - qm - INFO     - Executing program
terminating objective call

Total relaxation time: 10.10 sec

2024-10-24 09:16:00,816 - qm - INFO     - Sending program to QOP for compilation
2024-10-24 09:16:02,223 - qm - INFO     - Executing program
terminating objective call

Total relaxation time: 10.10 sec

2024-10-24 09:16:21,858 - qm - INFO     - Sending program to QOP for compilation
2024-10-24 09:16:22,961 - qm - INFO     - Executing program
/nfs/users/elisa.stabilini/qibocal/src/qibocal/protocols/qua/rb_ondevice.py:550: RuntimeWarning:

More than 20 figures have been opened. Figures created through the pyplot interface (`matplotlib.pyplot.figure`) are retained until explicitly closed and may consume too much memory. (To control this warning, see the rcParam `figure.max_open_warning`). Consider using `matplotlib.pyplot.close()`.

terminating objective call
Completed iteration 3, objective value: 0.0037822745885293923
Elapsed time: 496.91098976135254 seconds
