2024-10-23 13:32:23,449 - qm - INFO     - Starting session: bcfd79ff-71f0-492d-9332-a4ed52e0e503
2024-10-23 13:32:26,296 - qm - INFO     - Octave "octave2" Health check passed, current temperature 60
2024-10-23 13:32:27,313 - qm - INFO     - Octave "octave3" Health check passed, current temperature 57
2024-10-23 13:32:28,468 - qm - INFO     - Octave "octave4" Health check passed, current temperature 58
2024-10-23 13:32:29,713 - qm - INFO     - Octave "octave5" Health check passed, current temperature 59
2024-10-23 13:32:30,445 - qm - INFO     - Octave "octave6" Health check passed, current temperature 58
2024-10-23 13:32:30,445 - qm - INFO     - Performing health check
2024-10-23 13:32:30,464 - qm - WARNING  - Health check warning: Inter-OPX connectivity issues in OPX: con1. Missing ports are: 12, 11, 10, 9. See QM-App for more info.
2024-10-23 13:32:30,464 - qm - WARNING  - Health check warning: Inter-OPX connectivity issues in OPX: con2. Missing ports are: 12, 11, 10, 9. See QM-App for more info.
2024-10-23 13:32:30,464 - qm - WARNING  - Health check warning: Inter-OPX connectivity issues in OPX: con3. Missing ports are: 12, 11, 10, 9. See QM-App for more info.
2024-10-23 13:32:30,464 - qm - WARNING  - Health check warning: Inter-OPX connectivity issues in OPX: con4. Missing ports are: 12, 11, 10, 9. See QM-App for more info.
2024-10-23 13:32:30,464 - qm - WARNING  - Health check warning: Inter-OPX connectivity issues in OPX: con5. Missing ports are: 12, 11, 10, 9. See QM-App for more info.
2024-10-23 13:32:30,464 - qm - WARNING  - Health check warning: Inter-OPX connectivity issues in OPX: con6. Missing ports are: 12, 11, 10, 9. See QM-App for more info.
2024-10-23 13:32:30,464 - qm - WARNING  - Health check warning: Inter-OPX connectivity issues in OPX: con7. Missing ports are: 12, 11, 10, 9. See QM-App for more info.
2024-10-23 13:32:30,464 - qm - WARNING  - Health check warning: Inter-OPX connectivity issues in OPX: con8. Missing ports are: 12, 11, 10, 9. See QM-App for more info.
2024-10-23 13:32:30,464 - qm - WARNING  - Health check warning: Inter-OPX connectivity issues in OPX: con9. Missing ports are: 12, 11, 10, 9. See QM-App for more info.
2024-10-23 13:32:30,464 - qm - INFO     - Health check passed
Connected to: Rohde&Schwarz SGS100A (serial:1416.0505k02/114167, firmware:4.2.76.0-4.30.046.295) in 0.18s
Connected to: Rohde&Schwarz SGS100A (serial:1416.0505k02/114164, firmware:4.2.76.0-4.30.046.295) in 0.14s
2024-10-23 13:32:32,293 - qm - INFO     - Sending program to QOP for compilation
2024-10-23 13:32:32,505 - qm - INFO     - Executing program
2024-10-23 13:32:34,467 - qm - INFO     - Sending program to QOP for compilation
2024-10-23 13:32:34,620 - qm - INFO     - Executing program
2024-10-23 13:32:37,369 - qm - INFO     - Sending program to QOP for compilation
2024-10-23 13:32:37,583 - qm - INFO     - Executing program
2024-10-23 13:32:40,004 - qm - INFO     - Sending program to QOP for compilation
2024-10-23 13:32:40,218 - qm - INFO     - Executing program
2024-10-23 13:32:43,035 - qm - INFO     - Sending program to QOP for compilation
2024-10-23 13:32:43,189 - qm - INFO     - Executing program
2024-10-23 13:32:45,981 - qm - INFO     - Sending program to QOP for compilation
2024-10-23 13:32:46,181 - qm - INFO     - Executing program
2024-10-23 13:32:48,297 - qm - INFO     - Sending program to QOP for compilation
2024-10-23 13:32:48,516 - qm - INFO     - Executing program
2024-10-23 13:32:51,193 - qm - INFO     - Sending program to QOP for compilation
2024-10-23 13:32:51,408 - qm - INFO     - Executing program
2024-10-23 13:32:53,232 - qm - INFO     - Sending program to QOP for compilation
2024-10-23 13:32:53,450 - qm - INFO     - Executing program
2024-10-23 13:32:55,319 - qm - INFO     - Sending program to QOP for compilation
2024-10-23 13:32:55,467 - qm - INFO     - Executing program
2024-10-23 13:32:58,184 - qm - INFO     - Sending program to QOP for compilation
2024-10-23 13:32:58,392 - qm - INFO     - Executing program
2024-10-23 13:33:00,200 - qm - INFO     - Sending program to QOP for compilation
2024-10-23 13:33:00,414 - qm - INFO     - Executing program
2024-10-23 13:33:02,732 - qm - INFO     - Sending program to QOP for compilation
2024-10-23 13:33:02,949 - qm - INFO     - Executing program
2024-10-23 13:33:06,170 - qm - INFO     - Sending program to QOP for compilation
2024-10-23 13:33:06,387 - qm - INFO     - Executing program
2024-10-23 13:33:09,621 - qm - INFO     - Sending program to QOP for compilation
2024-10-23 13:33:09,834 - qm - INFO     - Executing program
2024-10-23 13:33:13,093 - qm - INFO     - Sending program to QOP for compilation
2024-10-23 13:33:13,248 - qm - INFO     - Executing program

Total relaxation time: 10.10 sec

2024-10-23 13:33:18,997 - qm - INFO     - Sending program to QOP for compilation
2024-10-23 13:33:20,504 - qm - INFO     - Executing program
terminating objective call

Total relaxation time: 10.10 sec

2024-10-23 13:33:39,886 - qm - INFO     - Sending program to QOP for compilation
2024-10-23 13:33:41,324 - qm - INFO     - Executing program
terminating objective call

Total relaxation time: 10.10 sec

2024-10-23 13:34:00,669 - qm - INFO     - Sending program to QOP for compilation
2024-10-23 13:34:01,791 - qm - INFO     - Executing program
terminating objective call

Total relaxation time: 10.10 sec

2024-10-23 13:34:22,950 - qm - INFO     - Sending program to QOP for compilation
2024-10-23 13:34:24,394 - qm - INFO     - Executing program
terminating objective call

Total relaxation time: 10.10 sec

2024-10-23 13:34:44,202 - qm - INFO     - Sending program to QOP for compilation
2024-10-23 13:34:45,628 - qm - INFO     - Executing program
terminating objective call

Total relaxation time: 10.10 sec

2024-10-23 13:35:05,028 - qm - INFO     - Sending program to QOP for compilation
2024-10-23 13:35:06,457 - qm - INFO     - Executing program
terminating objective call

Total relaxation time: 10.10 sec

2024-10-23 13:35:27,140 - qm - INFO     - Sending program to QOP for compilation
2024-10-23 13:35:28,532 - qm - INFO     - Executing program
terminating objective call
Completed iteration 1, objective value: 0.009826122530075133

Total relaxation time: 10.10 sec

2024-10-23 13:35:48,419 - qm - INFO     - Sending program to QOP for compilation
2024-10-23 13:35:49,841 - qm - INFO     - Executing program
terminating objective call

Total relaxation time: 10.10 sec

2024-10-23 13:36:09,829 - qm - INFO     - Sending program to QOP for compilation
2024-10-23 13:36:11,292 - qm - INFO     - Executing program
terminating objective call

Total relaxation time: 10.10 sec

2024-10-23 13:36:30,899 - qm - INFO     - Sending program to QOP for compilation
2024-10-23 13:36:32,330 - qm - INFO     - Executing program
terminating objective call
Completed iteration 2, objective value: 0.004457426567238857

Total relaxation time: 10.10 sec

2024-10-23 13:36:51,962 - qm - INFO     - Sending program to QOP for compilation
2024-10-23 13:36:53,360 - qm - INFO     - Executing program
terminating objective call

Total relaxation time: 10.10 sec

2024-10-23 13:37:13,115 - qm - INFO     - Sending program to QOP for compilation
2024-10-23 13:37:14,496 - qm - INFO     - Executing program
terminating objective call
Completed iteration 3, objective value: 0.004886257844193468

Total relaxation time: 10.10 sec

2024-10-23 13:37:33,833 - qm - INFO     - Sending program to QOP for compilation
2024-10-23 13:37:35,206 - qm - INFO     - Executing program
terminating objective call

Total relaxation time: 10.10 sec

2024-10-23 13:37:54,838 - qm - INFO     - Sending program to QOP for compilation
2024-10-23 13:37:56,206 - qm - INFO     - Executing program
terminating objective call

Total relaxation time: 10.10 sec

2024-10-23 13:38:15,958 - qm - INFO     - Sending program to QOP for compilation
2024-10-23 13:38:17,334 - qm - INFO     - Executing program
terminating objective call
Completed iteration 4, objective value: 0.003476695050969673

Total relaxation time: 10.10 sec

2024-10-23 13:38:36,947 - qm - INFO     - Sending program to QOP for compilation
2024-10-23 13:38:38,383 - qm - INFO     - Executing program
terminating objective call

Total relaxation time: 10.10 sec

2024-10-23 13:38:58,011 - qm - INFO     - Sending program to QOP for compilation
2024-10-23 13:38:59,506 - qm - INFO     - Executing program
terminating objective call
Completed iteration 5, objective value: 0.003409305957597919

Total relaxation time: 10.10 sec

2024-10-23 13:39:19,033 - qm - INFO     - Sending program to QOP for compilation
2024-10-23 13:39:20,444 - qm - INFO     - Executing program
terminating objective call

Total relaxation time: 10.10 sec

2024-10-23 13:39:40,084 - qm - INFO     - Sending program to QOP for compilation
2024-10-23 13:39:41,505 - qm - INFO     - Executing program
terminating objective call

Total relaxation time: 10.10 sec

2024-10-23 13:40:01,143 - qm - INFO     - Sending program to QOP for compilation
2024-10-23 13:40:02,614 - qm - INFO     - Executing program
terminating objective call
Completed iteration 6, objective value: 0.00383979289075409

Total relaxation time: 10.10 sec

2024-10-23 13:40:22,191 - qm - INFO     - Sending program to QOP for compilation
2024-10-23 13:40:23,570 - qm - INFO     - Executing program
terminating objective call

Total relaxation time: 10.10 sec

2024-10-23 13:40:43,229 - qm - INFO     - Sending program to QOP for compilation
2024-10-23 13:40:44,319 - qm - INFO     - Executing program
terminating objective call

Total relaxation time: 10.10 sec

2024-10-23 13:41:04,388 - qm - INFO     - Sending program to QOP for compilation
2024-10-23 13:41:05,779 - qm - INFO     - Executing program
terminating objective call
Completed iteration 7, objective value: 0.0037364764200418974

Total relaxation time: 10.10 sec

2024-10-23 13:41:25,296 - qm - INFO     - Sending program to QOP for compilation
2024-10-23 13:41:26,711 - qm - INFO     - Executing program
terminating objective call

Total relaxation time: 10.10 sec

2024-10-23 13:41:46,376 - qm - INFO     - Sending program to QOP for compilation
2024-10-23 13:41:47,863 - qm - INFO     - Executing program
terminating objective call

Total relaxation time: 10.10 sec

2024-10-23 13:42:07,500 - qm - INFO     - Sending program to QOP for compilation
2024-10-23 13:42:08,881 - qm - INFO     - Executing program
terminating objective call
Completed iteration 8, objective value: 0.0031690221331553896

Total relaxation time: 10.10 sec

2024-10-23 13:42:28,447 - qm - INFO     - Sending program to QOP for compilation
2024-10-23 13:42:29,896 - qm - INFO     - Executing program
terminating objective call

Total relaxation time: 10.10 sec

2024-10-23 13:42:49,537 - qm - INFO     - Sending program to QOP for compilation
2024-10-23 13:42:50,722 - qm - INFO     - Executing program
terminating objective call
Completed iteration 9, objective value: 0.0032671451501017283

Total relaxation time: 10.10 sec

2024-10-23 13:43:10,520 - qm - INFO     - Sending program to QOP for compilation
2024-10-23 13:43:11,627 - qm - INFO     - Executing program
terminating objective call

Total relaxation time: 10.10 sec

2024-10-23 13:43:31,560 - qm - INFO     - Sending program to QOP for compilation
2024-10-23 13:43:32,921 - qm - INFO     - Executing program
terminating objective call

Total relaxation time: 10.10 sec

2024-10-23 13:43:52,911 - qm - INFO     - Sending program to QOP for compilation
2024-10-23 13:43:54,400 - qm - INFO     - Executing program
terminating objective call
Completed iteration 10, objective value: 0.005162836567462511

Total relaxation time: 10.10 sec

2024-10-23 13:44:13,995 - qm - INFO     - Sending program to QOP for compilation
2024-10-23 13:44:15,441 - qm - INFO     - Executing program
terminating objective call

Total relaxation time: 10.10 sec

2024-10-23 13:44:34,785 - qm - INFO     - Sending program to QOP for compilation
2024-10-23 13:44:36,210 - qm - INFO     - Executing program
terminating objective call

Total relaxation time: 10.10 sec

2024-10-23 13:44:55,867 - qm - INFO     - Sending program to QOP for compilation
2024-10-23 13:44:57,295 - qm - INFO     - Executing program
terminating objective call

Total relaxation time: 10.10 sec

2024-10-23 13:45:16,850 - qm - INFO     - Sending program to QOP for compilation
2024-10-23 13:45:18,233 - qm - INFO     - Executing program
terminating objective call

Total relaxation time: 10.10 sec

2024-10-23 13:45:38,223 - qm - INFO     - Sending program to QOP for compilation
2024-10-23 13:45:39,622 - qm - INFO     - Executing program
terminating objective call

Total relaxation time: 10.10 sec

2024-10-23 13:45:58,967 - qm - INFO     - Sending program to QOP for compilation
2024-10-23 13:46:00,378 - qm - INFO     - Executing program
terminating objective call
Completed iteration 11, objective value: 0.0028219197757557877

Total relaxation time: 10.10 sec

2024-10-23 13:46:20,036 - qm - INFO     - Sending program to QOP for compilation
2024-10-23 13:46:21,494 - qm - INFO     - Executing program
terminating objective call

Total relaxation time: 10.10 sec

2024-10-23 13:46:41,085 - qm - INFO     - Sending program to QOP for compilation
2024-10-23 13:46:42,581 - qm - INFO     - Executing program
terminating objective call

Total relaxation time: 10.10 sec

2024-10-23 13:47:02,100 - qm - INFO     - Sending program to QOP for compilation
2024-10-23 13:47:03,526 - qm - INFO     - Executing program
terminating objective call
Completed iteration 12, objective value: 0.0027116275394788816

Total relaxation time: 10.10 sec

2024-10-23 13:47:23,118 - qm - INFO     - Sending program to QOP for compilation
2024-10-23 13:47:24,532 - qm - INFO     - Executing program
terminating objective call

Total relaxation time: 10.10 sec

2024-10-23 13:47:44,555 - qm - INFO     - Sending program to QOP for compilation
2024-10-23 13:47:45,994 - qm - INFO     - Executing program
terminating objective call

Total relaxation time: 10.10 sec

2024-10-23 13:48:05,198 - qm - INFO     - Sending program to QOP for compilation
2024-10-23 13:48:06,588 - qm - INFO     - Executing program
terminating objective call
Completed iteration 13, objective value: 0.0028283873284619195

Total relaxation time: 10.10 sec

2024-10-23 13:48:26,291 - qm - INFO     - Sending program to QOP for compilation
2024-10-23 13:48:27,670 - qm - INFO     - Executing program
terminating objective call

Total relaxation time: 10.10 sec

2024-10-23 13:48:47,407 - qm - INFO     - Sending program to QOP for compilation
2024-10-23 13:48:48,792 - qm - INFO     - Executing program
terminating objective call
Completed iteration 14, objective value: 0.0028964199316580046

Total relaxation time: 10.10 sec

2024-10-23 13:49:08,343 - qm - INFO     - Sending program to QOP for compilation
2024-10-23 13:49:09,751 - qm - INFO     - Executing program
terminating objective call

Total relaxation time: 10.10 sec

2024-10-23 13:49:29,367 - qm - INFO     - Sending program to QOP for compilation
2024-10-23 13:49:30,767 - qm - INFO     - Executing program
terminating objective call

Total relaxation time: 10.10 sec

2024-10-23 13:49:50,438 - qm - INFO     - Sending program to QOP for compilation
2024-10-23 13:49:51,986 - qm - INFO     - Executing program
terminating objective call
Completed iteration 15, objective value: 0.0027722159718626274

Total relaxation time: 10.10 sec

2024-10-23 13:50:11,801 - qm - INFO     - Sending program to QOP for compilation
2024-10-23 13:50:13,173 - qm - INFO     - Executing program
terminating objective call

Total relaxation time: 10.10 sec

2024-10-23 13:50:32,639 - qm - INFO     - Sending program to QOP for compilation
2024-10-23 13:50:34,068 - qm - INFO     - Executing program
terminating objective call

Total relaxation time: 10.10 sec

2024-10-23 13:50:53,628 - qm - INFO     - Sending program to QOP for compilation
2024-10-23 13:50:55,044 - qm - INFO     - Executing program
terminating objective call

Total relaxation time: 10.10 sec

2024-10-23 13:51:14,687 - qm - INFO     - Sending program to QOP for compilation
2024-10-23 13:51:15,793 - qm - INFO     - Executing program
terminating objective call

Total relaxation time: 10.10 sec

2024-10-23 13:51:35,763 - qm - INFO     - Sending program to QOP for compilation
2024-10-23 13:51:37,190 - qm - INFO     - Executing program
terminating objective call

Total relaxation time: 10.10 sec

2024-10-23 13:51:56,744 - qm - INFO     - Sending program to QOP for compilation
2024-10-23 13:51:58,112 - qm - INFO     - Executing program
terminating objective call
Completed iteration 16, objective value: 0.003026485141849792

Total relaxation time: 10.10 sec

2024-10-23 13:52:17,798 - qm - INFO     - Sending program to QOP for compilation
2024-10-23 13:52:19,140 - qm - INFO     - Executing program
terminating objective call

Total relaxation time: 10.10 sec

2024-10-23 13:52:39,156 - qm - INFO     - Sending program to QOP for compilation
2024-10-23 13:52:40,607 - qm - INFO     - Executing program
terminating objective call
Completed iteration 17, objective value: 0.0029062098092272077

Total relaxation time: 10.10 sec

2024-10-23 13:52:59,939 - qm - INFO     - Sending program to QOP for compilation
2024-10-23 13:53:01,319 - qm - INFO     - Executing program
terminating objective call

Total relaxation time: 10.10 sec

2024-10-23 13:53:21,003 - qm - INFO     - Sending program to QOP for compilation
2024-10-23 13:53:22,401 - qm - INFO     - Executing program
terminating objective call

Total relaxation time: 10.10 sec

2024-10-23 13:53:42,000 - qm - INFO     - Sending program to QOP for compilation
2024-10-23 13:53:43,426 - qm - INFO     - Executing program
terminating objective call
Completed iteration 18, objective value: 0.0029328022170014437

Total relaxation time: 10.10 sec

2024-10-23 13:54:03,042 - qm - INFO     - Sending program to QOP for compilation
2024-10-23 13:54:04,449 - qm - INFO     - Executing program
terminating objective call

Total relaxation time: 10.10 sec

2024-10-23 13:54:24,180 - qm - INFO     - Sending program to QOP for compilation
2024-10-23 13:54:25,620 - qm - INFO     - Executing program
terminating objective call
Completed iteration 19, objective value: 0.0029505305147549342

Total relaxation time: 10.10 sec

2024-10-23 13:54:45,151 - qm - INFO     - Sending program to QOP for compilation
2024-10-23 13:54:46,528 - qm - INFO     - Executing program
terminating objective call

Total relaxation time: 10.10 sec

2024-10-23 13:55:06,247 - qm - INFO     - Sending program to QOP for compilation
2024-10-23 13:55:07,671 - qm - INFO     - Executing program
terminating objective call

Total relaxation time: 10.10 sec

2024-10-23 13:55:27,239 - qm - INFO     - Sending program to QOP for compilation
2024-10-23 13:55:28,670 - qm - INFO     - Executing program
terminating objective call
Completed iteration 20, objective value: 0.002693823852058497

Total relaxation time: 10.10 sec

2024-10-23 13:55:48,331 - qm - INFO     - Sending program to QOP for compilation
2024-10-23 13:55:49,418 - qm - INFO     - Executing program
terminating objective call

Total relaxation time: 10.10 sec

2024-10-23 13:56:09,426 - qm - INFO     - Sending program to QOP for compilation
2024-10-23 13:56:10,807 - qm - INFO     - Executing program
terminating objective call
Completed iteration 21, objective value: 0.0028939373232560683

Total relaxation time: 10.10 sec

2024-10-23 13:56:30,390 - qm - INFO     - Sending program to QOP for compilation
2024-10-23 13:56:31,803 - qm - INFO     - Executing program
terminating objective call

Total relaxation time: 10.10 sec

2024-10-23 13:56:51,427 - qm - INFO     - Sending program to QOP for compilation
2024-10-23 13:56:52,819 - qm - INFO     - Executing program
terminating objective call

Total relaxation time: 10.10 sec

2024-10-23 13:57:12,570 - qm - INFO     - Sending program to QOP for compilation
2024-10-23 13:57:13,968 - qm - INFO     - Executing program
terminating objective call
Completed iteration 22, objective value: 0.0028995526917425943

Total relaxation time: 10.10 sec

2024-10-23 13:57:33,554 - qm - INFO     - Sending program to QOP for compilation
2024-10-23 13:57:34,928 - qm - INFO     - Executing program
terminating objective call

Total relaxation time: 10.10 sec

2024-10-23 13:57:54,605 - qm - INFO     - Sending program to QOP for compilation
2024-10-23 13:57:56,038 - qm - INFO     - Executing program
terminating objective call

Total relaxation time: 10.10 sec

2024-10-23 13:58:15,646 - qm - INFO     - Sending program to QOP for compilation
2024-10-23 13:58:17,129 - qm - INFO     - Executing program
terminating objective call
Completed iteration 23, objective value: 0.002874161323214371

Total relaxation time: 10.10 sec

2024-10-23 13:58:36,690 - qm - INFO     - Sending program to QOP for compilation
2024-10-23 13:58:38,128 - qm - INFO     - Executing program
terminating objective call

Total relaxation time: 10.10 sec

2024-10-23 13:58:58,060 - qm - INFO     - Sending program to QOP for compilation
2024-10-23 13:58:59,564 - qm - INFO     - Executing program
terminating objective call

Total relaxation time: 10.10 sec

2024-10-23 13:59:18,815 - qm - INFO     - Sending program to QOP for compilation
2024-10-23 13:59:20,223 - qm - INFO     - Executing program
terminating objective call
Completed iteration 24, objective value: 0.002878914572685254

Total relaxation time: 10.10 sec

2024-10-23 13:59:39,900 - qm - INFO     - Sending program to QOP for compilation
2024-10-23 13:59:41,344 - qm - INFO     - Executing program
terminating objective call

Total relaxation time: 10.10 sec

2024-10-23 14:00:00,954 - qm - INFO     - Sending program to QOP for compilation
2024-10-23 14:00:02,379 - qm - INFO     - Executing program
terminating objective call

Total relaxation time: 10.10 sec

2024-10-23 14:00:22,249 - qm - INFO     - Sending program to QOP for compilation
2024-10-23 14:00:23,667 - qm - INFO     - Executing program
terminating objective call
Completed iteration 25, objective value: 0.0028839369729735925

Total relaxation time: 10.10 sec

2024-10-23 14:00:42,991 - qm - INFO     - Sending program to QOP for compilation
2024-10-23 14:00:44,365 - qm - INFO     - Executing program
terminating objective call

Total relaxation time: 10.10 sec

2024-10-23 14:01:04,115 - qm - INFO     - Sending program to QOP for compilation
2024-10-23 14:01:05,497 - qm - INFO     - Executing program
terminating objective call

Total relaxation time: 10.10 sec

2024-10-23 14:01:25,080 - qm - INFO     - Sending program to QOP for compilation
2024-10-23 14:01:26,559 - qm - INFO     - Executing program
terminating objective call

Total relaxation time: 10.10 sec

2024-10-23 14:01:46,135 - qm - INFO     - Sending program to QOP for compilation
2024-10-23 14:01:47,642 - qm - INFO     - Executing program
terminating objective call

Total relaxation time: 10.10 sec

2024-10-23 14:02:07,194 - qm - INFO     - Sending program to QOP for compilation
2024-10-23 14:02:08,631 - qm - INFO     - Executing program
terminating objective call

Total relaxation time: 10.10 sec

2024-10-23 14:02:28,210 - qm - INFO     - Sending program to QOP for compilation
2024-10-23 14:02:29,599 - qm - INFO     - Executing program
terminating objective call
Completed iteration 26, objective value: 0.0029225048640573034

Total relaxation time: 10.10 sec

2024-10-23 14:02:49,247 - qm - INFO     - Sending program to QOP for compilation
2024-10-23 14:02:50,726 - qm - INFO     - Executing program
terminating objective call

Total relaxation time: 10.10 sec

2024-10-23 14:03:10,294 - qm - INFO     - Sending program to QOP for compilation
2024-10-23 14:03:11,693 - qm - INFO     - Executing program
terminating objective call
Completed iteration 27, objective value: 0.0030744586072809278

Total relaxation time: 10.10 sec

2024-10-23 14:03:31,338 - qm - INFO     - Sending program to QOP for compilation
2024-10-23 14:03:32,859 - qm - INFO     - Executing program
terminating objective call

Total relaxation time: 10.10 sec

2024-10-23 14:03:52,439 - qm - INFO     - Sending program to QOP for compilation
2024-10-23 14:03:53,514 - qm - INFO     - Executing program
terminating objective call

Total relaxation time: 10.10 sec

2024-10-23 14:04:13,401 - qm - INFO     - Sending program to QOP for compilation
2024-10-23 14:04:14,858 - qm - INFO     - Executing program
terminating objective call

Total relaxation time: 10.10 sec

2024-10-23 14:04:34,464 - qm - INFO     - Sending program to QOP for compilation
2024-10-23 14:04:35,560 - qm - INFO     - Executing program
terminating objective call

Total relaxation time: 10.10 sec

2024-10-23 14:04:55,555 - qm - INFO     - Sending program to QOP for compilation
2024-10-23 14:04:56,919 - qm - INFO     - Executing program
terminating objective call

Total relaxation time: 10.10 sec

2024-10-23 14:05:16,538 - qm - INFO     - Sending program to QOP for compilation
2024-10-23 14:05:17,942 - qm - INFO     - Executing program
terminating objective call
Completed iteration 28, objective value: 0.0028755330657624554

Total relaxation time: 10.10 sec

2024-10-23 14:05:37,593 - qm - INFO     - Sending program to QOP for compilation
2024-10-23 14:05:38,998 - qm - INFO     - Executing program
terminating objective call

Total relaxation time: 10.10 sec

2024-10-23 14:05:58,647 - qm - INFO     - Sending program to QOP for compilation
2024-10-23 14:06:00,062 - qm - INFO     - Executing program
terminating objective call
Completed iteration 29, objective value: 0.0028031968298062536

Total relaxation time: 10.10 sec

2024-10-23 14:06:19,672 - qm - INFO     - Sending program to QOP for compilation
2024-10-23 14:06:21,135 - qm - INFO     - Executing program
terminating objective call

Total relaxation time: 10.10 sec

2024-10-23 14:06:40,689 - qm - INFO     - Sending program to QOP for compilation
2024-10-23 14:06:42,185 - qm - INFO     - Executing program
terminating objective call

Total relaxation time: 10.10 sec

2024-10-23 14:07:01,730 - qm - INFO     - Sending program to QOP for compilation
2024-10-23 14:07:03,134 - qm - INFO     - Executing program
terminating objective call

Total relaxation time: 10.10 sec

2024-10-23 14:07:22,748 - qm - INFO     - Sending program to QOP for compilation
2024-10-23 14:07:24,278 - qm - INFO     - Executing program
terminating objective call

Total relaxation time: 10.10 sec

2024-10-23 14:07:43,882 - qm - INFO     - Sending program to QOP for compilation
2024-10-23 14:07:45,297 - qm - INFO     - Executing program
terminating objective call

Total relaxation time: 10.10 sec

2024-10-23 14:08:04,837 - qm - INFO     - Sending program to QOP for compilation
2024-10-23 14:08:06,318 - qm - INFO     - Executing program
terminating objective call
Completed iteration 30, objective value: 0.002865241106623717

Total relaxation time: 10.10 sec

2024-10-23 14:08:25,865 - qm - INFO     - Sending program to QOP for compilation
2024-10-23 14:08:27,270 - qm - INFO     - Executing program
terminating objective call

Total relaxation time: 10.10 sec

2024-10-23 14:08:47,005 - qm - INFO     - Sending program to QOP for compilation
2024-10-23 14:08:48,458 - qm - INFO     - Executing program
terminating objective call

Total relaxation time: 10.10 sec

2024-10-23 14:09:07,974 - qm - INFO     - Sending program to QOP for compilation
2024-10-23 14:09:09,416 - qm - INFO     - Executing program
terminating objective call
Completed iteration 31, objective value: 0.002930745153925507

Total relaxation time: 10.10 sec

2024-10-23 14:09:29,045 - qm - INFO     - Sending program to QOP for compilation
2024-10-23 14:09:30,507 - qm - INFO     - Executing program
terminating objective call

Total relaxation time: 10.10 sec

2024-10-23 14:09:50,066 - qm - INFO     - Sending program to QOP for compilation
2024-10-23 14:09:51,491 - qm - INFO     - Executing program
terminating objective call

Total relaxation time: 10.10 sec

2024-10-23 14:10:12,060 - qm - INFO     - Sending program to QOP for compilation
2024-10-23 14:10:13,431 - qm - INFO     - Executing program
terminating objective call

Total relaxation time: 10.10 sec

2024-10-23 14:10:32,929 - qm - INFO     - Sending program to QOP for compilation
2024-10-23 14:10:34,491 - qm - INFO     - Executing program
terminating objective call

Total relaxation time: 10.10 sec

2024-10-23 14:10:54,192 - qm - INFO     - Sending program to QOP for compilation
2024-10-23 14:10:55,639 - qm - INFO     - Executing program
terminating objective call

Total relaxation time: 10.10 sec

2024-10-23 14:11:15,239 - qm - INFO     - Sending program to QOP for compilation
2024-10-23 14:11:16,623 - qm - INFO     - Executing program
terminating objective call
Completed iteration 32, objective value: 0.0029027268035625533

Total relaxation time: 10.10 sec

2024-10-23 14:11:36,333 - qm - INFO     - Sending program to QOP for compilation
2024-10-23 14:11:37,733 - qm - INFO     - Executing program
terminating objective call

Total relaxation time: 10.10 sec

2024-10-23 14:11:57,286 - qm - INFO     - Sending program to QOP for compilation
2024-10-23 14:11:58,699 - qm - INFO     - Executing program
terminating objective call
Completed iteration 33, objective value: 0.0029075369368056474

Total relaxation time: 10.10 sec

2024-10-23 14:12:18,340 - qm - INFO     - Sending program to QOP for compilation
2024-10-23 14:12:19,700 - qm - INFO     - Executing program
terminating objective call

Total relaxation time: 10.10 sec

2024-10-23 14:12:39,349 - qm - INFO     - Sending program to QOP for compilation
2024-10-23 14:12:40,794 - qm - INFO     - Executing program
terminating objective call

Total relaxation time: 10.10 sec

2024-10-23 14:13:00,431 - qm - INFO     - Sending program to QOP for compilation
2024-10-23 14:13:01,852 - qm - INFO     - Executing program
terminating objective call

Total relaxation time: 10.10 sec

2024-10-23 14:13:21,451 - qm - INFO     - Sending program to QOP for compilation
2024-10-23 14:13:22,953 - qm - INFO     - Executing program
terminating objective call

Total relaxation time: 10.10 sec

2024-10-23 14:13:42,537 - qm - INFO     - Sending program to QOP for compilation
2024-10-23 14:13:43,970 - qm - INFO     - Executing program
terminating objective call

Total relaxation time: 10.10 sec

2024-10-23 14:14:03,570 - qm - INFO     - Sending program to QOP for compilation
2024-10-23 14:14:04,967 - qm - INFO     - Executing program
terminating objective call
Completed iteration 34, objective value: 0.004099199420077889

Total relaxation time: 10.10 sec

2024-10-23 14:14:24,619 - qm - INFO     - Sending program to QOP for compilation
2024-10-23 14:14:26,080 - qm - INFO     - Executing program
terminating objective call

Total relaxation time: 10.10 sec

2024-10-23 14:14:45,616 - qm - INFO     - Sending program to QOP for compilation
2024-10-23 14:14:47,037 - qm - INFO     - Executing program
terminating objective call
Completed iteration 35, objective value: 0.0028117714057362816

Total relaxation time: 10.10 sec

2024-10-23 14:15:06,673 - qm - INFO     - Sending program to QOP for compilation
2024-10-23 14:15:08,121 - qm - INFO     - Executing program
terminating objective call

Total relaxation time: 10.10 sec

2024-10-23 14:15:27,801 - qm - INFO     - Sending program to QOP for compilation
2024-10-23 14:15:28,911 - qm - INFO     - Executing program
terminating objective call
Completed iteration 36, objective value: 0.002928312626483779

Total relaxation time: 10.10 sec

2024-10-23 14:15:48,754 - qm - INFO     - Sending program to QOP for compilation
2024-10-23 14:15:50,132 - qm - INFO     - Executing program
terminating objective call

Total relaxation time: 10.10 sec

2024-10-23 14:16:10,106 - qm - INFO     - Sending program to QOP for compilation
2024-10-23 14:16:11,496 - qm - INFO     - Executing program
terminating objective call
Completed iteration 37, objective value: 0.002958135555127465

Total relaxation time: 10.10 sec

2024-10-23 14:16:30,936 - qm - INFO     - Sending program to QOP for compilation
2024-10-23 14:16:32,297 - qm - INFO     - Executing program
terminating objective call

Total relaxation time: 10.10 sec

2024-10-23 14:16:51,902 - qm - INFO     - Sending program to QOP for compilation
2024-10-23 14:16:53,316 - qm - INFO     - Executing program
terminating objective call

Total relaxation time: 10.10 sec

2024-10-23 14:17:12,966 - qm - INFO     - Sending program to QOP for compilation
2024-10-23 14:17:14,438 - qm - INFO     - Executing program
terminating objective call

Total relaxation time: 10.10 sec

2024-10-23 14:17:33,965 - qm - INFO     - Sending program to QOP for compilation
2024-10-23 14:17:35,329 - qm - INFO     - Executing program
terminating objective call

Total relaxation time: 10.10 sec

2024-10-23 14:17:55,027 - qm - INFO     - Sending program to QOP for compilation
2024-10-23 14:17:56,457 - qm - INFO     - Executing program
terminating objective call

Total relaxation time: 10.10 sec

2024-10-23 14:18:16,118 - qm - INFO     - Sending program to QOP for compilation
2024-10-23 14:18:17,581 - qm - INFO     - Executing program
terminating objective call
Completed iteration 38, objective value: 0.002841815587735012

Total relaxation time: 10.10 sec

2024-10-23 14:18:37,158 - qm - INFO     - Sending program to QOP for compilation
2024-10-23 14:18:38,584 - qm - INFO     - Executing program
terminating objective call

Total relaxation time: 10.10 sec

2024-10-23 14:18:58,533 - qm - INFO     - Sending program to QOP for compilation
2024-10-23 14:18:59,933 - qm - INFO     - Executing program
terminating objective call

Total relaxation time: 10.10 sec

2024-10-23 14:19:19,364 - qm - INFO     - Sending program to QOP for compilation
2024-10-23 14:19:20,795 - qm - INFO     - Executing program
/nfs/users/elisa.stabilini/qibocal/src/qibocal/protocols/qua/rb_ondevice.py:550: RuntimeWarning:

More than 20 figures have been opened. Figures created through the pyplot interface (`matplotlib.pyplot.figure`) are retained until explicitly closed and may consume too much memory. (To control this warning, see the rcParam `figure.max_open_warning`). Consider using `matplotlib.pyplot.close()`.

terminating objective call
Completed iteration 39, objective value: 0.0029460659729958925
Elapsed time: 2858.0963819026947 seconds
