2024-10-17 21:26:22,121 - qm - INFO     - Starting session: 5fc336dd-da7e-441a-83b2-53480f1a03bb
2024-10-17 21:26:25,523 - qm - INFO     - Octave "octave2" Health check passed, current temperature 60
2024-10-17 21:26:26,257 - qm - INFO     - Octave "octave3" Health check passed, current temperature 57
2024-10-17 21:26:27,064 - qm - INFO     - Octave "octave4" Health check passed, current temperature 58
2024-10-17 21:26:28,247 - qm - INFO     - Octave "octave5" Health check passed, current temperature 59
2024-10-17 21:26:28,982 - qm - INFO     - Octave "octave6" Health check passed, current temperature 58
2024-10-17 21:26:28,982 - qm - INFO     - Performing health check
2024-10-17 21:26:29,002 - qm - WARNING  - Health check warning: Inter-OPX connectivity issues in OPX: con1. Missing ports are: 12, 11, 10, 9. See QM-App for more info.
2024-10-17 21:26:29,002 - qm - WARNING  - Health check warning: Inter-OPX connectivity issues in OPX: con2. Missing ports are: 12, 11, 10, 9. See QM-App for more info.
2024-10-17 21:26:29,003 - qm - WARNING  - Health check warning: Inter-OPX connectivity issues in OPX: con3. Missing ports are: 12, 11, 10, 9. See QM-App for more info.
2024-10-17 21:26:29,003 - qm - WARNING  - Health check warning: Inter-OPX connectivity issues in OPX: con4. Missing ports are: 12, 11, 10, 9. See QM-App for more info.
2024-10-17 21:26:29,003 - qm - WARNING  - Health check warning: Inter-OPX connectivity issues in OPX: con5. Missing ports are: 12, 11, 10, 9. See QM-App for more info.
2024-10-17 21:26:29,003 - qm - WARNING  - Health check warning: Inter-OPX connectivity issues in OPX: con6. Missing ports are: 12, 11, 10, 9. See QM-App for more info.
2024-10-17 21:26:29,003 - qm - WARNING  - Health check warning: Inter-OPX connectivity issues in OPX: con7. Missing ports are: 12, 11, 10, 9. See QM-App for more info.
2024-10-17 21:26:29,003 - qm - WARNING  - Health check warning: Inter-OPX connectivity issues in OPX: con8. Missing ports are: 12, 11, 10, 9. See QM-App for more info.
2024-10-17 21:26:29,003 - qm - WARNING  - Health check warning: Inter-OPX connectivity issues in OPX: con9. Missing ports are: 12, 11, 10, 9. See QM-App for more info.
2024-10-17 21:26:29,003 - qm - INFO     - Health check passed
Connected to: Rohde&Schwarz SGS100A (serial:1416.0505k02/114167, firmware:4.2.76.0-4.30.046.295) in 0.18s
Connected to: Rohde&Schwarz SGS100A (serial:1416.0505k02/114164, firmware:4.2.76.0-4.30.046.295) in 0.14s
2024-10-17 21:26:31,560 - qm - INFO     - Sending program to QOP for compilation
2024-10-17 21:26:31,717 - qm - INFO     - Executing program
2024-10-17 21:26:35,120 - qm - INFO     - Sending program to QOP for compilation
2024-10-17 21:26:35,329 - qm - INFO     - Executing program
2024-10-17 21:26:38,481 - qm - INFO     - Sending program to QOP for compilation
2024-10-17 21:26:38,633 - qm - INFO     - Executing program
2024-10-17 21:26:41,908 - qm - INFO     - Sending program to QOP for compilation
2024-10-17 21:26:42,112 - qm - INFO     - Executing program
2024-10-17 21:26:45,357 - qm - INFO     - Sending program to QOP for compilation
2024-10-17 21:26:45,560 - qm - INFO     - Executing program
2024-10-17 21:26:48,805 - qm - INFO     - Sending program to QOP for compilation
2024-10-17 21:26:48,958 - qm - INFO     - Executing program
2024-10-17 21:26:52,244 - qm - INFO     - Sending program to QOP for compilation
2024-10-17 21:26:52,399 - qm - INFO     - Executing program
2024-10-17 21:26:55,694 - qm - INFO     - Sending program to QOP for compilation
2024-10-17 21:26:55,910 - qm - INFO     - Executing program
2024-10-17 21:26:59,135 - qm - INFO     - Sending program to QOP for compilation
2024-10-17 21:26:59,286 - qm - INFO     - Executing program
2024-10-17 21:27:02,594 - qm - INFO     - Sending program to QOP for compilation
2024-10-17 21:27:02,751 - qm - INFO     - Executing program
2024-10-17 21:27:06,037 - qm - INFO     - Sending program to QOP for compilation
2024-10-17 21:27:06,251 - qm - INFO     - Executing program
2024-10-17 21:27:09,494 - qm - INFO     - Sending program to QOP for compilation
2024-10-17 21:27:09,649 - qm - INFO     - Executing program
2024-10-17 21:27:12,953 - qm - INFO     - Sending program to QOP for compilation
2024-10-17 21:27:13,163 - qm - INFO     - Executing program
2024-10-17 21:27:16,381 - qm - INFO     - Sending program to QOP for compilation
2024-10-17 21:27:16,537 - qm - INFO     - Executing program
2024-10-17 21:27:19,833 - qm - INFO     - Sending program to QOP for compilation
2024-10-17 21:27:19,985 - qm - INFO     - Executing program
2024-10-17 21:27:23,285 - qm - INFO     - Sending program to QOP for compilation
2024-10-17 21:27:23,493 - qm - INFO     - Executing program
/nfs/users/elisa.stabilini/calibration/lib/python3.10/site-packages/scipy/optimize/_minpack_py.py:975: RuntimeWarning: divide by zero encountered in divide
  transform = 1.0 / sigma
/nfs/users/elisa.stabilini/calibration/lib/python3.10/site-packages/scipy/optimize/_minpack_py.py:544: RuntimeWarning: invalid value encountered in multiply
  return transform * (func(xdata, *params) - ydata)
Traceback (most recent call last):
  File "/nfs/users/elisa.stabilini/optimization/D1_optimization.py", line 37, in <module>
    beta_best = drag_output.results.betas[target]
KeyError: 'D1'
