2024-10-23 15:17:04,435 - qm - INFO     - Starting session: 08d81378-326e-4d1e-9c59-0c772c5ffec4
2024-10-23 15:17:07,563 - qm - INFO     - Octave "octave2" Health check passed, current temperature 60
2024-10-23 15:17:08,298 - qm - INFO     - Octave "octave3" Health check passed, current temperature 57
2024-10-23 15:17:09,032 - qm - INFO     - Octave "octave4" Health check passed, current temperature 58
2024-10-23 15:17:09,765 - qm - INFO     - Octave "octave5" Health check passed, current temperature 59
2024-10-23 15:17:10,788 - qm - INFO     - Octave "octave6" Health check passed, current temperature 58
2024-10-23 15:17:10,789 - qm - INFO     - Performing health check
2024-10-23 15:17:10,810 - qm - WARNING  - Health check warning: Inter-OPX connectivity issues in OPX: con1. Missing ports are: 12, 11, 10, 9. See QM-App for more info.
2024-10-23 15:17:10,810 - qm - WARNING  - Health check warning: Inter-OPX connectivity issues in OPX: con2. Missing ports are: 12, 11, 10, 9. See QM-App for more info.
2024-10-23 15:17:10,810 - qm - WARNING  - Health check warning: Inter-OPX connectivity issues in OPX: con3. Missing ports are: 12, 11, 10, 9. See QM-App for more info.
2024-10-23 15:17:10,810 - qm - WARNING  - Health check warning: Inter-OPX connectivity issues in OPX: con4. Missing ports are: 12, 11, 10, 9. See QM-App for more info.
2024-10-23 15:17:10,810 - qm - WARNING  - Health check warning: Inter-OPX connectivity issues in OPX: con5. Missing ports are: 12, 11, 10, 9. See QM-App for more info.
2024-10-23 15:17:10,810 - qm - WARNING  - Health check warning: Inter-OPX connectivity issues in OPX: con6. Missing ports are: 12, 11, 10, 9. See QM-App for more info.
2024-10-23 15:17:10,810 - qm - WARNING  - Health check warning: Inter-OPX connectivity issues in OPX: con7. Missing ports are: 12, 11, 10, 9. See QM-App for more info.
2024-10-23 15:17:10,810 - qm - WARNING  - Health check warning: Inter-OPX connectivity issues in OPX: con8. Missing ports are: 12, 11, 10, 9. See QM-App for more info.
2024-10-23 15:17:10,810 - qm - WARNING  - Health check warning: Inter-OPX connectivity issues in OPX: con9. Missing ports are: 12, 11, 10, 9. See QM-App for more info.
2024-10-23 15:17:10,810 - qm - INFO     - Health check passed
Connected to: Rohde&Schwarz SGS100A (serial:1416.0505k02/114167, firmware:4.2.76.0-4.30.046.295) in 0.18s
Connected to: Rohde&Schwarz SGS100A (serial:1416.0505k02/114164, firmware:4.2.76.0-4.30.046.295) in 0.14s
2024-10-23 15:17:13,060 - qm - INFO     - Sending program to QOP for compilation
2024-10-23 15:17:13,299 - qm - INFO     - Executing program
2024-10-23 15:17:16,169 - qm - INFO     - Sending program to QOP for compilation
2024-10-23 15:17:16,379 - qm - INFO     - Executing program
2024-10-23 15:17:19,148 - qm - INFO     - Sending program to QOP for compilation
2024-10-23 15:17:19,297 - qm - INFO     - Executing program
2024-10-23 15:17:22,000 - qm - INFO     - Sending program to QOP for compilation
2024-10-23 15:17:22,210 - qm - INFO     - Executing program
2024-10-23 15:17:24,721 - qm - INFO     - Sending program to QOP for compilation
2024-10-23 15:17:24,933 - qm - INFO     - Executing program
2024-10-23 15:17:27,885 - qm - INFO     - Sending program to QOP for compilation
2024-10-23 15:17:28,032 - qm - INFO     - Executing program
2024-10-23 15:17:30,954 - qm - INFO     - Sending program to QOP for compilation
2024-10-23 15:17:31,174 - qm - INFO     - Executing program
2024-10-23 15:17:33,349 - qm - INFO     - Sending program to QOP for compilation
2024-10-23 15:17:33,498 - qm - INFO     - Executing program
2024-10-23 15:17:36,117 - qm - INFO     - Sending program to QOP for compilation
2024-10-23 15:17:36,267 - qm - INFO     - Executing program
2024-10-23 15:17:39,040 - qm - INFO     - Sending program to QOP for compilation
2024-10-23 15:17:39,247 - qm - INFO     - Executing program
2024-10-23 15:17:42,082 - qm - INFO     - Sending program to QOP for compilation
2024-10-23 15:17:42,292 - qm - INFO     - Executing program
2024-10-23 15:17:44,415 - qm - INFO     - Sending program to QOP for compilation
2024-10-23 15:17:44,572 - qm - INFO     - Executing program
2024-10-23 15:17:46,844 - qm - INFO     - Sending program to QOP for compilation
2024-10-23 15:17:47,066 - qm - INFO     - Executing program
2024-10-23 15:17:49,587 - qm - INFO     - Sending program to QOP for compilation
2024-10-23 15:17:49,810 - qm - INFO     - Executing program
2024-10-23 15:17:51,849 - qm - INFO     - Sending program to QOP for compilation
2024-10-23 15:17:52,069 - qm - INFO     - Executing program
2024-10-23 15:17:54,693 - qm - INFO     - Sending program to QOP for compilation
2024-10-23 15:17:54,848 - qm - INFO     - Executing program

Total relaxation time: 10.10 sec

2024-10-23 15:17:59,778 - qm - INFO     - Sending program to QOP for compilation
2024-10-23 15:18:01,200 - qm - INFO     - Executing program
terminating objective call

Total relaxation time: 10.10 sec

2024-10-23 15:18:20,881 - qm - INFO     - Sending program to QOP for compilation
2024-10-23 15:18:22,309 - qm - INFO     - Executing program
terminating objective call

Total relaxation time: 10.10 sec

2024-10-23 15:18:41,975 - qm - INFO     - Sending program to QOP for compilation
2024-10-23 15:18:43,345 - qm - INFO     - Executing program
terminating objective call

Total relaxation time: 10.10 sec

2024-10-23 15:19:03,031 - qm - INFO     - Sending program to QOP for compilation
2024-10-23 15:19:04,543 - qm - INFO     - Executing program
terminating objective call

Total relaxation time: 10.10 sec

2024-10-23 15:19:24,061 - qm - INFO     - Sending program to QOP for compilation
2024-10-23 15:19:25,497 - qm - INFO     - Executing program
terminating objective call

Total relaxation time: 10.10 sec

2024-10-23 15:19:45,108 - qm - INFO     - Sending program to QOP for compilation
2024-10-23 15:19:46,508 - qm - INFO     - Executing program
terminating objective call

Total relaxation time: 10.10 sec

2024-10-23 15:20:06,221 - qm - INFO     - Sending program to QOP for compilation
2024-10-23 15:20:07,709 - qm - INFO     - Executing program
terminating objective call

Total relaxation time: 10.10 sec

2024-10-23 15:20:27,189 - qm - INFO     - Sending program to QOP for compilation
2024-10-23 15:20:28,574 - qm - INFO     - Executing program
terminating objective call

Total relaxation time: 10.10 sec

2024-10-23 15:20:48,238 - qm - INFO     - Sending program to QOP for compilation
2024-10-23 15:20:49,629 - qm - INFO     - Executing program
terminating objective call

Total relaxation time: 10.10 sec

2024-10-23 15:21:09,383 - qm - INFO     - Sending program to QOP for compilation
2024-10-23 15:21:10,812 - qm - INFO     - Executing program
terminating objective call

Total relaxation time: 10.10 sec

2024-10-23 15:21:30,348 - qm - INFO     - Sending program to QOP for compilation
2024-10-23 15:21:31,813 - qm - INFO     - Executing program
terminating objective call

Total relaxation time: 10.10 sec

2024-10-23 15:21:51,381 - qm - INFO     - Sending program to QOP for compilation
2024-10-23 15:21:52,882 - qm - INFO     - Executing program
terminating objective call

Total relaxation time: 10.10 sec

2024-10-23 15:22:12,404 - qm - INFO     - Sending program to QOP for compilation
2024-10-23 15:22:13,817 - qm - INFO     - Executing program
terminating objective call

Total relaxation time: 10.10 sec

2024-10-23 15:22:33,433 - qm - INFO     - Sending program to QOP for compilation
2024-10-23 15:22:34,881 - qm - INFO     - Executing program
terminating objective call

Total relaxation time: 10.10 sec

2024-10-23 15:22:54,864 - qm - INFO     - Sending program to QOP for compilation
2024-10-23 15:22:56,292 - qm - INFO     - Executing program
terminating objective call

Total relaxation time: 10.10 sec

2024-10-23 15:23:15,523 - qm - INFO     - Sending program to QOP for compilation
2024-10-23 15:23:16,940 - qm - INFO     - Executing program
terminating objective call

Total relaxation time: 10.10 sec

2024-10-23 15:23:36,595 - qm - INFO     - Sending program to QOP for compilation
2024-10-23 15:23:37,978 - qm - INFO     - Executing program
terminating objective call

Total relaxation time: 10.10 sec

2024-10-23 15:23:57,705 - qm - INFO     - Sending program to QOP for compilation
2024-10-23 15:23:59,152 - qm - INFO     - Executing program
terminating objective call

Total relaxation time: 10.10 sec

2024-10-23 15:24:18,696 - qm - INFO     - Sending program to QOP for compilation
2024-10-23 15:24:19,809 - qm - INFO     - Executing program
terminating objective call

Total relaxation time: 10.10 sec

2024-10-23 15:24:39,763 - qm - INFO     - Sending program to QOP for compilation
2024-10-23 15:24:40,876 - qm - INFO     - Executing program
terminating objective call

Total relaxation time: 10.10 sec

2024-10-23 15:25:00,863 - qm - INFO     - Sending program to QOP for compilation
2024-10-23 15:25:02,320 - qm - INFO     - Executing program
terminating objective call

Total relaxation time: 10.10 sec

2024-10-23 15:25:21,837 - qm - INFO     - Sending program to QOP for compilation
2024-10-23 15:25:23,288 - qm - INFO     - Executing program
terminating objective call

Total relaxation time: 10.10 sec

2024-10-23 15:25:42,910 - qm - INFO     - Sending program to QOP for compilation
2024-10-23 15:25:44,419 - qm - INFO     - Executing program
terminating objective call

Total relaxation time: 10.10 sec

2024-10-23 15:26:03,949 - qm - INFO     - Sending program to QOP for compilation
2024-10-23 15:26:05,348 - qm - INFO     - Executing program
terminating objective call

Total relaxation time: 10.10 sec

2024-10-23 15:26:24,980 - qm - INFO     - Sending program to QOP for compilation
2024-10-23 15:26:26,406 - qm - INFO     - Executing program
terminating objective call

Total relaxation time: 10.10 sec

2024-10-23 15:26:46,412 - qm - INFO     - Sending program to QOP for compilation
2024-10-23 15:26:47,798 - qm - INFO     - Executing program
terminating objective call

Total relaxation time: 10.10 sec

2024-10-23 15:27:07,062 - qm - INFO     - Sending program to QOP for compilation
2024-10-23 15:27:08,521 - qm - INFO     - Executing program
terminating objective call

Total relaxation time: 10.10 sec

2024-10-23 15:27:28,117 - qm - INFO     - Sending program to QOP for compilation
2024-10-23 15:27:29,549 - qm - INFO     - Executing program
terminating objective call

Total relaxation time: 10.10 sec

2024-10-23 15:27:49,216 - qm - INFO     - Sending program to QOP for compilation
2024-10-23 15:27:50,582 - qm - INFO     - Executing program
terminating objective call

Total relaxation time: 10.10 sec

2024-10-23 15:28:10,527 - qm - INFO     - Sending program to QOP for compilation
2024-10-23 15:28:11,928 - qm - INFO     - Executing program
terminating objective call

Total relaxation time: 10.10 sec

2024-10-23 15:28:31,236 - qm - INFO     - Sending program to QOP for compilation
2024-10-23 15:28:32,627 - qm - INFO     - Executing program
terminating objective call

Total relaxation time: 10.10 sec

2024-10-23 15:28:52,607 - qm - INFO     - Sending program to QOP for compilation
2024-10-23 15:28:53,944 - qm - INFO     - Executing program
terminating objective call

Total relaxation time: 10.10 sec

2024-10-23 15:29:13,371 - qm - INFO     - Sending program to QOP for compilation
2024-10-23 15:29:14,806 - qm - INFO     - Executing program
terminating objective call

Total relaxation time: 10.10 sec

2024-10-23 15:29:34,748 - qm - INFO     - Sending program to QOP for compilation
2024-10-23 15:29:36,269 - qm - INFO     - Executing program
terminating objective call

Total relaxation time: 10.10 sec

2024-10-23 15:29:55,495 - qm - INFO     - Sending program to QOP for compilation
2024-10-23 15:29:56,875 - qm - INFO     - Executing program
terminating objective call

Total relaxation time: 10.10 sec

2024-10-23 15:30:16,546 - qm - INFO     - Sending program to QOP for compilation
2024-10-23 15:30:17,939 - qm - INFO     - Executing program
terminating objective call

Total relaxation time: 10.10 sec

2024-10-23 15:30:37,629 - qm - INFO     - Sending program to QOP for compilation
2024-10-23 15:30:39,084 - qm - INFO     - Executing program
terminating objective call

Total relaxation time: 10.10 sec

2024-10-23 15:30:58,649 - qm - INFO     - Sending program to QOP for compilation
2024-10-23 15:31:00,041 - qm - INFO     - Executing program
terminating objective call

Total relaxation time: 10.10 sec

2024-10-23 15:31:20,012 - qm - INFO     - Sending program to QOP for compilation
2024-10-23 15:31:21,381 - qm - INFO     - Executing program
terminating objective call

Total relaxation time: 10.10 sec

2024-10-23 15:31:40,807 - qm - INFO     - Sending program to QOP for compilation
2024-10-23 15:31:42,177 - qm - INFO     - Executing program
terminating objective call

Total relaxation time: 10.10 sec

2024-10-23 15:32:01,765 - qm - INFO     - Sending program to QOP for compilation
2024-10-23 15:32:03,210 - qm - INFO     - Executing program
terminating objective call

Total relaxation time: 10.10 sec

2024-10-23 15:32:22,795 - qm - INFO     - Sending program to QOP for compilation
2024-10-23 15:32:24,199 - qm - INFO     - Executing program
terminating objective call

Total relaxation time: 10.10 sec

2024-10-23 15:32:43,849 - qm - INFO     - Sending program to QOP for compilation
2024-10-23 15:32:45,295 - qm - INFO     - Executing program
terminating objective call

Total relaxation time: 10.10 sec

2024-10-23 15:33:04,900 - qm - INFO     - Sending program to QOP for compilation
2024-10-23 15:33:06,266 - qm - INFO     - Executing program
terminating objective call

Total relaxation time: 10.10 sec

2024-10-23 15:33:26,326 - qm - INFO     - Sending program to QOP for compilation
2024-10-23 15:33:27,439 - qm - INFO     - Executing program
terminating objective call

Total relaxation time: 10.10 sec

2024-10-23 15:33:46,975 - qm - INFO     - Sending program to QOP for compilation
2024-10-23 15:33:48,122 - qm - INFO     - Executing program
terminating objective call

Total relaxation time: 10.10 sec

2024-10-23 15:34:08,029 - qm - INFO     - Sending program to QOP for compilation
2024-10-23 15:34:09,108 - qm - INFO     - Executing program
terminating objective call

Total relaxation time: 10.10 sec

2024-10-23 15:34:29,155 - qm - INFO     - Sending program to QOP for compilation
2024-10-23 15:34:30,271 - qm - INFO     - Executing program
terminating objective call

Total relaxation time: 10.10 sec

2024-10-23 15:34:50,090 - qm - INFO     - Sending program to QOP for compilation
2024-10-23 15:34:51,484 - qm - INFO     - Executing program
terminating objective call

Total relaxation time: 10.10 sec

2024-10-23 15:35:11,429 - qm - INFO     - Sending program to QOP for compilation
2024-10-23 15:35:12,608 - qm - INFO     - Executing program
terminating objective call

Total relaxation time: 10.10 sec

2024-10-23 15:35:32,948 - qm - INFO     - Sending program to QOP for compilation
2024-10-23 15:35:34,375 - qm - INFO     - Executing program
terminating objective call

Total relaxation time: 10.10 sec

2024-10-23 15:35:53,822 - qm - INFO     - Sending program to QOP for compilation
2024-10-23 15:35:55,266 - qm - INFO     - Executing program
terminating objective call

Total relaxation time: 10.10 sec

2024-10-23 15:36:14,754 - qm - INFO     - Sending program to QOP for compilation
2024-10-23 15:36:16,220 - qm - INFO     - Executing program
terminating objective call

Total relaxation time: 10.10 sec

2024-10-23 15:36:35,983 - qm - INFO     - Sending program to QOP for compilation
2024-10-23 15:36:37,368 - qm - INFO     - Executing program
terminating objective call

Total relaxation time: 10.10 sec

2024-10-23 15:36:56,775 - qm - INFO     - Sending program to QOP for compilation
2024-10-23 15:36:58,170 - qm - INFO     - Executing program
terminating objective call

Total relaxation time: 10.10 sec

2024-10-23 15:37:18,886 - qm - INFO     - Sending program to QOP for compilation
2024-10-23 15:37:19,979 - qm - INFO     - Executing program
terminating objective call

Total relaxation time: 10.10 sec

2024-10-23 15:37:40,084 - qm - INFO     - Sending program to QOP for compilation
2024-10-23 15:37:41,519 - qm - INFO     - Executing program
terminating objective call

Total relaxation time: 10.10 sec

2024-10-23 15:38:02,129 - qm - INFO     - Sending program to QOP for compilation
2024-10-23 15:38:03,527 - qm - INFO     - Executing program
terminating objective call

Total relaxation time: 10.10 sec

2024-10-23 15:38:24,292 - qm - INFO     - Sending program to QOP for compilation
2024-10-23 15:38:25,712 - qm - INFO     - Executing program
terminating objective call

Total relaxation time: 10.10 sec

2024-10-23 15:38:45,867 - qm - INFO     - Sending program to QOP for compilation
2024-10-23 15:38:47,294 - qm - INFO     - Executing program
terminating objective call

Total relaxation time: 10.10 sec

2024-10-23 15:39:06,752 - qm - INFO     - Sending program to QOP for compilation
2024-10-23 15:39:08,267 - qm - INFO     - Executing program
terminating objective call

Total relaxation time: 10.10 sec

2024-10-23 15:39:28,117 - qm - INFO     - Sending program to QOP for compilation
2024-10-23 15:39:29,476 - qm - INFO     - Executing program
terminating objective call

Total relaxation time: 10.10 sec

2024-10-23 15:39:49,164 - qm - INFO     - Sending program to QOP for compilation
2024-10-23 15:39:50,528 - qm - INFO     - Executing program
terminating objective call

Total relaxation time: 10.10 sec

2024-10-23 15:40:10,329 - qm - INFO     - Sending program to QOP for compilation
2024-10-23 15:40:11,779 - qm - INFO     - Executing program
terminating objective call

Total relaxation time: 10.10 sec

2024-10-23 15:40:31,325 - qm - INFO     - Sending program to QOP for compilation
2024-10-23 15:40:32,744 - qm - INFO     - Executing program
terminating objective call

Total relaxation time: 10.10 sec

2024-10-23 15:40:52,415 - qm - INFO     - Sending program to QOP for compilation
2024-10-23 15:40:53,508 - qm - INFO     - Executing program
terminating objective call

Total relaxation time: 10.10 sec

2024-10-23 15:41:13,591 - qm - INFO     - Sending program to QOP for compilation
2024-10-23 15:41:15,058 - qm - INFO     - Executing program
terminating objective call

Total relaxation time: 10.10 sec

2024-10-23 15:41:34,627 - qm - INFO     - Sending program to QOP for compilation
2024-10-23 15:41:36,068 - qm - INFO     - Executing program
terminating objective call

Total relaxation time: 10.10 sec

2024-10-23 15:41:55,686 - qm - INFO     - Sending program to QOP for compilation
2024-10-23 15:41:57,204 - qm - INFO     - Executing program
terminating objective call

Total relaxation time: 10.10 sec

2024-10-23 15:42:16,780 - qm - INFO     - Sending program to QOP for compilation
2024-10-23 15:42:18,248 - qm - INFO     - Executing program
terminating objective call

Total relaxation time: 10.10 sec

2024-10-23 15:42:37,551 - qm - INFO     - Sending program to QOP for compilation
2024-10-23 15:42:38,979 - qm - INFO     - Executing program
terminating objective call

Total relaxation time: 10.10 sec

2024-10-23 15:42:58,656 - qm - INFO     - Sending program to QOP for compilation
2024-10-23 15:43:00,045 - qm - INFO     - Executing program
terminating objective call

Total relaxation time: 10.10 sec

2024-10-23 15:43:19,660 - qm - INFO     - Sending program to QOP for compilation
2024-10-23 15:43:21,113 - qm - INFO     - Executing program
terminating objective call
Completed iteration 1, objective value: 0.014151562837750624

Total relaxation time: 10.10 sec

2024-10-23 15:43:41,033 - qm - INFO     - Sending program to QOP for compilation
2024-10-23 15:43:42,402 - qm - INFO     - Executing program
terminating objective call

Total relaxation time: 10.10 sec

2024-10-23 15:44:01,863 - qm - INFO     - Sending program to QOP for compilation
2024-10-23 15:44:03,290 - qm - INFO     - Executing program
terminating objective call

Total relaxation time: 10.10 sec

2024-10-23 15:44:22,875 - qm - INFO     - Sending program to QOP for compilation
2024-10-23 15:44:24,476 - qm - INFO     - Executing program
terminating objective call

Total relaxation time: 10.10 sec

2024-10-23 15:44:43,882 - qm - INFO     - Sending program to QOP for compilation
2024-10-23 15:44:44,969 - qm - INFO     - Executing program
terminating objective call

Total relaxation time: 10.10 sec

2024-10-23 15:45:04,970 - qm - INFO     - Sending program to QOP for compilation
2024-10-23 15:45:06,339 - qm - INFO     - Executing program
terminating objective call

Total relaxation time: 10.10 sec

2024-10-23 15:45:25,997 - qm - INFO     - Sending program to QOP for compilation
2024-10-23 15:45:27,434 - qm - INFO     - Executing program
terminating objective call

Total relaxation time: 10.10 sec

2024-10-23 15:45:46,977 - qm - INFO     - Sending program to QOP for compilation
2024-10-23 15:45:48,372 - qm - INFO     - Executing program
terminating objective call

Total relaxation time: 10.10 sec

2024-10-23 15:46:08,398 - qm - INFO     - Sending program to QOP for compilation
2024-10-23 15:46:09,797 - qm - INFO     - Executing program
terminating objective call

Total relaxation time: 10.10 sec

2024-10-23 15:46:29,406 - qm - INFO     - Sending program to QOP for compilation
2024-10-23 15:46:30,791 - qm - INFO     - Executing program
terminating objective call

Total relaxation time: 10.10 sec

2024-10-23 15:46:50,181 - qm - INFO     - Sending program to QOP for compilation
2024-10-23 15:46:51,670 - qm - INFO     - Executing program
terminating objective call

Total relaxation time: 10.10 sec

2024-10-23 15:47:11,241 - qm - INFO     - Sending program to QOP for compilation
2024-10-23 15:47:12,663 - qm - INFO     - Executing program
terminating objective call

Total relaxation time: 10.10 sec

2024-10-23 15:47:32,273 - qm - INFO     - Sending program to QOP for compilation
2024-10-23 15:47:33,707 - qm - INFO     - Executing program
terminating objective call

Total relaxation time: 10.10 sec

2024-10-23 15:47:53,314 - qm - INFO     - Sending program to QOP for compilation
2024-10-23 15:47:54,848 - qm - INFO     - Executing program
terminating objective call
Completed iteration 2, objective value: 0.01646396603014324

Total relaxation time: 10.10 sec

2024-10-23 15:48:14,382 - qm - INFO     - Sending program to QOP for compilation
2024-10-23 15:48:15,801 - qm - INFO     - Executing program
terminating objective call

Total relaxation time: 10.10 sec

2024-10-23 15:48:35,432 - qm - INFO     - Sending program to QOP for compilation
2024-10-23 15:48:36,861 - qm - INFO     - Executing program
terminating objective call

Total relaxation time: 10.10 sec

2024-10-23 15:48:56,596 - qm - INFO     - Sending program to QOP for compilation
2024-10-23 15:48:58,051 - qm - INFO     - Executing program
terminating objective call

Total relaxation time: 10.10 sec

2024-10-23 15:49:17,534 - qm - INFO     - Sending program to QOP for compilation
2024-10-23 15:49:18,951 - qm - INFO     - Executing program
terminating objective call

Total relaxation time: 10.10 sec

2024-10-23 15:49:38,529 - qm - INFO     - Sending program to QOP for compilation
2024-10-23 15:49:40,007 - qm - INFO     - Executing program
terminating objective call

Total relaxation time: 10.10 sec

2024-10-23 15:49:59,955 - qm - INFO     - Sending program to QOP for compilation
2024-10-23 15:50:01,410 - qm - INFO     - Executing program
terminating objective call

Total relaxation time: 10.10 sec

2024-10-23 15:50:21,415 - qm - INFO     - Sending program to QOP for compilation
2024-10-23 15:50:22,821 - qm - INFO     - Executing program
terminating objective call

Total relaxation time: 10.10 sec

2024-10-23 15:50:42,146 - qm - INFO     - Sending program to QOP for compilation
2024-10-23 15:50:43,605 - qm - INFO     - Executing program
terminating objective call

Total relaxation time: 10.10 sec

2024-10-23 15:51:02,798 - qm - INFO     - Sending program to QOP for compilation
2024-10-23 15:51:04,231 - qm - INFO     - Executing program
terminating objective call

Total relaxation time: 10.10 sec

2024-10-23 15:51:25,216 - qm - INFO     - Sending program to QOP for compilation
2024-10-23 15:51:26,677 - qm - INFO     - Executing program
terminating objective call

Total relaxation time: 10.10 sec

2024-10-23 15:51:46,226 - qm - INFO     - Sending program to QOP for compilation
2024-10-23 15:51:47,632 - qm - INFO     - Executing program
terminating objective call

Total relaxation time: 10.10 sec

2024-10-23 15:52:07,351 - qm - INFO     - Sending program to QOP for compilation
2024-10-23 15:52:08,780 - qm - INFO     - Executing program
terminating objective call

Total relaxation time: 10.10 sec

2024-10-23 15:52:29,381 - qm - INFO     - Sending program to QOP for compilation
2024-10-23 15:52:30,783 - qm - INFO     - Executing program
terminating objective call

Total relaxation time: 10.10 sec

2024-10-23 15:52:50,755 - qm - INFO     - Sending program to QOP for compilation
2024-10-23 15:52:52,171 - qm - INFO     - Executing program
terminating objective call

Total relaxation time: 10.10 sec

2024-10-23 15:53:12,725 - qm - INFO     - Sending program to QOP for compilation
2024-10-23 15:53:14,163 - qm - INFO     - Executing program
terminating objective call

Total relaxation time: 10.10 sec

2024-10-23 15:53:34,089 - qm - INFO     - Sending program to QOP for compilation
2024-10-23 15:53:35,508 - qm - INFO     - Executing program
terminating objective call

Total relaxation time: 10.10 sec

2024-10-23 15:53:54,963 - qm - INFO     - Sending program to QOP for compilation
2024-10-23 15:53:56,071 - qm - INFO     - Executing program
terminating objective call

Total relaxation time: 10.10 sec

2024-10-23 15:54:15,671 - qm - INFO     - Sending program to QOP for compilation
2024-10-23 15:54:17,098 - qm - INFO     - Executing program
terminating objective call

Total relaxation time: 10.10 sec

2024-10-23 15:54:36,547 - qm - INFO     - Sending program to QOP for compilation
2024-10-23 15:54:38,002 - qm - INFO     - Executing program
terminating objective call

Total relaxation time: 10.10 sec

2024-10-23 15:54:57,938 - qm - INFO     - Sending program to QOP for compilation
2024-10-23 15:54:59,050 - qm - INFO     - Executing program
terminating objective call

Total relaxation time: 10.10 sec

2024-10-23 15:55:18,987 - qm - INFO     - Sending program to QOP for compilation
2024-10-23 15:55:20,461 - qm - INFO     - Executing program
terminating objective call

Total relaxation time: 10.10 sec

2024-10-23 15:55:40,131 - qm - INFO     - Sending program to QOP for compilation
2024-10-23 15:55:41,577 - qm - INFO     - Executing program
terminating objective call

Total relaxation time: 10.10 sec

2024-10-23 15:56:01,126 - qm - INFO     - Sending program to QOP for compilation
2024-10-23 15:56:02,227 - qm - INFO     - Executing program
terminating objective call

Total relaxation time: 10.10 sec

2024-10-23 15:56:22,201 - qm - INFO     - Sending program to QOP for compilation
2024-10-23 15:56:23,602 - qm - INFO     - Executing program
terminating objective call

Total relaxation time: 10.10 sec

2024-10-23 15:56:43,344 - qm - INFO     - Sending program to QOP for compilation
2024-10-23 15:56:44,743 - qm - INFO     - Executing program
terminating objective call

Total relaxation time: 10.10 sec

2024-10-23 15:57:04,365 - qm - INFO     - Sending program to QOP for compilation
2024-10-23 15:57:05,744 - qm - INFO     - Executing program
terminating objective call

Total relaxation time: 10.10 sec

2024-10-23 15:57:25,434 - qm - INFO     - Sending program to QOP for compilation
2024-10-23 15:57:26,898 - qm - INFO     - Executing program
terminating objective call

Total relaxation time: 10.10 sec

2024-10-23 15:57:46,495 - qm - INFO     - Sending program to QOP for compilation
2024-10-23 15:57:48,000 - qm - INFO     - Executing program
terminating objective call

Total relaxation time: 10.10 sec

2024-10-23 15:58:07,577 - qm - INFO     - Sending program to QOP for compilation
2024-10-23 15:58:09,015 - qm - INFO     - Executing program
terminating objective call
Completed iteration 3, objective value: 0.015829298074083613

Total relaxation time: 10.10 sec

2024-10-23 15:58:28,309 - qm - INFO     - Sending program to QOP for compilation
2024-10-23 15:58:29,484 - qm - INFO     - Executing program
terminating objective call

Total relaxation time: 10.10 sec

2024-10-23 15:58:49,390 - qm - INFO     - Sending program to QOP for compilation
2024-10-23 15:58:50,799 - qm - INFO     - Executing program
terminating objective call

Total relaxation time: 10.10 sec

2024-10-23 15:59:10,354 - qm - INFO     - Sending program to QOP for compilation
2024-10-23 15:59:11,734 - qm - INFO     - Executing program
terminating objective call

Total relaxation time: 10.10 sec

2024-10-23 15:59:31,490 - qm - INFO     - Sending program to QOP for compilation
2024-10-23 15:59:32,975 - qm - INFO     - Executing program
terminating objective call

Total relaxation time: 10.10 sec

2024-10-23 15:59:52,433 - qm - INFO     - Sending program to QOP for compilation
2024-10-23 15:59:53,824 - qm - INFO     - Executing program
terminating objective call

Total relaxation time: 10.10 sec

2024-10-23 16:00:13,501 - qm - INFO     - Sending program to QOP for compilation
2024-10-23 16:00:14,931 - qm - INFO     - Executing program
terminating objective call

Total relaxation time: 10.10 sec

2024-10-23 16:00:34,933 - qm - INFO     - Sending program to QOP for compilation
2024-10-23 16:00:36,279 - qm - INFO     - Executing program
terminating objective call

Total relaxation time: 10.10 sec

2024-10-23 16:00:55,646 - qm - INFO     - Sending program to QOP for compilation
2024-10-23 16:00:57,094 - qm - INFO     - Executing program
terminating objective call

Total relaxation time: 10.10 sec

2024-10-23 16:01:16,697 - qm - INFO     - Sending program to QOP for compilation
2024-10-23 16:01:18,044 - qm - INFO     - Executing program
terminating objective call

Total relaxation time: 10.10 sec

2024-10-23 16:01:37,720 - qm - INFO     - Sending program to QOP for compilation
2024-10-23 16:01:39,138 - qm - INFO     - Executing program
terminating objective call

Total relaxation time: 10.10 sec

2024-10-23 16:01:58,805 - qm - INFO     - Sending program to QOP for compilation
2024-10-23 16:02:00,278 - qm - INFO     - Executing program
terminating objective call

Total relaxation time: 10.10 sec

2024-10-23 16:02:19,841 - qm - INFO     - Sending program to QOP for compilation
2024-10-23 16:02:21,275 - qm - INFO     - Executing program
terminating objective call

Total relaxation time: 10.10 sec

2024-10-23 16:02:40,863 - qm - INFO     - Sending program to QOP for compilation
2024-10-23 16:02:42,311 - qm - INFO     - Executing program
terminating objective call

Total relaxation time: 10.10 sec

2024-10-23 16:03:01,918 - qm - INFO     - Sending program to QOP for compilation
2024-10-23 16:03:03,338 - qm - INFO     - Executing program
terminating objective call

Total relaxation time: 10.10 sec

2024-10-23 16:03:23,338 - qm - INFO     - Sending program to QOP for compilation
2024-10-23 16:03:24,763 - qm - INFO     - Executing program
terminating objective call

Total relaxation time: 10.10 sec

2024-10-23 16:03:44,010 - qm - INFO     - Sending program to QOP for compilation
2024-10-23 16:03:45,462 - qm - INFO     - Executing program
terminating objective call

Total relaxation time: 10.10 sec

2024-10-23 16:04:05,019 - qm - INFO     - Sending program to QOP for compilation
2024-10-23 16:04:06,374 - qm - INFO     - Executing program
terminating objective call

Total relaxation time: 10.10 sec

2024-10-23 16:04:26,158 - qm - INFO     - Sending program to QOP for compilation
2024-10-23 16:04:27,597 - qm - INFO     - Executing program
terminating objective call

Total relaxation time: 10.10 sec

2024-10-23 16:04:47,135 - qm - INFO     - Sending program to QOP for compilation
2024-10-23 16:04:48,679 - qm - INFO     - Executing program
terminating objective call

Total relaxation time: 10.10 sec

2024-10-23 16:05:08,130 - qm - INFO     - Sending program to QOP for compilation
2024-10-23 16:05:09,503 - qm - INFO     - Executing program
terminating objective call

Total relaxation time: 10.10 sec

2024-10-23 16:05:29,207 - qm - INFO     - Sending program to QOP for compilation
2024-10-23 16:05:30,574 - qm - INFO     - Executing program
terminating objective call

Total relaxation time: 10.10 sec

2024-10-23 16:05:50,247 - qm - INFO     - Sending program to QOP for compilation
2024-10-23 16:05:51,668 - qm - INFO     - Executing program
terminating objective call

Total relaxation time: 10.10 sec

2024-10-23 16:06:11,341 - qm - INFO     - Sending program to QOP for compilation
2024-10-23 16:06:12,734 - qm - INFO     - Executing program
terminating objective call

Total relaxation time: 10.10 sec

2024-10-23 16:06:32,647 - qm - INFO     - Sending program to QOP for compilation
2024-10-23 16:06:34,073 - qm - INFO     - Executing program
terminating objective call

Total relaxation time: 10.10 sec

2024-10-23 16:06:53,392 - qm - INFO     - Sending program to QOP for compilation
2024-10-23 16:06:54,841 - qm - INFO     - Executing program
slurmstepd-fahid: error: *** JOB 615141 ON fahid CANCELLED AT 2024-10-23T16:07:09 ***
