2024-10-17 21:13:00,085 - qm - INFO     - Starting session: e3ddfe40-bc03-4acd-8daf-30dd433deca0
2024-10-17 21:13:03,254 - qm - INFO     - Octave "octave2" Health check passed, current temperature 60
2024-10-17 21:13:03,990 - qm - INFO     - Octave "octave3" Health check passed, current temperature 57
2024-10-17 21:13:04,724 - qm - INFO     - Octave "octave4" Health check passed, current temperature 58
2024-10-17 21:13:05,777 - qm - INFO     - Octave "octave5" Health check passed, current temperature 59
2024-10-17 21:13:07,221 - qm - INFO     - Octave "octave6" Health check passed, current temperature 58
2024-10-17 21:13:07,222 - qm - INFO     - Performing health check
2024-10-17 21:13:07,241 - qm - WARNING  - Health check warning: Inter-OPX connectivity issues in OPX: con1. Missing ports are: 12, 11, 10, 9. See QM-App for more info.
2024-10-17 21:13:07,241 - qm - WARNING  - Health check warning: Inter-OPX connectivity issues in OPX: con2. Missing ports are: 12, 11, 10, 9. See QM-App for more info.
2024-10-17 21:13:07,242 - qm - WARNING  - Health check warning: Inter-OPX connectivity issues in OPX: con3. Missing ports are: 12, 11, 10, 9. See QM-App for more info.
2024-10-17 21:13:07,242 - qm - WARNING  - Health check warning: Inter-OPX connectivity issues in OPX: con4. Missing ports are: 12, 11, 10, 9. See QM-App for more info.
2024-10-17 21:13:07,242 - qm - WARNING  - Health check warning: Inter-OPX connectivity issues in OPX: con5. Missing ports are: 12, 11, 10, 9. See QM-App for more info.
2024-10-17 21:13:07,242 - qm - WARNING  - Health check warning: Inter-OPX connectivity issues in OPX: con6. Missing ports are: 12, 11, 10, 9. See QM-App for more info.
2024-10-17 21:13:07,242 - qm - WARNING  - Health check warning: Inter-OPX connectivity issues in OPX: con7. Missing ports are: 12, 11, 10, 9. See QM-App for more info.
2024-10-17 21:13:07,242 - qm - WARNING  - Health check warning: Inter-OPX connectivity issues in OPX: con8. Missing ports are: 12, 11, 10, 9. See QM-App for more info.
2024-10-17 21:13:07,242 - qm - WARNING  - Health check warning: Inter-OPX connectivity issues in OPX: con9. Missing ports are: 12, 11, 10, 9. See QM-App for more info.
2024-10-17 21:13:07,242 - qm - INFO     - Health check passed
Connected to: Rohde&Schwarz SGS100A (serial:1416.0505k02/114167, firmware:4.2.76.0-4.30.046.295) in 0.18s
Connected to: Rohde&Schwarz SGS100A (serial:1416.0505k02/114164, firmware:4.2.76.0-4.30.046.295) in 0.14s
2024-10-17 21:13:10,096 - qm - INFO     - Sending program to QOP for compilation
2024-10-17 21:13:10,255 - qm - INFO     - Executing program
2024-10-17 21:13:13,638 - qm - INFO     - Sending program to QOP for compilation
2024-10-17 21:13:13,848 - qm - INFO     - Executing program
2024-10-17 21:13:17,029 - qm - INFO     - Sending program to QOP for compilation
2024-10-17 21:13:17,239 - qm - INFO     - Executing program
2024-10-17 21:13:20,471 - qm - INFO     - Sending program to QOP for compilation
2024-10-17 21:13:20,667 - qm - INFO     - Executing program
2024-10-17 21:13:23,913 - qm - INFO     - Sending program to QOP for compilation
2024-10-17 21:13:24,065 - qm - INFO     - Executing program
2024-10-17 21:13:27,361 - qm - INFO     - Sending program to QOP for compilation
2024-10-17 21:13:27,556 - qm - INFO     - Executing program
2024-10-17 21:13:29,972 - qm - INFO     - Sending program to QOP for compilation
2024-10-17 21:13:30,177 - qm - INFO     - Executing program
2024-10-17 21:13:32,526 - qm - INFO     - Sending program to QOP for compilation
2024-10-17 21:13:32,745 - qm - INFO     - Executing program
2024-10-17 21:13:35,544 - qm - INFO     - Sending program to QOP for compilation
2024-10-17 21:13:35,755 - qm - INFO     - Executing program
2024-10-17 21:13:38,704 - qm - INFO     - Sending program to QOP for compilation
2024-10-17 21:13:38,905 - qm - INFO     - Executing program
2024-10-17 21:13:41,256 - qm - INFO     - Sending program to QOP for compilation
2024-10-17 21:13:41,462 - qm - INFO     - Executing program
2024-10-17 21:13:44,288 - qm - INFO     - Sending program to QOP for compilation
2024-10-17 21:13:44,445 - qm - INFO     - Executing program
2024-10-17 21:13:47,058 - qm - INFO     - Sending program to QOP for compilation
2024-10-17 21:13:47,206 - qm - INFO     - Executing program
2024-10-17 21:13:50,005 - qm - INFO     - Sending program to QOP for compilation
2024-10-17 21:13:50,217 - qm - INFO     - Executing program
2024-10-17 21:13:52,333 - qm - INFO     - Sending program to QOP for compilation
2024-10-17 21:13:52,546 - qm - INFO     - Executing program
2024-10-17 21:13:55,784 - qm - INFO     - Sending program to QOP for compilation
2024-10-17 21:13:56,000 - qm - INFO     - Executing program
/nfs/users/elisa.stabilini/calibration/lib/python3.10/site-packages/scipy/optimize/_minpack_py.py:975: RuntimeWarning: divide by zero encountered in divide
  transform = 1.0 / sigma
/nfs/users/elisa.stabilini/calibration/lib/python3.10/site-packages/scipy/optimize/_minpack_py.py:544: RuntimeWarning: invalid value encountered in multiply
  return transform * (func(xdata, *params) - ydata)
Traceback (most recent call last):
  File "/nfs/users/elisa.stabilini/optimization/D1_optimization.py", line 37, in <module>
    beta_best = drag_output.results.betas[target]
KeyError: 'D1'
