2024-10-13 20:27:32,412 - qm - INFO     - Starting session: debe10f1-4ea2-42a1-af36-860e83a6abb9
2024-10-13 20:27:35,402 - qm - INFO     - Octave "octave2" Health check passed, current temperature 60
2024-10-13 20:27:36,135 - qm - INFO     - Octave "octave3" Health check passed, current temperature 57
2024-10-13 20:27:36,869 - qm - INFO     - Octave "octave4" Health check passed, current temperature 58
2024-10-13 20:27:37,603 - qm - INFO     - Octave "octave5" Health check passed, current temperature 59
2024-10-13 20:27:38,503 - qm - INFO     - Octave "octave6" Health check passed, current temperature 58
2024-10-13 20:27:38,504 - qm - INFO     - Performing health check
2024-10-13 20:27:38,524 - qm - WARNING  - Health check warning: Inter-OPX connectivity issues in OPX: con1. Missing ports are: 12, 11, 10, 9. See QM-App for more info.
2024-10-13 20:27:38,524 - qm - WARNING  - Health check warning: Inter-OPX connectivity issues in OPX: con2. Missing ports are: 12, 11, 10, 9. See QM-App for more info.
2024-10-13 20:27:38,524 - qm - WARNING  - Health check warning: Inter-OPX connectivity issues in OPX: con3. Missing ports are: 12, 11, 10, 9. See QM-App for more info.
2024-10-13 20:27:38,524 - qm - WARNING  - Health check warning: Inter-OPX connectivity issues in OPX: con4. Missing ports are: 12, 11, 10, 9. See QM-App for more info.
2024-10-13 20:27:38,524 - qm - WARNING  - Health check warning: Inter-OPX connectivity issues in OPX: con5. Missing ports are: 12, 11, 10, 9. See QM-App for more info.
2024-10-13 20:27:38,524 - qm - WARNING  - Health check warning: Inter-OPX connectivity issues in OPX: con6. Missing ports are: 12, 11, 10, 9. See QM-App for more info.
2024-10-13 20:27:38,524 - qm - WARNING  - Health check warning: Inter-OPX connectivity issues in OPX: con7. Missing ports are: 12, 11, 10, 9. See QM-App for more info.
2024-10-13 20:27:38,524 - qm - WARNING  - Health check warning: Inter-OPX connectivity issues in OPX: con8. Missing ports are: 12, 11, 10, 9. See QM-App for more info.
2024-10-13 20:27:38,524 - qm - WARNING  - Health check warning: Inter-OPX connectivity issues in OPX: con9. Missing ports are: 12, 11, 10, 9. See QM-App for more info.
2024-10-13 20:27:38,524 - qm - INFO     - Health check passed
Connected to: Rohde&Schwarz SGS100A (serial:1416.0505k02/114167, firmware:4.2.76.0-4.30.046.295) in 0.18s
Connected to: Rohde&Schwarz SGS100A (serial:1416.0505k02/114164, firmware:4.2.76.0-4.30.046.295) in 0.15s
2024-10-13 20:27:41,436 - qm - INFO     - Sending program to QOP for compilation
2024-10-13 20:27:41,646 - qm - INFO     - Executing program
2024-10-13 20:27:43,960 - qm - INFO     - Sending program to QOP for compilation
2024-10-13 20:27:44,169 - qm - INFO     - Executing program
2024-10-13 20:27:46,564 - qm - INFO     - Sending program to QOP for compilation
2024-10-13 20:27:46,780 - qm - INFO     - Executing program
2024-10-13 20:27:48,994 - qm - INFO     - Sending program to QOP for compilation
2024-10-13 20:27:49,144 - qm - INFO     - Executing program
2024-10-13 20:27:51,836 - qm - INFO     - Sending program to QOP for compilation
2024-10-13 20:27:52,070 - qm - INFO     - Executing program
2024-10-13 20:27:54,227 - qm - INFO     - Sending program to QOP for compilation
2024-10-13 20:27:54,437 - qm - INFO     - Executing program
2024-10-13 20:27:57,085 - qm - INFO     - Sending program to QOP for compilation
2024-10-13 20:27:57,234 - qm - INFO     - Executing program
2024-10-13 20:27:59,475 - qm - INFO     - Sending program to QOP for compilation
2024-10-13 20:27:59,625 - qm - INFO     - Executing program
2024-10-13 20:28:02,326 - qm - INFO     - Sending program to QOP for compilation
2024-10-13 20:28:02,478 - qm - INFO     - Executing program
2024-10-13 20:28:04,737 - qm - INFO     - Sending program to QOP for compilation
2024-10-13 20:28:04,886 - qm - INFO     - Executing program
2024-10-13 20:28:07,587 - qm - INFO     - Sending program to QOP for compilation
2024-10-13 20:28:07,787 - qm - INFO     - Executing program
2024-10-13 20:28:10,228 - qm - INFO     - Sending program to QOP for compilation
2024-10-13 20:28:10,377 - qm - INFO     - Executing program
2024-10-13 20:28:13,688 - qm - INFO     - Sending program to QOP for compilation
2024-10-13 20:28:13,844 - qm - INFO     - Executing program
2024-10-13 20:28:15,988 - qm - INFO     - Sending program to QOP for compilation
2024-10-13 20:28:16,205 - qm - INFO     - Executing program
2024-10-13 20:28:18,912 - qm - INFO     - Sending program to QOP for compilation
2024-10-13 20:28:19,058 - qm - INFO     - Executing program
2024-10-13 20:28:21,222 - qm - INFO     - Sending program to QOP for compilation
2024-10-13 20:28:21,441 - qm - INFO     - Executing program

Total relaxation time: 10.10 sec

2024-10-13 20:28:26,287 - qm - INFO     - Sending program to QOP for compilation
2024-10-13 20:28:27,804 - qm - INFO     - Executing program
terminating objective call

Total relaxation time: 10.10 sec

2024-10-13 20:28:47,345 - qm - INFO     - Sending program to QOP for compilation
2024-10-13 20:28:48,816 - qm - INFO     - Executing program
terminating objective call

Total relaxation time: 10.10 sec

2024-10-13 20:29:08,387 - qm - INFO     - Sending program to QOP for compilation
2024-10-13 20:29:09,857 - qm - INFO     - Executing program
terminating objective call

Total relaxation time: 10.10 sec

2024-10-13 20:29:29,497 - qm - INFO     - Sending program to QOP for compilation
2024-10-13 20:29:30,923 - qm - INFO     - Executing program
terminating objective call

Total relaxation time: 10.10 sec

2024-10-13 20:29:50,454 - qm - INFO     - Sending program to QOP for compilation
2024-10-13 20:29:51,558 - qm - INFO     - Executing program
terminating objective call

Total relaxation time: 10.10 sec

2024-10-13 20:30:11,516 - qm - INFO     - Sending program to QOP for compilation
2024-10-13 20:30:12,914 - qm - INFO     - Executing program
terminating objective call

Total relaxation time: 10.10 sec

2024-10-13 20:30:32,641 - qm - INFO     - Sending program to QOP for compilation
2024-10-13 20:30:34,048 - qm - INFO     - Executing program
terminating objective call
Completed iteration 1, objective value: 0.006171509453478811

Total relaxation time: 10.10 sec

2024-10-13 20:30:53,648 - qm - INFO     - Sending program to QOP for compilation
2024-10-13 20:30:55,065 - qm - INFO     - Executing program
terminating objective call

Total relaxation time: 10.10 sec

2024-10-13 20:31:14,680 - qm - INFO     - Sending program to QOP for compilation
2024-10-13 20:31:16,170 - qm - INFO     - Executing program
terminating objective call

Total relaxation time: 10.10 sec

2024-10-13 20:31:35,704 - qm - INFO     - Sending program to QOP for compilation
2024-10-13 20:31:37,026 - qm - INFO     - Executing program
terminating objective call
Completed iteration 2, objective value: 0.00314225014218182

Total relaxation time: 10.10 sec

2024-10-13 20:31:56,719 - qm - INFO     - Sending program to QOP for compilation
2024-10-13 20:31:58,224 - qm - INFO     - Executing program
terminating objective call

Total relaxation time: 10.10 sec

2024-10-13 20:32:18,080 - qm - INFO     - Sending program to QOP for compilation
2024-10-13 20:32:19,554 - qm - INFO     - Executing program
terminating objective call

Total relaxation time: 10.10 sec

2024-10-13 20:32:38,860 - qm - INFO     - Sending program to QOP for compilation
2024-10-13 20:32:40,303 - qm - INFO     - Executing program
terminating objective call
Completed iteration 3, objective value: 0.0016577883800671896

Total relaxation time: 10.10 sec

2024-10-13 20:32:59,893 - qm - INFO     - Sending program to QOP for compilation
2024-10-13 20:33:01,287 - qm - INFO     - Executing program
terminating objective call

Total relaxation time: 10.10 sec

2024-10-13 20:33:20,999 - qm - INFO     - Sending program to QOP for compilation
2024-10-13 20:33:22,099 - qm - INFO     - Executing program
terminating objective call
Completed iteration 4, objective value: 0.0017706928134270919
Elapsed time: 368.2116823196411 seconds
