2024-10-24 09:37:25,018 - qm - INFO     - Starting session: 9617a786-edf5-409a-a23a-75da424e6d58
2024-10-24 09:37:27,852 - qm - INFO     - Octave "octave2" Health check passed, current temperature 60
2024-10-24 09:37:28,826 - qm - INFO     - Octave "octave3" Health check passed, current temperature 57
2024-10-24 09:37:30,211 - qm - INFO     - Octave "octave4" Health check passed, current temperature 58
2024-10-24 09:37:31,604 - qm - INFO     - Octave "octave5" Health check passed, current temperature 59
2024-10-24 09:37:32,341 - qm - INFO     - Octave "octave6" Health check passed, current temperature 58
2024-10-24 09:37:32,341 - qm - INFO     - Performing health check
2024-10-24 09:37:32,361 - qm - WARNING  - Health check warning: Inter-OPX connectivity issues in OPX: con1. Missing ports are: 12, 11, 10, 9. See QM-App for more info.
2024-10-24 09:37:32,362 - qm - WARNING  - Health check warning: Inter-OPX connectivity issues in OPX: con2. Missing ports are: 12, 11, 10, 9. See QM-App for more info.
2024-10-24 09:37:32,362 - qm - WARNING  - Health check warning: Inter-OPX connectivity issues in OPX: con3. Missing ports are: 12, 11, 10, 9. See QM-App for more info.
2024-10-24 09:37:32,362 - qm - WARNING  - Health check warning: Inter-OPX connectivity issues in OPX: con4. Missing ports are: 12, 11, 10, 9. See QM-App for more info.
2024-10-24 09:37:32,362 - qm - WARNING  - Health check warning: Inter-OPX connectivity issues in OPX: con5. Missing ports are: 12, 11, 10, 9. See QM-App for more info.
2024-10-24 09:37:32,362 - qm - WARNING  - Health check warning: Inter-OPX connectivity issues in OPX: con6. Missing ports are: 12, 11, 10, 9. See QM-App for more info.
2024-10-24 09:37:32,362 - qm - WARNING  - Health check warning: Inter-OPX connectivity issues in OPX: con7. Missing ports are: 12, 11, 10, 9. See QM-App for more info.
2024-10-24 09:37:32,362 - qm - WARNING  - Health check warning: Inter-OPX connectivity issues in OPX: con8. Missing ports are: 12, 11, 10, 9. See QM-App for more info.
2024-10-24 09:37:32,362 - qm - WARNING  - Health check warning: Inter-OPX connectivity issues in OPX: con9. Missing ports are: 12, 11, 10, 9. See QM-App for more info.
2024-10-24 09:37:32,362 - qm - INFO     - Health check passed
Connected to: Rohde&Schwarz SGS100A (serial:1416.0505k02/114167, firmware:4.2.76.0-4.30.046.295) in 0.18s
Connected to: Rohde&Schwarz SGS100A (serial:1416.0505k02/114164, firmware:4.2.76.0-4.30.046.295) in 0.14s
2024-10-24 09:37:34,587 - qm - INFO     - Sending program to QOP for compilation
2024-10-24 09:37:34,793 - qm - INFO     - Executing program
2024-10-24 09:37:38,060 - qm - INFO     - Sending program to QOP for compilation
2024-10-24 09:37:38,341 - qm - INFO     - Executing program
2024-10-24 09:37:40,788 - qm - INFO     - Sending program to QOP for compilation
2024-10-24 09:37:40,940 - qm - INFO     - Executing program
2024-10-24 09:37:43,036 - qm - INFO     - Sending program to QOP for compilation
2024-10-24 09:37:43,252 - qm - INFO     - Executing program
2024-10-24 09:37:45,899 - qm - INFO     - Sending program to QOP for compilation
2024-10-24 09:37:46,104 - qm - INFO     - Executing program
2024-10-24 09:37:48,222 - qm - INFO     - Sending program to QOP for compilation
2024-10-24 09:37:48,437 - qm - INFO     - Executing program
2024-10-24 09:37:51,109 - qm - INFO     - Sending program to QOP for compilation
2024-10-24 09:37:51,323 - qm - INFO     - Executing program
2024-10-24 09:37:53,396 - qm - INFO     - Sending program to QOP for compilation
2024-10-24 09:37:53,623 - qm - INFO     - Executing program
2024-10-24 09:37:56,260 - qm - INFO     - Sending program to QOP for compilation
2024-10-24 09:37:56,477 - qm - INFO     - Executing program
2024-10-24 09:37:58,572 - qm - INFO     - Sending program to QOP for compilation
2024-10-24 09:37:58,796 - qm - INFO     - Executing program
2024-10-24 09:38:01,449 - qm - INFO     - Sending program to QOP for compilation
2024-10-24 09:38:01,667 - qm - INFO     - Executing program
2024-10-24 09:38:03,740 - qm - INFO     - Sending program to QOP for compilation
2024-10-24 09:38:03,962 - qm - INFO     - Executing program
2024-10-24 09:38:06,638 - qm - INFO     - Sending program to QOP for compilation
2024-10-24 09:38:06,795 - qm - INFO     - Executing program
2024-10-24 09:38:08,908 - qm - INFO     - Sending program to QOP for compilation
2024-10-24 09:38:09,137 - qm - INFO     - Executing program
2024-10-24 09:38:11,800 - qm - INFO     - Sending program to QOP for compilation
2024-10-24 09:38:11,956 - qm - INFO     - Executing program
2024-10-24 09:38:14,101 - qm - INFO     - Sending program to QOP for compilation
2024-10-24 09:38:14,307 - qm - INFO     - Executing program
/nfs/users/elisa.stabilini/calibration/lib/python3.10/site-packages/cma/evolution_strategy.py:1929: UserWarning: Sampling standard deviation i=2 at iteration 0 change by 0.6666444448148106 to stds[2]=0.16666666666666666
  warnings.warn("Sampling standard deviation i={0} at iteration {1}"
(3_w,7)-aCMA-ES (mu_w=2.3,w_1=58%) in dimension 3 (seed=870309, Thu Oct 24 09:38:14 2024)

Total relaxation time: 10.10 sec

2024-10-24 09:38:19,296 - qm - INFO     - Sending program to QOP for compilation
2024-10-24 09:38:20,680 - qm - INFO     - Executing program
terminating objective call

Total relaxation time: 10.10 sec

2024-10-24 09:38:40,164 - qm - INFO     - Sending program to QOP for compilation
2024-10-24 09:38:41,603 - qm - INFO     - Executing program
terminating objective call

Total relaxation time: 10.10 sec

2024-10-24 09:39:00,986 - qm - INFO     - Sending program to QOP for compilation
2024-10-24 09:39:02,398 - qm - INFO     - Executing program
terminating objective call

Total relaxation time: 10.10 sec

2024-10-24 09:39:21,771 - qm - INFO     - Sending program to QOP for compilation
2024-10-24 09:39:23,191 - qm - INFO     - Executing program
terminating objective call

Total relaxation time: 10.10 sec

2024-10-24 09:39:42,479 - qm - INFO     - Sending program to QOP for compilation
2024-10-24 09:39:43,886 - qm - INFO     - Executing program
terminating objective call

Total relaxation time: 10.10 sec

2024-10-24 09:40:03,690 - qm - INFO     - Sending program to QOP for compilation
2024-10-24 09:40:05,121 - qm - INFO     - Executing program
terminating objective call

Total relaxation time: 10.10 sec

2024-10-24 09:40:25,805 - qm - INFO     - Sending program to QOP for compilation
2024-10-24 09:40:27,162 - qm - INFO     - Executing program
terminating objective call
Completed iteration 1, objective value: 0.00857815999632446

Total relaxation time: 10.10 sec

2024-10-24 09:40:46,952 - qm - INFO     - Sending program to QOP for compilation
2024-10-24 09:40:48,355 - qm - INFO     - Executing program
terminating objective call

Total relaxation time: 10.10 sec

2024-10-24 09:41:07,734 - qm - INFO     - Sending program to QOP for compilation
2024-10-24 09:41:09,179 - qm - INFO     - Executing program
terminating objective call

Total relaxation time: 10.10 sec

2024-10-24 09:41:28,581 - qm - INFO     - Sending program to QOP for compilation
2024-10-24 09:41:30,023 - qm - INFO     - Executing program
terminating objective call

Total relaxation time: 10.10 sec

2024-10-24 09:41:49,432 - qm - INFO     - Sending program to QOP for compilation
2024-10-24 09:41:50,912 - qm - INFO     - Executing program
terminating objective call

Total relaxation time: 10.10 sec

2024-10-24 09:42:10,210 - qm - INFO     - Sending program to QOP for compilation
2024-10-24 09:42:11,667 - qm - INFO     - Executing program
terminating objective call

Total relaxation time: 10.10 sec

2024-10-24 09:42:30,987 - qm - INFO     - Sending program to QOP for compilation
2024-10-24 09:42:32,386 - qm - INFO     - Executing program
terminating objective call

Total relaxation time: 10.10 sec

2024-10-24 09:42:51,821 - qm - INFO     - Sending program to QOP for compilation
2024-10-24 09:42:53,331 - qm - INFO     - Executing program
terminating objective call
Completed iteration 2, objective value: 0.014864936896683497

Total relaxation time: 10.10 sec

2024-10-24 09:43:12,685 - qm - INFO     - Sending program to QOP for compilation
2024-10-24 09:43:14,128 - qm - INFO     - Executing program
terminating objective call

Total relaxation time: 10.10 sec

2024-10-24 09:43:33,412 - qm - INFO     - Sending program to QOP for compilation
2024-10-24 09:43:34,902 - qm - INFO     - Executing program
terminating objective call

Total relaxation time: 10.10 sec

2024-10-24 09:43:54,231 - qm - INFO     - Sending program to QOP for compilation
2024-10-24 09:43:55,606 - qm - INFO     - Executing program
terminating objective call

Total relaxation time: 10.10 sec

2024-10-24 09:44:15,089 - qm - INFO     - Sending program to QOP for compilation
2024-10-24 09:44:16,211 - qm - INFO     - Executing program
terminating objective call

Total relaxation time: 10.10 sec

2024-10-24 09:44:36,825 - qm - INFO     - Sending program to QOP for compilation
2024-10-24 09:44:38,460 - qm - INFO     - Executing program
terminating objective call

Total relaxation time: 10.10 sec

2024-10-24 09:44:58,338 - qm - INFO     - Sending program to QOP for compilation
2024-10-24 09:44:59,457 - qm - INFO     - Executing program
terminating objective call

Total relaxation time: 10.10 sec

2024-10-24 09:45:20,162 - qm - INFO     - Sending program to QOP for compilation
2024-10-24 09:45:21,495 - qm - INFO     - Executing program
terminating objective call
Completed iteration 3, objective value: 0.0024257357676107224

Total relaxation time: 10.10 sec

2024-10-24 09:45:41,585 - qm - INFO     - Sending program to QOP for compilation
2024-10-24 09:45:42,924 - qm - INFO     - Executing program
terminating objective call

Total relaxation time: 10.10 sec

2024-10-24 09:46:02,960 - qm - INFO     - Sending program to QOP for compilation
2024-10-24 09:46:04,457 - qm - INFO     - Executing program
terminating objective call

Total relaxation time: 10.10 sec

2024-10-24 09:46:24,837 - qm - INFO     - Sending program to QOP for compilation
2024-10-24 09:46:25,925 - qm - INFO     - Executing program
terminating objective call

Total relaxation time: 10.10 sec

2024-10-24 09:46:45,897 - qm - INFO     - Sending program to QOP for compilation
2024-10-24 09:46:47,338 - qm - INFO     - Executing program
terminating objective call

Total relaxation time: 10.10 sec

2024-10-24 09:47:07,969 - qm - INFO     - Sending program to QOP for compilation
2024-10-24 09:47:09,402 - qm - INFO     - Executing program
terminating objective call

Total relaxation time: 10.10 sec

2024-10-24 09:47:29,232 - qm - INFO     - Sending program to QOP for compilation
2024-10-24 09:47:30,649 - qm - INFO     - Executing program
terminating objective call

Total relaxation time: 10.10 sec

2024-10-24 09:47:51,008 - qm - INFO     - Sending program to QOP for compilation
2024-10-24 09:47:52,093 - qm - INFO     - Executing program
terminating objective call
Completed iteration 4, objective value: 0.008937859056034163

Total relaxation time: 10.10 sec

2024-10-24 09:48:11,750 - qm - INFO     - Sending program to QOP for compilation
2024-10-24 09:48:13,137 - qm - INFO     - Executing program
terminating objective call

Total relaxation time: 10.10 sec

2024-10-24 09:48:32,512 - qm - INFO     - Sending program to QOP for compilation
2024-10-24 09:48:33,912 - qm - INFO     - Executing program
terminating objective call

Total relaxation time: 10.10 sec

2024-10-24 09:48:53,569 - qm - INFO     - Sending program to QOP for compilation
2024-10-24 09:48:54,744 - qm - INFO     - Executing program
terminating objective call

Total relaxation time: 10.10 sec

2024-10-24 09:49:15,617 - qm - INFO     - Sending program to QOP for compilation
2024-10-24 09:49:17,058 - qm - INFO     - Executing program
terminating objective call

Total relaxation time: 10.10 sec

2024-10-24 09:49:37,132 - qm - INFO     - Sending program to QOP for compilation
2024-10-24 09:49:38,556 - qm - INFO     - Executing program
terminating objective call

Total relaxation time: 10.10 sec

2024-10-24 09:49:58,120 - qm - INFO     - Sending program to QOP for compilation
2024-10-24 09:49:59,607 - qm - INFO     - Executing program
terminating objective call

Total relaxation time: 10.10 sec

2024-10-24 09:50:19,197 - qm - INFO     - Sending program to QOP for compilation
2024-10-24 09:50:20,323 - qm - INFO     - Executing program
terminating objective call
Completed iteration 5, objective value: 0.00658847699769017

Total relaxation time: 10.10 sec

2024-10-24 09:50:40,203 - qm - INFO     - Sending program to QOP for compilation
2024-10-24 09:50:41,617 - qm - INFO     - Executing program
terminating objective call

Total relaxation time: 10.10 sec

2024-10-24 09:51:01,334 - qm - INFO     - Sending program to QOP for compilation
2024-10-24 09:51:02,713 - qm - INFO     - Executing program
terminating objective call

Total relaxation time: 10.10 sec

2024-10-24 09:51:22,615 - qm - INFO     - Sending program to QOP for compilation
2024-10-24 09:51:24,034 - qm - INFO     - Executing program
terminating objective call

Total relaxation time: 10.10 sec

2024-10-24 09:51:43,397 - qm - INFO     - Sending program to QOP for compilation
2024-10-24 09:51:44,834 - qm - INFO     - Executing program
terminating objective call

Total relaxation time: 10.10 sec

2024-10-24 09:52:04,488 - qm - INFO     - Sending program to QOP for compilation
2024-10-24 09:52:05,891 - qm - INFO     - Executing program
terminating objective call

Total relaxation time: 10.10 sec

2024-10-24 09:52:25,444 - qm - INFO     - Sending program to QOP for compilation
2024-10-24 09:52:26,909 - qm - INFO     - Executing program
terminating objective call

Total relaxation time: 10.10 sec

2024-10-24 09:52:46,517 - qm - INFO     - Sending program to QOP for compilation
2024-10-24 09:52:48,030 - qm - INFO     - Executing program
terminating objective call
Completed iteration 6, objective value: 0.007984562919680194

Total relaxation time: 10.10 sec

2024-10-24 09:53:07,544 - qm - INFO     - Sending program to QOP for compilation
2024-10-24 09:53:08,944 - qm - INFO     - Executing program
terminating objective call

Total relaxation time: 10.10 sec

2024-10-24 09:53:28,625 - qm - INFO     - Sending program to QOP for compilation
2024-10-24 09:53:30,113 - qm - INFO     - Executing program
terminating objective call

Total relaxation time: 10.10 sec

2024-10-24 09:53:49,600 - qm - INFO     - Sending program to QOP for compilation
2024-10-24 09:53:51,155 - qm - INFO     - Executing program
terminating objective call

Total relaxation time: 10.10 sec

2024-10-24 09:54:10,640 - qm - INFO     - Sending program to QOP for compilation
2024-10-24 09:54:11,738 - qm - INFO     - Executing program
terminating objective call

Total relaxation time: 10.10 sec

2024-10-24 09:54:31,692 - qm - INFO     - Sending program to QOP for compilation
2024-10-24 09:54:33,120 - qm - INFO     - Executing program
terminating objective call

Total relaxation time: 10.10 sec

2024-10-24 09:54:52,783 - qm - INFO     - Sending program to QOP for compilation
2024-10-24 09:54:54,239 - qm - INFO     - Executing program
terminating objective call

Total relaxation time: 10.10 sec

2024-10-24 09:55:13,808 - qm - INFO     - Sending program to QOP for compilation
2024-10-24 09:55:14,904 - qm - INFO     - Executing program
terminating objective call
Completed iteration 7, objective value: 0.01146333419462519

Total relaxation time: 10.10 sec

2024-10-24 09:55:34,841 - qm - INFO     - Sending program to QOP for compilation
2024-10-24 09:55:36,243 - qm - INFO     - Executing program
terminating objective call

Total relaxation time: 10.10 sec

2024-10-24 09:55:55,947 - qm - INFO     - Sending program to QOP for compilation
2024-10-24 09:55:57,408 - qm - INFO     - Executing program
terminating objective call

Total relaxation time: 10.10 sec

2024-10-24 09:56:16,898 - qm - INFO     - Sending program to QOP for compilation
2024-10-24 09:56:18,287 - qm - INFO     - Executing program
terminating objective call

Total relaxation time: 10.10 sec

2024-10-24 09:56:37,959 - qm - INFO     - Sending program to QOP for compilation
2024-10-24 09:56:39,407 - qm - INFO     - Executing program
terminating objective call

Total relaxation time: 10.10 sec

2024-10-24 09:56:59,056 - qm - INFO     - Sending program to QOP for compilation
2024-10-24 09:57:00,159 - qm - INFO     - Executing program
terminating objective call

Total relaxation time: 10.10 sec

2024-10-24 09:57:20,055 - qm - INFO     - Sending program to QOP for compilation
2024-10-24 09:57:21,466 - qm - INFO     - Executing program
terminating objective call

Total relaxation time: 10.10 sec

2024-10-24 09:57:41,039 - qm - INFO     - Sending program to QOP for compilation
2024-10-24 09:57:42,511 - qm - INFO     - Executing program
terminating objective call
Completed iteration 8, objective value: 0.017419265749720598

Total relaxation time: 10.10 sec

2024-10-24 09:58:02,095 - qm - INFO     - Sending program to QOP for compilation
2024-10-24 09:58:03,505 - qm - INFO     - Executing program
terminating objective call

Total relaxation time: 10.10 sec

2024-10-24 09:58:23,195 - qm - INFO     - Sending program to QOP for compilation
2024-10-24 09:58:24,641 - qm - INFO     - Executing program
terminating objective call

Total relaxation time: 10.10 sec

2024-10-24 09:58:44,241 - qm - INFO     - Sending program to QOP for compilation
2024-10-24 09:58:45,644 - qm - INFO     - Executing program
terminating objective call

Total relaxation time: 10.10 sec

2024-10-24 09:59:05,209 - qm - INFO     - Sending program to QOP for compilation
2024-10-24 09:59:06,619 - qm - INFO     - Executing program
terminating objective call

Total relaxation time: 10.10 sec

2024-10-24 09:59:26,238 - qm - INFO     - Sending program to QOP for compilation
2024-10-24 09:59:27,738 - qm - INFO     - Executing program
terminating objective call

Total relaxation time: 10.10 sec

2024-10-24 09:59:47,344 - qm - INFO     - Sending program to QOP for compilation
2024-10-24 09:59:48,769 - qm - INFO     - Executing program
terminating objective call

Total relaxation time: 10.10 sec

2024-10-24 10:00:08,340 - qm - INFO     - Sending program to QOP for compilation
2024-10-24 10:00:09,737 - qm - INFO     - Executing program
terminating objective call
Completed iteration 9, objective value: 0.0074760040808363

Total relaxation time: 10.10 sec

2024-10-24 10:00:29,355 - qm - INFO     - Sending program to QOP for compilation
2024-10-24 10:00:30,774 - qm - INFO     - Executing program
terminating objective call

Total relaxation time: 10.10 sec

2024-10-24 10:00:50,705 - qm - INFO     - Sending program to QOP for compilation
2024-10-24 10:00:52,126 - qm - INFO     - Executing program
terminating objective call

Total relaxation time: 10.10 sec

2024-10-24 10:01:11,477 - qm - INFO     - Sending program to QOP for compilation
2024-10-24 10:01:12,848 - qm - INFO     - Executing program
terminating objective call

Total relaxation time: 10.10 sec

2024-10-24 10:01:32,547 - qm - INFO     - Sending program to QOP for compilation
2024-10-24 10:01:33,936 - qm - INFO     - Executing program
terminating objective call

Total relaxation time: 10.10 sec

2024-10-24 10:01:53,535 - qm - INFO     - Sending program to QOP for compilation
2024-10-24 10:01:54,920 - qm - INFO     - Executing program
terminating objective call

Total relaxation time: 10.10 sec

2024-10-24 10:02:14,601 - qm - INFO     - Sending program to QOP for compilation
2024-10-24 10:02:16,192 - qm - INFO     - Executing program
terminating objective call

Total relaxation time: 10.10 sec

2024-10-24 10:02:35,686 - qm - INFO     - Sending program to QOP for compilation
2024-10-24 10:02:36,800 - qm - INFO     - Executing program
terminating objective call
Completed iteration 10, objective value: 0.015846923778713683

Total relaxation time: 10.10 sec

2024-10-24 10:02:56,654 - qm - INFO     - Sending program to QOP for compilation
2024-10-24 10:02:58,092 - qm - INFO     - Executing program
terminating objective call

Total relaxation time: 10.10 sec

2024-10-24 10:03:17,734 - qm - INFO     - Sending program to QOP for compilation
2024-10-24 10:03:19,143 - qm - INFO     - Executing program
terminating objective call

Total relaxation time: 10.10 sec

2024-10-24 10:03:38,801 - qm - INFO     - Sending program to QOP for compilation
2024-10-24 10:03:40,220 - qm - INFO     - Executing program
terminating objective call

Total relaxation time: 10.10 sec

2024-10-24 10:04:00,110 - qm - INFO     - Sending program to QOP for compilation
2024-10-24 10:04:01,543 - qm - INFO     - Executing program
terminating objective call

Total relaxation time: 10.10 sec

2024-10-24 10:04:20,857 - qm - INFO     - Sending program to QOP for compilation
2024-10-24 10:04:22,330 - qm - INFO     - Executing program
terminating objective call

Total relaxation time: 10.10 sec

2024-10-24 10:04:41,889 - qm - INFO     - Sending program to QOP for compilation
2024-10-24 10:04:43,312 - qm - INFO     - Executing program
terminating objective call

Total relaxation time: 10.10 sec

2024-10-24 10:05:02,899 - qm - INFO     - Sending program to QOP for compilation
2024-10-24 10:05:04,556 - qm - INFO     - Executing program
terminating objective call
Completed iteration 11, objective value: 0.012430725127796905

Total relaxation time: 10.10 sec

2024-10-24 10:05:24,338 - qm - INFO     - Sending program to QOP for compilation
2024-10-24 10:05:25,793 - qm - INFO     - Executing program
terminating objective call

Total relaxation time: 10.10 sec

2024-10-24 10:05:45,001 - qm - INFO     - Sending program to QOP for compilation
2024-10-24 10:05:46,440 - qm - INFO     - Executing program
terminating objective call

Total relaxation time: 10.10 sec

2024-10-24 10:06:06,096 - qm - INFO     - Sending program to QOP for compilation
2024-10-24 10:06:07,445 - qm - INFO     - Executing program
terminating objective call

Total relaxation time: 10.10 sec

2024-10-24 10:06:27,184 - qm - INFO     - Sending program to QOP for compilation
2024-10-24 10:06:28,302 - qm - INFO     - Executing program
terminating objective call

Total relaxation time: 10.10 sec

2024-10-24 10:06:48,134 - qm - INFO     - Sending program to QOP for compilation
2024-10-24 10:06:49,488 - qm - INFO     - Executing program
terminating objective call

Total relaxation time: 10.10 sec

2024-10-24 10:07:09,179 - qm - INFO     - Sending program to QOP for compilation
2024-10-24 10:07:10,699 - qm - INFO     - Executing program
terminating objective call

Total relaxation time: 10.10 sec

2024-10-24 10:07:30,210 - qm - INFO     - Sending program to QOP for compilation
2024-10-24 10:07:31,605 - qm - INFO     - Executing program
terminating objective call
Completed iteration 12, objective value: 0.03387640176819004

Total relaxation time: 10.10 sec

2024-10-24 10:07:51,245 - qm - INFO     - Sending program to QOP for compilation
2024-10-24 10:07:52,664 - qm - INFO     - Executing program
terminating objective call

Total relaxation time: 10.10 sec

2024-10-24 10:08:12,332 - qm - INFO     - Sending program to QOP for compilation
2024-10-24 10:08:13,827 - qm - INFO     - Executing program
terminating objective call

Total relaxation time: 10.10 sec

2024-10-24 10:08:33,372 - qm - INFO     - Sending program to QOP for compilation
2024-10-24 10:08:34,720 - qm - INFO     - Executing program
terminating objective call

Total relaxation time: 10.10 sec

2024-10-24 10:08:54,428 - qm - INFO     - Sending program to QOP for compilation
2024-10-24 10:08:55,998 - qm - INFO     - Executing program
terminating objective call

Total relaxation time: 10.10 sec

2024-10-24 10:09:15,579 - qm - INFO     - Sending program to QOP for compilation
2024-10-24 10:09:17,007 - qm - INFO     - Executing program
terminating objective call

Total relaxation time: 10.10 sec

2024-10-24 10:09:36,560 - qm - INFO     - Sending program to QOP for compilation
2024-10-24 10:09:37,979 - qm - INFO     - Executing program
terminating objective call

Total relaxation time: 10.10 sec

2024-10-24 10:09:57,564 - qm - INFO     - Sending program to QOP for compilation
2024-10-24 10:09:59,204 - qm - INFO     - Executing program
terminating objective call
Completed iteration 13, objective value: 0.02249164019545361

Total relaxation time: 10.10 sec

2024-10-24 10:10:18,676 - qm - INFO     - Sending program to QOP for compilation
2024-10-24 10:10:19,766 - qm - INFO     - Executing program
terminating objective call

Total relaxation time: 10.10 sec

2024-10-24 10:10:39,957 - qm - INFO     - Sending program to QOP for compilation
2024-10-24 10:10:41,411 - qm - INFO     - Executing program
terminating objective call

Total relaxation time: 10.10 sec

2024-10-24 10:11:01,029 - qm - INFO     - Sending program to QOP for compilation
2024-10-24 10:11:02,509 - qm - INFO     - Executing program
terminating objective call

Total relaxation time: 10.10 sec

2024-10-24 10:11:21,856 - qm - INFO     - Sending program to QOP for compilation
2024-10-24 10:11:23,309 - qm - INFO     - Executing program
terminating objective call

Total relaxation time: 10.10 sec

2024-10-24 10:11:42,845 - qm - INFO     - Sending program to QOP for compilation
2024-10-24 10:11:44,309 - qm - INFO     - Executing program
terminating objective call

Total relaxation time: 10.10 sec

2024-10-24 10:12:04,193 - qm - INFO     - Sending program to QOP for compilation
2024-10-24 10:12:05,724 - qm - INFO     - Executing program
terminating objective call

Total relaxation time: 10.10 sec

2024-10-24 10:12:24,924 - qm - INFO     - Sending program to QOP for compilation
2024-10-24 10:12:26,356 - qm - INFO     - Executing program
terminating objective call
Completed iteration 14, objective value: 0.02617025875733431

Total relaxation time: 10.10 sec

2024-10-24 10:12:45,983 - qm - INFO     - Sending program to QOP for compilation
2024-10-24 10:12:47,393 - qm - INFO     - Executing program
terminating objective call

Total relaxation time: 10.10 sec

2024-10-24 10:13:07,108 - qm - INFO     - Sending program to QOP for compilation
2024-10-24 10:13:08,589 - qm - INFO     - Executing program
terminating objective call

Total relaxation time: 10.10 sec

2024-10-24 10:13:28,395 - qm - INFO     - Sending program to QOP for compilation
2024-10-24 10:13:29,779 - qm - INFO     - Executing program
terminating objective call

Total relaxation time: 10.10 sec

2024-10-24 10:13:49,149 - qm - INFO     - Sending program to QOP for compilation
2024-10-24 10:13:50,618 - qm - INFO     - Executing program
terminating objective call

Total relaxation time: 10.10 sec

2024-10-24 10:14:10,299 - qm - INFO     - Sending program to QOP for compilation
2024-10-24 10:14:11,425 - qm - INFO     - Executing program
terminating objective call

Total relaxation time: 10.10 sec

2024-10-24 10:14:31,232 - qm - INFO     - Sending program to QOP for compilation
2024-10-24 10:14:32,701 - qm - INFO     - Executing program
terminating objective call

Total relaxation time: 10.10 sec

2024-10-24 10:14:52,310 - qm - INFO     - Sending program to QOP for compilation
2024-10-24 10:14:53,780 - qm - INFO     - Executing program
terminating objective call
Completed iteration 15, objective value: 0.02847733187784609

Total relaxation time: 10.10 sec

2024-10-24 10:15:13,288 - qm - INFO     - Sending program to QOP for compilation
2024-10-24 10:15:14,704 - qm - INFO     - Executing program
terminating objective call

Total relaxation time: 10.10 sec

2024-10-24 10:15:34,360 - qm - INFO     - Sending program to QOP for compilation
2024-10-24 10:15:35,791 - qm - INFO     - Executing program
terminating objective call

Total relaxation time: 10.10 sec

2024-10-24 10:15:55,718 - qm - INFO     - Sending program to QOP for compilation
2024-10-24 10:15:57,171 - qm - INFO     - Executing program
terminating objective call

Total relaxation time: 10.10 sec

2024-10-24 10:16:16,501 - qm - INFO     - Sending program to QOP for compilation
2024-10-24 10:16:17,607 - qm - INFO     - Executing program
terminating objective call

Total relaxation time: 10.10 sec

2024-10-24 10:16:37,534 - qm - INFO     - Sending program to QOP for compilation
2024-10-24 10:16:38,943 - qm - INFO     - Executing program
terminating objective call

Total relaxation time: 10.10 sec

2024-10-24 10:16:58,666 - qm - INFO     - Sending program to QOP for compilation
2024-10-24 10:17:00,162 - qm - INFO     - Executing program
terminating objective call

Total relaxation time: 10.10 sec

2024-10-24 10:17:19,634 - qm - INFO     - Sending program to QOP for compilation
2024-10-24 10:17:21,083 - qm - INFO     - Executing program
terminating objective call
Completed iteration 16, objective value: 0.014012688154142338

Total relaxation time: 10.10 sec

2024-10-24 10:17:41,017 - qm - INFO     - Sending program to QOP for compilation
2024-10-24 10:17:42,414 - qm - INFO     - Executing program
terminating objective call

Total relaxation time: 10.10 sec

2024-10-24 10:18:01,811 - qm - INFO     - Sending program to QOP for compilation
2024-10-24 10:18:03,202 - qm - INFO     - Executing program
terminating objective call

Total relaxation time: 10.10 sec

2024-10-24 10:18:22,782 - qm - INFO     - Sending program to QOP for compilation
2024-10-24 10:18:24,146 - qm - INFO     - Executing program
terminating objective call

Total relaxation time: 10.10 sec

2024-10-24 10:18:43,818 - qm - INFO     - Sending program to QOP for compilation
2024-10-24 10:18:45,289 - qm - INFO     - Executing program
terminating objective call

Total relaxation time: 10.10 sec

2024-10-24 10:19:04,841 - qm - INFO     - Sending program to QOP for compilation
2024-10-24 10:19:06,272 - qm - INFO     - Executing program
terminating objective call

Total relaxation time: 10.10 sec

2024-10-24 10:19:25,919 - qm - INFO     - Sending program to QOP for compilation
2024-10-24 10:19:27,292 - qm - INFO     - Executing program
terminating objective call

Total relaxation time: 10.10 sec

2024-10-24 10:19:46,941 - qm - INFO     - Sending program to QOP for compilation
2024-10-24 10:19:48,450 - qm - INFO     - Executing program
terminating objective call
Completed iteration 17, objective value: 0.004081616940139702

Total relaxation time: 10.10 sec

2024-10-24 10:20:07,991 - qm - INFO     - Sending program to QOP for compilation
2024-10-24 10:20:09,114 - qm - INFO     - Executing program
terminating objective call

Total relaxation time: 10.10 sec

2024-10-24 10:20:29,015 - qm - INFO     - Sending program to QOP for compilation
2024-10-24 10:20:30,446 - qm - INFO     - Executing program
terminating objective call

Total relaxation time: 10.10 sec

2024-10-24 10:20:50,137 - qm - INFO     - Sending program to QOP for compilation
2024-10-24 10:20:51,252 - qm - INFO     - Executing program
terminating objective call

Total relaxation time: 10.10 sec

2024-10-24 10:21:11,126 - qm - INFO     - Sending program to QOP for compilation
2024-10-24 10:21:12,599 - qm - INFO     - Executing program
terminating objective call

Total relaxation time: 10.10 sec

2024-10-24 10:21:32,161 - qm - INFO     - Sending program to QOP for compilation
2024-10-24 10:21:33,546 - qm - INFO     - Executing program
terminating objective call

Total relaxation time: 10.10 sec

2024-10-24 10:21:53,284 - qm - INFO     - Sending program to QOP for compilation
2024-10-24 10:21:54,744 - qm - INFO     - Executing program
terminating objective call

Total relaxation time: 10.10 sec

2024-10-24 10:22:14,234 - qm - INFO     - Sending program to QOP for compilation
2024-10-24 10:22:15,353 - qm - INFO     - Executing program
terminating objective call
Completed iteration 18, objective value: 0.0072516345194957605

Total relaxation time: 10.10 sec

2024-10-24 10:22:35,278 - qm - INFO     - Sending program to QOP for compilation
2024-10-24 10:22:36,753 - qm - INFO     - Executing program
terminating objective call

Total relaxation time: 10.10 sec

2024-10-24 10:22:56,654 - qm - INFO     - Sending program to QOP for compilation
2024-10-24 10:22:57,773 - qm - INFO     - Executing program
terminating objective call

Total relaxation time: 10.10 sec

2024-10-24 10:23:17,404 - qm - INFO     - Sending program to QOP for compilation
2024-10-24 10:23:18,880 - qm - INFO     - Executing program
terminating objective call

Total relaxation time: 10.10 sec

2024-10-24 10:23:38,535 - qm - INFO     - Sending program to QOP for compilation
2024-10-24 10:23:39,996 - qm - INFO     - Executing program
terminating objective call

Total relaxation time: 10.10 sec

2024-10-24 10:23:59,486 - qm - INFO     - Sending program to QOP for compilation
2024-10-24 10:24:00,898 - qm - INFO     - Executing program
terminating objective call

Total relaxation time: 10.10 sec

2024-10-24 10:24:20,464 - qm - INFO     - Sending program to QOP for compilation
2024-10-24 10:24:21,851 - qm - INFO     - Executing program
terminating objective call

Total relaxation time: 10.10 sec

2024-10-24 10:24:41,618 - qm - INFO     - Sending program to QOP for compilation
2024-10-24 10:24:42,965 - qm - INFO     - Executing program
terminating objective call
Completed iteration 19, objective value: 0.04110095914796664

Total relaxation time: 10.10 sec

2024-10-24 10:25:02,534 - qm - INFO     - Sending program to QOP for compilation
2024-10-24 10:25:03,933 - qm - INFO     - Executing program
terminating objective call

Total relaxation time: 10.10 sec

2024-10-24 10:25:23,591 - qm - INFO     - Sending program to QOP for compilation
2024-10-24 10:25:24,959 - qm - INFO     - Executing program
terminating objective call

Total relaxation time: 10.10 sec

2024-10-24 10:25:44,641 - qm - INFO     - Sending program to QOP for compilation
2024-10-24 10:25:46,010 - qm - INFO     - Executing program
terminating objective call

Total relaxation time: 10.10 sec

2024-10-24 10:26:05,663 - qm - INFO     - Sending program to QOP for compilation
2024-10-24 10:26:06,756 - qm - INFO     - Executing program
terminating objective call

Total relaxation time: 10.10 sec

2024-10-24 10:26:26,678 - qm - INFO     - Sending program to QOP for compilation
2024-10-24 10:26:28,117 - qm - INFO     - Executing program
terminating objective call

Total relaxation time: 10.10 sec

2024-10-24 10:26:47,732 - qm - INFO     - Sending program to QOP for compilation
2024-10-24 10:26:49,134 - qm - INFO     - Executing program
terminating objective call

Total relaxation time: 10.10 sec

2024-10-24 10:27:09,089 - qm - INFO     - Sending program to QOP for compilation
2024-10-24 10:27:10,447 - qm - INFO     - Executing program
terminating objective call
Completed iteration 20, objective value: 0.00942205169581006

Total relaxation time: 10.10 sec

2024-10-24 10:27:29,881 - qm - INFO     - Sending program to QOP for compilation
2024-10-24 10:27:30,994 - qm - INFO     - Executing program
terminating objective call

Total relaxation time: 10.10 sec

2024-10-24 10:27:50,876 - qm - INFO     - Sending program to QOP for compilation
2024-10-24 10:27:52,296 - qm - INFO     - Executing program
terminating objective call

Total relaxation time: 10.10 sec

2024-10-24 10:28:11,929 - qm - INFO     - Sending program to QOP for compilation
2024-10-24 10:28:13,314 - qm - INFO     - Executing program
terminating objective call

Total relaxation time: 10.10 sec

2024-10-24 10:28:33,002 - qm - INFO     - Sending program to QOP for compilation
2024-10-24 10:28:34,469 - qm - INFO     - Executing program
terminating objective call

Total relaxation time: 10.10 sec

2024-10-24 10:28:54,005 - qm - INFO     - Sending program to QOP for compilation
2024-10-24 10:28:55,417 - qm - INFO     - Executing program
terminating objective call

Total relaxation time: 10.10 sec

2024-10-24 10:29:15,044 - qm - INFO     - Sending program to QOP for compilation
2024-10-24 10:29:16,557 - qm - INFO     - Executing program
terminating objective call

Total relaxation time: 10.10 sec

2024-10-24 10:29:36,066 - qm - INFO     - Sending program to QOP for compilation
2024-10-24 10:29:37,506 - qm - INFO     - Executing program
terminating objective call
Completed iteration 21, objective value: 0.014686942531275034

Total relaxation time: 10.10 sec

2024-10-24 10:29:57,106 - qm - INFO     - Sending program to QOP for compilation
2024-10-24 10:29:58,524 - qm - INFO     - Executing program
terminating objective call

Total relaxation time: 10.10 sec

2024-10-24 10:30:18,520 - qm - INFO     - Sending program to QOP for compilation
2024-10-24 10:30:19,948 - qm - INFO     - Executing program
terminating objective call

Total relaxation time: 10.10 sec

2024-10-24 10:30:39,208 - qm - INFO     - Sending program to QOP for compilation
2024-10-24 10:30:40,609 - qm - INFO     - Executing program
terminating objective call

Total relaxation time: 10.10 sec

2024-10-24 10:31:00,239 - qm - INFO     - Sending program to QOP for compilation
2024-10-24 10:31:01,706 - qm - INFO     - Executing program
terminating objective call

Total relaxation time: 10.10 sec

2024-10-24 10:31:21,683 - qm - INFO     - Sending program to QOP for compilation
2024-10-24 10:31:23,096 - qm - INFO     - Executing program
terminating objective call

Total relaxation time: 10.10 sec

2024-10-24 10:31:42,330 - qm - INFO     - Sending program to QOP for compilation
2024-10-24 10:31:43,707 - qm - INFO     - Executing program
terminating objective call

Total relaxation time: 10.10 sec

2024-10-24 10:32:03,681 - qm - INFO     - Sending program to QOP for compilation
2024-10-24 10:32:05,037 - qm - INFO     - Executing program
terminating objective call
Completed iteration 22, objective value: 0.009167569404797711

Total relaxation time: 10.10 sec

2024-10-24 10:32:24,518 - qm - INFO     - Sending program to QOP for compilation
2024-10-24 10:32:25,938 - qm - INFO     - Executing program
terminating objective call

Total relaxation time: 10.10 sec

2024-10-24 10:32:45,518 - qm - INFO     - Sending program to QOP for compilation
2024-10-24 10:32:46,888 - qm - INFO     - Executing program
terminating objective call

Total relaxation time: 10.10 sec

2024-10-24 10:33:06,522 - qm - INFO     - Sending program to QOP for compilation
2024-10-24 10:33:08,028 - qm - INFO     - Executing program
terminating objective call

Total relaxation time: 10.10 sec

2024-10-24 10:33:27,566 - qm - INFO     - Sending program to QOP for compilation
2024-10-24 10:33:29,014 - qm - INFO     - Executing program
terminating objective call

Total relaxation time: 10.10 sec

2024-10-24 10:33:48,934 - qm - INFO     - Sending program to QOP for compilation
2024-10-24 10:33:50,321 - qm - INFO     - Executing program
terminating objective call

Total relaxation time: 10.10 sec

2024-10-24 10:34:09,679 - qm - INFO     - Sending program to QOP for compilation
2024-10-24 10:34:11,220 - qm - INFO     - Executing program
terminating objective call

Total relaxation time: 10.10 sec

2024-10-24 10:34:30,686 - qm - INFO     - Sending program to QOP for compilation
2024-10-24 10:34:32,158 - qm - INFO     - Executing program
terminating objective call
Completed iteration 23, objective value: 0.01083476335155164

Total relaxation time: 10.10 sec

2024-10-24 10:34:51,729 - qm - INFO     - Sending program to QOP for compilation
2024-10-24 10:34:52,832 - qm - INFO     - Executing program
terminating objective call

Total relaxation time: 10.10 sec

2024-10-24 10:35:12,856 - qm - INFO     - Sending program to QOP for compilation
2024-10-24 10:35:14,324 - qm - INFO     - Executing program
terminating objective call

Total relaxation time: 10.10 sec

2024-10-24 10:35:34,152 - qm - INFO     - Sending program to QOP for compilation
2024-10-24 10:35:35,719 - qm - INFO     - Executing program
terminating objective call

Total relaxation time: 10.10 sec

2024-10-24 10:35:55,627 - qm - INFO     - Sending program to QOP for compilation
2024-10-24 10:35:57,079 - qm - INFO     - Executing program
terminating objective call

Total relaxation time: 10.10 sec

2024-10-24 10:36:16,424 - qm - INFO     - Sending program to QOP for compilation
2024-10-24 10:36:17,897 - qm - INFO     - Executing program
terminating objective call

Total relaxation time: 10.10 sec

2024-10-24 10:36:37,072 - qm - INFO     - Sending program to QOP for compilation
2024-10-24 10:36:38,436 - qm - INFO     - Executing program
terminating objective call

Total relaxation time: 10.10 sec

2024-10-24 10:36:59,449 - qm - INFO     - Sending program to QOP for compilation
2024-10-24 10:37:00,873 - qm - INFO     - Executing program
terminating objective call
Completed iteration 24, objective value: 0.009877672943196842

Total relaxation time: 10.10 sec

2024-10-24 10:37:20,492 - qm - INFO     - Sending program to QOP for compilation
2024-10-24 10:37:21,934 - qm - INFO     - Executing program
terminating objective call

Total relaxation time: 10.10 sec

2024-10-24 10:37:42,642 - qm - INFO     - Sending program to QOP for compilation
2024-10-24 10:37:44,065 - qm - INFO     - Executing program
terminating objective call

Total relaxation time: 10.10 sec

2024-10-24 10:38:03,556 - qm - INFO     - Sending program to QOP for compilation
2024-10-24 10:38:04,741 - qm - INFO     - Executing program
terminating objective call

Total relaxation time: 10.10 sec

2024-10-24 10:38:24,358 - qm - INFO     - Sending program to QOP for compilation
2024-10-24 10:38:25,793 - qm - INFO     - Executing program
terminating objective call

Total relaxation time: 10.10 sec

2024-10-24 10:38:45,133 - qm - INFO     - Sending program to QOP for compilation
2024-10-24 10:38:46,602 - qm - INFO     - Executing program
terminating objective call

Total relaxation time: 10.10 sec

2024-10-24 10:39:06,327 - qm - INFO     - Sending program to QOP for compilation
2024-10-24 10:39:07,755 - qm - INFO     - Executing program
terminating objective call

Total relaxation time: 10.10 sec

2024-10-24 10:39:28,343 - qm - INFO     - Sending program to QOP for compilation
2024-10-24 10:39:29,712 - qm - INFO     - Executing program
terminating objective call
Completed iteration 25, objective value: 0.0021619061958359906

Total relaxation time: 10.10 sec

2024-10-24 10:39:49,572 - qm - INFO     - Sending program to QOP for compilation
2024-10-24 10:39:50,937 - qm - INFO     - Executing program
terminating objective call

Total relaxation time: 10.10 sec

2024-10-24 10:40:10,421 - qm - INFO     - Sending program to QOP for compilation
2024-10-24 10:40:11,865 - qm - INFO     - Executing program
terminating objective call

Total relaxation time: 10.10 sec

2024-10-24 10:40:32,149 - qm - INFO     - Sending program to QOP for compilation
2024-10-24 10:40:33,666 - qm - INFO     - Executing program
terminating objective call

Total relaxation time: 10.10 sec

2024-10-24 10:40:52,819 - qm - INFO     - Sending program to QOP for compilation
2024-10-24 10:40:54,255 - qm - INFO     - Executing program
terminating objective call

Total relaxation time: 10.10 sec

2024-10-24 10:41:13,934 - qm - INFO     - Sending program to QOP for compilation
2024-10-24 10:41:15,308 - qm - INFO     - Executing program
terminating objective call

Total relaxation time: 10.10 sec

2024-10-24 10:41:35,970 - qm - INFO     - Sending program to QOP for compilation
2024-10-24 10:41:37,332 - qm - INFO     - Executing program
terminating objective call

Total relaxation time: 10.10 sec

2024-10-24 10:41:57,012 - qm - INFO     - Sending program to QOP for compilation
2024-10-24 10:41:58,467 - qm - INFO     - Executing program
terminating objective call
Completed iteration 26, objective value: 0.004222010543658605

Total relaxation time: 10.10 sec

2024-10-24 10:42:17,825 - qm - INFO     - Sending program to QOP for compilation
2024-10-24 10:42:19,249 - qm - INFO     - Executing program
terminating objective call

Total relaxation time: 10.10 sec

2024-10-24 10:42:38,501 - qm - INFO     - Sending program to QOP for compilation
2024-10-24 10:42:39,620 - qm - INFO     - Executing program
terminating objective call

Total relaxation time: 10.10 sec

2024-10-24 10:42:59,224 - qm - INFO     - Sending program to QOP for compilation
2024-10-24 10:43:00,795 - qm - INFO     - Executing program
terminating objective call

Total relaxation time: 10.10 sec

2024-10-24 10:43:21,013 - qm - INFO     - Sending program to QOP for compilation
2024-10-24 10:43:22,408 - qm - INFO     - Executing program
terminating objective call

Total relaxation time: 10.10 sec

2024-10-24 10:43:41,694 - qm - INFO     - Sending program to QOP for compilation
2024-10-24 10:43:43,160 - qm - INFO     - Executing program
terminating objective call

Total relaxation time: 10.10 sec

2024-10-24 10:44:02,752 - qm - INFO     - Sending program to QOP for compilation
2024-10-24 10:44:04,230 - qm - INFO     - Executing program
terminating objective call

Total relaxation time: 10.10 sec

2024-10-24 10:44:23,807 - qm - INFO     - Sending program to QOP for compilation
2024-10-24 10:44:24,916 - qm - INFO     - Executing program
terminating objective call
Completed iteration 27, objective value: 0.03851542686808071

Total relaxation time: 10.10 sec

2024-10-24 10:44:44,888 - qm - INFO     - Sending program to QOP for compilation
2024-10-24 10:44:46,342 - qm - INFO     - Executing program
terminating objective call

Total relaxation time: 10.10 sec

2024-10-24 10:45:05,965 - qm - INFO     - Sending program to QOP for compilation
2024-10-24 10:45:07,391 - qm - INFO     - Executing program
terminating objective call

Total relaxation time: 10.10 sec

2024-10-24 10:45:26,898 - qm - INFO     - Sending program to QOP for compilation
2024-10-24 10:45:28,344 - qm - INFO     - Executing program
terminating objective call

Total relaxation time: 10.10 sec

2024-10-24 10:45:47,937 - qm - INFO     - Sending program to QOP for compilation
2024-10-24 10:45:49,365 - qm - INFO     - Executing program
terminating objective call

Total relaxation time: 10.10 sec

2024-10-24 10:46:09,036 - qm - INFO     - Sending program to QOP for compilation
2024-10-24 10:46:10,455 - qm - INFO     - Executing program
terminating objective call

Total relaxation time: 10.10 sec

2024-10-24 10:46:30,307 - qm - INFO     - Sending program to QOP for compilation
2024-10-24 10:46:31,754 - qm - INFO     - Executing program
terminating objective call

Total relaxation time: 10.10 sec

2024-10-24 10:46:51,046 - qm - INFO     - Sending program to QOP for compilation
2024-10-24 10:46:52,159 - qm - INFO     - Executing program
terminating objective call
Completed iteration 28, objective value: 0.0019321916743499478

Total relaxation time: 10.10 sec

2024-10-24 10:47:12,465 - qm - INFO     - Sending program to QOP for compilation
2024-10-24 10:47:13,563 - qm - INFO     - Executing program
terminating objective call

Total relaxation time: 10.10 sec

2024-10-24 10:47:33,146 - qm - INFO     - Sending program to QOP for compilation
2024-10-24 10:47:34,576 - qm - INFO     - Executing program
terminating objective call

Total relaxation time: 10.10 sec

2024-10-24 10:47:54,506 - qm - INFO     - Sending program to QOP for compilation
2024-10-24 10:47:55,682 - qm - INFO     - Executing program
terminating objective call

Total relaxation time: 10.10 sec

2024-10-24 10:48:15,588 - qm - INFO     - Sending program to QOP for compilation
2024-10-24 10:48:17,036 - qm - INFO     - Executing program
terminating objective call

Total relaxation time: 10.10 sec

2024-10-24 10:48:36,332 - qm - INFO     - Sending program to QOP for compilation
2024-10-24 10:48:37,792 - qm - INFO     - Executing program
terminating objective call

Total relaxation time: 10.10 sec

2024-10-24 10:48:57,370 - qm - INFO     - Sending program to QOP for compilation
2024-10-24 10:48:58,815 - qm - INFO     - Executing program
terminating objective call

Total relaxation time: 10.10 sec

2024-10-24 10:49:18,413 - qm - INFO     - Sending program to QOP for compilation
2024-10-24 10:49:19,806 - qm - INFO     - Executing program
terminating objective call
Completed iteration 29, objective value: 0.004709807495040182

Total relaxation time: 10.10 sec

2024-10-24 10:49:39,457 - qm - INFO     - Sending program to QOP for compilation
2024-10-24 10:49:40,849 - qm - INFO     - Executing program
terminating objective call

Total relaxation time: 10.10 sec

2024-10-24 10:50:00,610 - qm - INFO     - Sending program to QOP for compilation
2024-10-24 10:50:01,982 - qm - INFO     - Executing program
terminating objective call

Total relaxation time: 10.10 sec

2024-10-24 10:50:21,570 - qm - INFO     - Sending program to QOP for compilation
2024-10-24 10:50:23,046 - qm - INFO     - Executing program
terminating objective call

Total relaxation time: 10.10 sec

2024-10-24 10:50:42,618 - qm - INFO     - Sending program to QOP for compilation
2024-10-24 10:50:43,970 - qm - INFO     - Executing program
terminating objective call

Total relaxation time: 10.10 sec

2024-10-24 10:51:03,706 - qm - INFO     - Sending program to QOP for compilation
2024-10-24 10:51:05,167 - qm - INFO     - Executing program
terminating objective call

Total relaxation time: 10.10 sec

2024-10-24 10:51:24,721 - qm - INFO     - Sending program to QOP for compilation
2024-10-24 10:51:25,817 - qm - INFO     - Executing program
terminating objective call

Total relaxation time: 10.10 sec

2024-10-24 10:51:45,776 - qm - INFO     - Sending program to QOP for compilation
2024-10-24 10:51:47,173 - qm - INFO     - Executing program
terminating objective call
Completed iteration 30, objective value: 0.009421891799044336

Total relaxation time: 10.10 sec

2024-10-24 10:52:06,909 - qm - INFO     - Sending program to QOP for compilation
2024-10-24 10:52:08,291 - qm - INFO     - Executing program
terminating objective call

Total relaxation time: 10.10 sec

2024-10-24 10:52:27,856 - qm - INFO     - Sending program to QOP for compilation
2024-10-24 10:52:29,218 - qm - INFO     - Executing program
terminating objective call

Total relaxation time: 10.10 sec

2024-10-24 10:52:48,909 - qm - INFO     - Sending program to QOP for compilation
2024-10-24 10:52:50,063 - qm - INFO     - Executing program
terminating objective call

Total relaxation time: 10.10 sec

2024-10-24 10:53:10,280 - qm - INFO     - Sending program to QOP for compilation
2024-10-24 10:53:11,734 - qm - INFO     - Executing program
terminating objective call

Total relaxation time: 10.10 sec

2024-10-24 10:53:31,029 - qm - INFO     - Sending program to QOP for compilation
2024-10-24 10:53:32,478 - qm - INFO     - Executing program
terminating objective call

Total relaxation time: 10.10 sec

2024-10-24 10:53:52,059 - qm - INFO     - Sending program to QOP for compilation
2024-10-24 10:53:53,582 - qm - INFO     - Executing program
terminating objective call

Total relaxation time: 10.10 sec

2024-10-24 10:54:13,030 - qm - INFO     - Sending program to QOP for compilation
2024-10-24 10:54:14,445 - qm - INFO     - Executing program
slurmstepd-fahid: error: *** JOB 615770 ON fahid CANCELLED AT 2024-10-24T10:54:14 ***
