2024-10-09 15:25:27,379 - qm - INFO     - Starting session: 109f87c4-550f-4e89-b6f7-2a6fc11ebbd1
2024-10-09 15:25:30,416 - qm - INFO     - Octave "octave2" Health check passed, current temperature 60
2024-10-09 15:25:31,428 - qm - INFO     - Octave "octave3" Health check passed, current temperature 57
2024-10-09 15:25:32,158 - qm - INFO     - Octave "octave4" Health check passed, current temperature 58
2024-10-09 15:25:33,005 - qm - INFO     - Octave "octave5" Health check passed, current temperature 59
2024-10-09 15:25:34,323 - qm - INFO     - Octave "octave6" Health check passed, current temperature 58
2024-10-09 15:25:34,323 - qm - INFO     - Performing health check
2024-10-09 15:25:34,343 - qm - WARNING  - Health check warning: Inter-OPX connectivity issues in OPX: con1. Missing ports are: 12, 11, 10, 9. See QM-App for more info.
2024-10-09 15:25:34,343 - qm - WARNING  - Health check warning: Inter-OPX connectivity issues in OPX: con2. Missing ports are: 12, 11, 10, 9. See QM-App for more info.
2024-10-09 15:25:34,343 - qm - WARNING  - Health check warning: Inter-OPX connectivity issues in OPX: con3. Missing ports are: 12, 11, 10, 9. See QM-App for more info.
2024-10-09 15:25:34,343 - qm - WARNING  - Health check warning: Inter-OPX connectivity issues in OPX: con4. Missing ports are: 12, 11, 10, 9. See QM-App for more info.
2024-10-09 15:25:34,343 - qm - WARNING  - Health check warning: Inter-OPX connectivity issues in OPX: con5. Missing ports are: 12, 11, 10, 9. See QM-App for more info.
2024-10-09 15:25:34,343 - qm - WARNING  - Health check warning: Inter-OPX connectivity issues in OPX: con6. Missing ports are: 12, 11, 10, 9. See QM-App for more info.
2024-10-09 15:25:34,343 - qm - WARNING  - Health check warning: Inter-OPX connectivity issues in OPX: con7. Missing ports are: 12, 11, 10, 9. See QM-App for more info.
2024-10-09 15:25:34,343 - qm - WARNING  - Health check warning: Inter-OPX connectivity issues in OPX: con8. Missing ports are: 12, 11, 10, 9. See QM-App for more info.
2024-10-09 15:25:34,343 - qm - WARNING  - Health check warning: Inter-OPX connectivity issues in OPX: con9. Missing ports are: 12, 11, 10, 9. See QM-App for more info.
2024-10-09 15:25:34,343 - qm - INFO     - Health check passed
Connected to: Rohde&Schwarz SGS100A (serial:1416.0505k02/114167, firmware:4.2.76.0-4.30.046.295) in 0.18s
Connected to: Rohde&Schwarz SGS100A (serial:1416.0505k02/114164, firmware:4.2.76.0-4.30.046.295) in 0.14s
2024-10-09 15:25:37,202 - qm - INFO     - Sending program to QOP for compilation
2024-10-09 15:25:37,419 - qm - INFO     - Executing program
2024-10-09 15:25:40,749 - qm - INFO     - Sending program to QOP for compilation
2024-10-09 15:25:40,901 - qm - INFO     - Executing program
2024-10-09 15:25:44,137 - qm - INFO     - Sending program to QOP for compilation
2024-10-09 15:25:44,346 - qm - INFO     - Executing program
2024-10-09 15:25:47,598 - qm - INFO     - Sending program to QOP for compilation
2024-10-09 15:25:47,750 - qm - INFO     - Executing program
2024-10-09 15:25:51,065 - qm - INFO     - Sending program to QOP for compilation
2024-10-09 15:25:51,276 - qm - INFO     - Executing program
2024-10-09 15:25:54,499 - qm - INFO     - Sending program to QOP for compilation
2024-10-09 15:25:54,706 - qm - INFO     - Executing program
2024-10-09 15:25:57,945 - qm - INFO     - Sending program to QOP for compilation
2024-10-09 15:25:58,156 - qm - INFO     - Executing program
2024-10-09 15:26:01,397 - qm - INFO     - Sending program to QOP for compilation
2024-10-09 15:26:01,607 - qm - INFO     - Executing program
2024-10-09 15:26:04,838 - qm - INFO     - Sending program to QOP for compilation
2024-10-09 15:26:05,051 - qm - INFO     - Executing program
2024-10-09 15:26:08,295 - qm - INFO     - Sending program to QOP for compilation
2024-10-09 15:26:08,513 - qm - INFO     - Executing program
2024-10-09 15:26:11,737 - qm - INFO     - Sending program to QOP for compilation
2024-10-09 15:26:11,946 - qm - INFO     - Executing program
2024-10-09 15:26:15,185 - qm - INFO     - Sending program to QOP for compilation
2024-10-09 15:26:15,385 - qm - INFO     - Executing program
2024-10-09 15:26:18,647 - qm - INFO     - Sending program to QOP for compilation
2024-10-09 15:26:18,799 - qm - INFO     - Executing program
2024-10-09 15:26:22,085 - qm - INFO     - Sending program to QOP for compilation
2024-10-09 15:26:22,307 - qm - INFO     - Executing program
2024-10-09 15:26:25,537 - qm - INFO     - Sending program to QOP for compilation
2024-10-09 15:26:25,750 - qm - INFO     - Executing program
2024-10-09 15:26:28,980 - qm - INFO     - Sending program to QOP for compilation
2024-10-09 15:26:29,205 - qm - INFO     - Executing program
Traceback (most recent call last):
  File "/nfs/users/elisa.stabilini/optimization/rb_optimization.py", line 82, in <module>
    bounds = [(None,None),(None,None), (beta_best-0.25, beta_best+0.25)]
TypeError: unsupported operand type(s) for -: 'dict' and 'float'
