2024-10-17 19:30:24,507 - qm - INFO     - Starting session: d6bc2570-a651-4857-92be-a6a48c1d7d0e
2024-10-17 19:30:27,205 - qm - INFO     - Octave "octave2" Health check passed, current temperature 60
2024-10-17 19:30:28,217 - qm - INFO     - Octave "octave3" Health check passed, current temperature 57
2024-10-17 19:30:29,232 - qm - INFO     - Octave "octave4" Health check passed, current temperature 58
2024-10-17 19:30:30,248 - qm - INFO     - Octave "octave5" Health check passed, current temperature 59
2024-10-17 19:30:31,258 - qm - INFO     - Octave "octave6" Health check passed, current temperature 58
2024-10-17 19:30:31,258 - qm - INFO     - Performing health check
2024-10-17 19:30:31,279 - qm - WARNING  - Health check warning: Inter-OPX connectivity issues in OPX: con1. Missing ports are: 12, 11, 10, 9. See QM-App for more info.
2024-10-17 19:30:31,279 - qm - WARNING  - Health check warning: Inter-OPX connectivity issues in OPX: con2. Missing ports are: 12, 11, 10, 9. See QM-App for more info.
2024-10-17 19:30:31,279 - qm - WARNING  - Health check warning: Inter-OPX connectivity issues in OPX: con3. Missing ports are: 12, 11, 10, 9. See QM-App for more info.
2024-10-17 19:30:31,279 - qm - WARNING  - Health check warning: Inter-OPX connectivity issues in OPX: con4. Missing ports are: 12, 11, 10, 9. See QM-App for more info.
2024-10-17 19:30:31,279 - qm - WARNING  - Health check warning: Inter-OPX connectivity issues in OPX: con5. Missing ports are: 12, 11, 10, 9. See QM-App for more info.
2024-10-17 19:30:31,279 - qm - WARNING  - Health check warning: Inter-OPX connectivity issues in OPX: con6. Missing ports are: 12, 11, 10, 9. See QM-App for more info.
2024-10-17 19:30:31,279 - qm - WARNING  - Health check warning: Inter-OPX connectivity issues in OPX: con7. Missing ports are: 12, 11, 10, 9. See QM-App for more info.
2024-10-17 19:30:31,279 - qm - WARNING  - Health check warning: Inter-OPX connectivity issues in OPX: con8. Missing ports are: 12, 11, 10, 9. See QM-App for more info.
2024-10-17 19:30:31,279 - qm - WARNING  - Health check warning: Inter-OPX connectivity issues in OPX: con9. Missing ports are: 12, 11, 10, 9. See QM-App for more info.
2024-10-17 19:30:31,279 - qm - INFO     - Health check passed
Connected to: Rohde&Schwarz SGS100A (serial:1416.0505k02/114167, firmware:4.2.76.0-4.30.046.295) in 0.19s
Connected to: Rohde&Schwarz SGS100A (serial:1416.0505k02/114164, firmware:4.2.76.0-4.30.046.295) in 0.14s
2024-10-17 19:30:33,682 - qm - INFO     - Sending program to QOP for compilation
2024-10-17 19:30:33,900 - qm - INFO     - Executing program
2024-10-17 19:30:36,643 - qm - INFO     - Sending program to QOP for compilation
2024-10-17 19:30:36,797 - qm - INFO     - Executing program
2024-10-17 19:30:39,180 - qm - INFO     - Sending program to QOP for compilation
2024-10-17 19:30:39,384 - qm - INFO     - Executing program
2024-10-17 19:30:41,863 - qm - INFO     - Sending program to QOP for compilation
2024-10-17 19:30:42,068 - qm - INFO     - Executing program
2024-10-17 19:30:44,917 - qm - INFO     - Sending program to QOP for compilation
2024-10-17 19:30:45,073 - qm - INFO     - Executing program
2024-10-17 19:30:47,463 - qm - INFO     - Sending program to QOP for compilation
2024-10-17 19:30:47,610 - qm - INFO     - Executing program
2024-10-17 19:30:50,200 - qm - INFO     - Sending program to QOP for compilation
2024-10-17 19:30:50,408 - qm - INFO     - Executing program
2024-10-17 19:30:52,922 - qm - INFO     - Sending program to QOP for compilation
2024-10-17 19:30:53,077 - qm - INFO     - Executing program
2024-10-17 19:30:56,364 - qm - INFO     - Sending program to QOP for compilation
2024-10-17 19:30:56,515 - qm - INFO     - Executing program
2024-10-17 19:30:59,792 - qm - INFO     - Sending program to QOP for compilation
2024-10-17 19:30:59,942 - qm - INFO     - Executing program
2024-10-17 19:31:01,984 - qm - INFO     - Sending program to QOP for compilation
2024-10-17 19:31:02,201 - qm - INFO     - Executing program
2024-10-17 19:31:04,689 - qm - INFO     - Sending program to QOP for compilation
2024-10-17 19:31:04,898 - qm - INFO     - Executing program
2024-10-17 19:31:07,272 - qm - INFO     - Sending program to QOP for compilation
2024-10-17 19:31:07,429 - qm - INFO     - Executing program
2024-10-17 19:31:09,857 - qm - INFO     - Sending program to QOP for compilation
2024-10-17 19:31:10,075 - qm - INFO     - Executing program
2024-10-17 19:31:12,474 - qm - INFO     - Sending program to QOP for compilation
2024-10-17 19:31:12,719 - qm - INFO     - Executing program
2024-10-17 19:31:15,035 - qm - INFO     - Sending program to QOP for compilation
2024-10-17 19:31:15,190 - qm - INFO     - Executing program

Total relaxation time: 10.10 sec

2024-10-17 19:31:21,014 - qm - INFO     - Sending program to QOP for compilation
2024-10-17 19:31:22,469 - qm - INFO     - Executing program
terminating objective call

Total relaxation time: 10.10 sec

2024-10-17 19:31:41,769 - qm - INFO     - Sending program to QOP for compilation
2024-10-17 19:31:43,162 - qm - INFO     - Executing program
terminating objective call

Total relaxation time: 10.10 sec

2024-10-17 19:32:04,140 - qm - INFO     - Sending program to QOP for compilation
2024-10-17 19:32:05,553 - qm - INFO     - Executing program
terminating objective call

Total relaxation time: 10.10 sec

2024-10-17 19:32:26,190 - qm - INFO     - Sending program to QOP for compilation
2024-10-17 19:32:27,295 - qm - INFO     - Executing program
terminating objective call

Total relaxation time: 10.10 sec

2024-10-17 19:32:47,645 - qm - INFO     - Sending program to QOP for compilation
2024-10-17 19:32:49,134 - qm - INFO     - Executing program
terminating objective call

Total relaxation time: 10.10 sec

2024-10-17 19:33:09,591 - qm - INFO     - Sending program to QOP for compilation
2024-10-17 19:33:11,097 - qm - INFO     - Executing program
terminating objective call

Total relaxation time: 10.10 sec

2024-10-17 19:33:31,145 - qm - INFO     - Sending program to QOP for compilation
2024-10-17 19:33:32,641 - qm - INFO     - Executing program
terminating objective call
Completed iteration 1, objective value: 0.008117212174276627

Total relaxation time: 10.10 sec

2024-10-17 19:33:53,055 - qm - INFO     - Sending program to QOP for compilation
2024-10-17 19:33:54,432 - qm - INFO     - Executing program
terminating objective call

Total relaxation time: 10.10 sec

2024-10-17 19:34:14,582 - qm - INFO     - Sending program to QOP for compilation
2024-10-17 19:34:16,074 - qm - INFO     - Executing program
terminating objective call

Total relaxation time: 10.10 sec

2024-10-17 19:34:35,545 - qm - INFO     - Sending program to QOP for compilation
2024-10-17 19:34:36,997 - qm - INFO     - Executing program
terminating objective call
Completed iteration 2, objective value: 0.005367619779408835
Elapsed time: 269.9111988544464 seconds
