2024-10-09 21:11:17,663 - qm - INFO     - Starting session: 876e367c-f4d1-405f-8047-b8744bf5619a
2024-10-09 21:11:20,433 - qm - INFO     - Octave "octave2" Health check passed, current temperature 60
2024-10-09 21:11:21,167 - qm - INFO     - Octave "octave3" Health check passed, current temperature 57
2024-10-09 21:11:21,897 - qm - INFO     - Octave "octave4" Health check passed, current temperature 58
2024-10-09 21:11:22,914 - qm - INFO     - Octave "octave5" Health check passed, current temperature 59
2024-10-09 21:11:23,647 - qm - INFO     - Octave "octave6" Health check passed, current temperature 58
2024-10-09 21:11:23,647 - qm - INFO     - Performing health check
2024-10-09 21:11:23,668 - qm - WARNING  - Health check warning: Inter-OPX connectivity issues in OPX: con1. Missing ports are: 12, 11, 10, 9. See QM-App for more info.
2024-10-09 21:11:23,668 - qm - WARNING  - Health check warning: Inter-OPX connectivity issues in OPX: con2. Missing ports are: 12, 11, 10, 9. See QM-App for more info.
2024-10-09 21:11:23,668 - qm - WARNING  - Health check warning: Inter-OPX connectivity issues in OPX: con3. Missing ports are: 12, 11, 10, 9. See QM-App for more info.
2024-10-09 21:11:23,668 - qm - WARNING  - Health check warning: Inter-OPX connectivity issues in OPX: con4. Missing ports are: 12, 11, 10, 9. See QM-App for more info.
2024-10-09 21:11:23,668 - qm - WARNING  - Health check warning: Inter-OPX connectivity issues in OPX: con5. Missing ports are: 12, 11, 10, 9. See QM-App for more info.
2024-10-09 21:11:23,668 - qm - WARNING  - Health check warning: Inter-OPX connectivity issues in OPX: con6. Missing ports are: 12, 11, 10, 9. See QM-App for more info.
2024-10-09 21:11:23,668 - qm - WARNING  - Health check warning: Inter-OPX connectivity issues in OPX: con7. Missing ports are: 12, 11, 10, 9. See QM-App for more info.
2024-10-09 21:11:23,668 - qm - WARNING  - Health check warning: Inter-OPX connectivity issues in OPX: con8. Missing ports are: 12, 11, 10, 9. See QM-App for more info.
2024-10-09 21:11:23,668 - qm - WARNING  - Health check warning: Inter-OPX connectivity issues in OPX: con9. Missing ports are: 12, 11, 10, 9. See QM-App for more info.
2024-10-09 21:11:23,668 - qm - INFO     - Health check passed
Connected to: Rohde&Schwarz SGS100A (serial:1416.0505k02/114167, firmware:4.2.76.0-4.30.046.295) in 0.18s
Connected to: Rohde&Schwarz SGS100A (serial:1416.0505k02/114164, firmware:4.2.76.0-4.30.046.295) in 0.14s
2024-10-09 21:11:26,215 - qm - INFO     - Sending program to QOP for compilation
2024-10-09 21:11:26,430 - qm - INFO     - Executing program
2024-10-09 21:11:29,267 - qm - INFO     - Sending program to QOP for compilation
2024-10-09 21:11:29,540 - qm - INFO     - Executing program
2024-10-09 21:11:32,718 - qm - INFO     - Sending program to QOP for compilation
2024-10-09 21:11:32,921 - qm - INFO     - Executing program
2024-10-09 21:11:35,087 - qm - INFO     - Sending program to QOP for compilation
2024-10-09 21:11:35,295 - qm - INFO     - Executing program
2024-10-09 21:11:38,002 - qm - INFO     - Sending program to QOP for compilation
2024-10-09 21:11:38,215 - qm - INFO     - Executing program
2024-10-09 21:11:40,966 - qm - INFO     - Sending program to QOP for compilation
2024-10-09 21:11:41,178 - qm - INFO     - Executing program
2024-10-09 21:11:44,255 - qm - INFO     - Sending program to QOP for compilation
2024-10-09 21:11:44,408 - qm - INFO     - Executing program
2024-10-09 21:11:46,845 - qm - INFO     - Sending program to QOP for compilation
2024-10-09 21:11:47,000 - qm - INFO     - Executing program
2024-10-09 21:11:49,425 - qm - INFO     - Sending program to QOP for compilation
2024-10-09 21:11:49,647 - qm - INFO     - Executing program
2024-10-09 21:11:52,563 - qm - INFO     - Sending program to QOP for compilation
2024-10-09 21:11:52,791 - qm - INFO     - Executing program
2024-10-09 21:11:55,097 - qm - INFO     - Sending program to QOP for compilation
2024-10-09 21:11:55,312 - qm - INFO     - Executing program
2024-10-09 21:11:58,238 - qm - INFO     - Sending program to QOP for compilation
2024-10-09 21:11:58,456 - qm - INFO     - Executing program
2024-10-09 21:12:00,870 - qm - INFO     - Sending program to QOP for compilation
2024-10-09 21:12:01,098 - qm - INFO     - Executing program
2024-10-09 21:12:03,756 - qm - INFO     - Sending program to QOP for compilation
2024-10-09 21:12:03,961 - qm - INFO     - Executing program
2024-10-09 21:12:07,085 - qm - INFO     - Sending program to QOP for compilation
2024-10-09 21:12:07,233 - qm - INFO     - Executing program
2024-10-09 21:12:09,135 - qm - INFO     - Sending program to QOP for compilation
2024-10-09 21:12:09,349 - qm - INFO     - Executing program

Total relaxation time: 10.10 sec

2024-10-09 21:12:14,069 - qm - INFO     - Sending program to QOP for compilation
2024-10-09 21:12:15,484 - qm - INFO     - Executing program

Total relaxation time: 10.10 sec

2024-10-09 21:12:36,505 - qm - INFO     - Sending program to QOP for compilation
2024-10-09 21:12:37,955 - qm - INFO     - Executing program

Total relaxation time: 10.10 sec

2024-10-09 21:12:57,349 - qm - INFO     - Sending program to QOP for compilation
2024-10-09 21:12:58,694 - qm - INFO     - Executing program

Total relaxation time: 10.10 sec

2024-10-09 21:13:18,198 - qm - INFO     - Sending program to QOP for compilation
2024-10-09 21:13:19,404 - qm - INFO     - Executing program
