2024-10-09 15:43:58,279 - qm - INFO     - Starting session: bedbe7f4-a9ce-4d21-9d77-f5ee8b2b7a3f
2024-10-09 15:44:01,658 - qm - INFO     - Octave "octave2" Health check passed, current temperature 60
2024-10-09 15:44:02,391 - qm - INFO     - Octave "octave3" Health check passed, current temperature 57
2024-10-09 15:44:03,128 - qm - INFO     - Octave "octave4" Health check passed, current temperature 58
2024-10-09 15:44:04,069 - qm - INFO     - Octave "octave5" Health check passed, current temperature 59
2024-10-09 15:44:04,888 - qm - INFO     - Octave "octave6" Health check passed, current temperature 58
2024-10-09 15:44:04,888 - qm - INFO     - Performing health check
2024-10-09 15:44:04,907 - qm - WARNING  - Health check warning: Inter-OPX connectivity issues in OPX: con1. Missing ports are: 12, 11, 10, 9. See QM-App for more info.
2024-10-09 15:44:04,907 - qm - WARNING  - Health check warning: Inter-OPX connectivity issues in OPX: con2. Missing ports are: 12, 11, 10, 9. See QM-App for more info.
2024-10-09 15:44:04,907 - qm - WARNING  - Health check warning: Inter-OPX connectivity issues in OPX: con3. Missing ports are: 12, 11, 10, 9. See QM-App for more info.
2024-10-09 15:44:04,907 - qm - WARNING  - Health check warning: Inter-OPX connectivity issues in OPX: con4. Missing ports are: 12, 11, 10, 9. See QM-App for more info.
2024-10-09 15:44:04,907 - qm - WARNING  - Health check warning: Inter-OPX connectivity issues in OPX: con5. Missing ports are: 12, 11, 10, 9. See QM-App for more info.
2024-10-09 15:44:04,907 - qm - WARNING  - Health check warning: Inter-OPX connectivity issues in OPX: con6. Missing ports are: 12, 11, 10, 9. See QM-App for more info.
2024-10-09 15:44:04,907 - qm - WARNING  - Health check warning: Inter-OPX connectivity issues in OPX: con7. Missing ports are: 12, 11, 10, 9. See QM-App for more info.
2024-10-09 15:44:04,907 - qm - WARNING  - Health check warning: Inter-OPX connectivity issues in OPX: con8. Missing ports are: 12, 11, 10, 9. See QM-App for more info.
2024-10-09 15:44:04,907 - qm - WARNING  - Health check warning: Inter-OPX connectivity issues in OPX: con9. Missing ports are: 12, 11, 10, 9. See QM-App for more info.
2024-10-09 15:44:04,907 - qm - INFO     - Health check passed
Connected to: Rohde&Schwarz SGS100A (serial:1416.0505k02/114167, firmware:4.2.76.0-4.30.046.295) in 0.18s
Connected to: Rohde&Schwarz SGS100A (serial:1416.0505k02/114164, firmware:4.2.76.0-4.30.046.295) in 0.14s
2024-10-09 15:44:06,937 - qm - INFO     - Sending program to QOP for compilation
2024-10-09 15:44:07,151 - qm - INFO     - Executing program
2024-10-09 15:44:10,399 - qm - INFO     - Sending program to QOP for compilation
2024-10-09 15:44:10,543 - qm - INFO     - Executing program
2024-10-09 15:44:13,454 - qm - INFO     - Sending program to QOP for compilation
2024-10-09 15:44:13,668 - qm - INFO     - Executing program
2024-10-09 15:44:16,069 - qm - INFO     - Sending program to QOP for compilation
2024-10-09 15:44:16,285 - qm - INFO     - Executing program
2024-10-09 15:44:18,810 - qm - INFO     - Sending program to QOP for compilation
2024-10-09 15:44:19,055 - qm - INFO     - Executing program
2024-10-09 15:44:21,360 - qm - INFO     - Sending program to QOP for compilation
2024-10-09 15:44:21,508 - qm - INFO     - Executing program
2024-10-09 15:44:24,806 - qm - INFO     - Sending program to QOP for compilation
2024-10-09 15:44:25,025 - qm - INFO     - Executing program
2024-10-09 15:44:27,656 - qm - INFO     - Sending program to QOP for compilation
2024-10-09 15:44:27,805 - qm - INFO     - Executing program
2024-10-09 15:44:30,103 - qm - INFO     - Sending program to QOP for compilation
2024-10-09 15:44:30,250 - qm - INFO     - Executing program
2024-10-09 15:44:33,531 - qm - INFO     - Sending program to QOP for compilation
2024-10-09 15:44:33,749 - qm - INFO     - Executing program
2024-10-09 15:44:36,424 - qm - INFO     - Sending program to QOP for compilation
2024-10-09 15:44:36,644 - qm - INFO     - Executing program
2024-10-09 15:44:38,815 - qm - INFO     - Sending program to QOP for compilation
2024-10-09 15:44:39,023 - qm - INFO     - Executing program
2024-10-09 15:44:41,602 - qm - INFO     - Sending program to QOP for compilation
2024-10-09 15:44:41,819 - qm - INFO     - Executing program
2024-10-09 15:44:44,112 - qm - INFO     - Sending program to QOP for compilation
2024-10-09 15:44:44,333 - qm - INFO     - Executing program
2024-10-09 15:44:46,860 - qm - INFO     - Sending program to QOP for compilation
2024-10-09 15:44:47,080 - qm - INFO     - Executing program
2024-10-09 15:44:49,393 - qm - INFO     - Sending program to QOP for compilation
2024-10-09 15:44:49,606 - qm - INFO     - Executing program
Traceback (most recent call last):
  File "/nfs/users/elisa.stabilini/optimization/rb_optimization.py", line 86, in <module>
    test_rb_optimization(e, target, method, init_guess, scale, bounds)
  File "/nfs/users/elisa.stabilini/optimization/rb_optimization.py", line 47, in test_rb_optimization
    res = minimize(objective, init_guess, args=(executor, target, scale), method=method, tol=1e-3, maxiter = 1, bounds = bounds)
TypeError: minimize() got an unexpected keyword argument 'maxiter'
